#
# A fatal error has been detected by the Java Runtime Environment:
#
#  SIGSEGV (0xb) at pc=0x0000000040a15ddc, pid=11578, tid=139919317661440
#
# JRE version: Java(TM) SE Runtime Environment (7.0_51-b13) (build 1.7.0_51-b13)
# Java VM: Java HotSpot(TM) 64-Bit Server VM (24.51-b03 mixed mode linux-amd64 compressed oops)
# Problematic frame:
# C  0x0000000040a15ddc
#
# Failed to write core dump. Core dumps have been disabled. To enable core dumping, try "ulimit -c unlimited" before starting Java again
#
# If you would like to submit a bug report, please visit:
#   http://bugreport.sun.com/bugreport/crash.jsp
# The crash happened outside the Java Virtual Machine in native code.
# See problematic frame for where to report the bug.
#

---------------  T H R E A D  ---------------

Current thread (0x00000000015e6000):  JavaThread "main" [_thread_in_native, id=11581, stack(0x00007f418129f000,0x00007f41813a0000)]

siginfo:si_signo=SIGSEGV: si_errno=0, si_code=1 (SEGV_MAPERR), si_addr=0x00000000024c8118

Registers:
RAX=0x00007f416e07432c, RBX=0x0000000041382000, RCX=0x00000000000001f3, RDX=0x00000000024c5414
RSP=0x00007f418139e4f8, RBP=0x00000000024c544c, RSI=0x00000000024c8118, RDI=0x00000000000005d9
R8 =0x0000000000000000, R9 =0x0000000000000000, R10=0x00000000413ea568, R11=0x00000000024c544c
R12=0x0000000000000000, R13=0x00000000024c5410, R14=0x0000000000000003, R15=0x00000000000000aa
RIP=0x0000000040a15ddc, EFLAGS=0x0000000000010206, CSGSFS=0x0000000000000033, ERR=0x0000000000000004
  TRAPNO=0x000000000000000e

Top of Stack: (sp=0x00007f418139e4f8)
0x00007f418139e4f8:   0000000041382000 00007f416e074328
0x00007f418139e508:   000000000000000f 0000000041382000
0x00007f418139e518:   00007f416fefcdca 0000000400000004
0x00007f418139e528:   0000000040a15d80 00000000015e6000
0x00007f418139e538:   0000000041382000 00000000413c8d1c
0x00007f418139e548:   0000000041382000 00000000ffffffff
0x00007f418139e558:   00007f416e33c010 000000000000000f
0x00007f418139e568:   00007f416ff04730 00000000015e6000
0x00007f418139e578:   00007f418139e5e0 0000140500000000
0x00007f418139e588:   0000000400000000 00000000d03d7480
0x00007f418139e598:   00000000015e6000 00007f418139e5f0
0x00007f418139e5a8:   00007f417b75f1a6 00000000f4800d20
0x00007f418139e5b8:   0000000041382000 00000000413be048
0x00007f418139e5c8:   0000000000000004 000000000000000f
0x00007f418139e5d8:   0000000000001405 00000000024c5410
0x00007f418139e5e8:   00007f416fbb49a4 00000000024c5410
0x00007f418139e5f8:   00000000d01a86b8 00007f418139e680
0x00007f418139e608:   0000000000000000 00007f418139e6d8
0x00007f418139e618:   00007f418139e668 00000000015e6000
0x00007f418139e628:   00007f417b786e28 00007f41712edf40
0x00007f418139e638:   00007f417b765ed1 0000000000000011
0x00007f418139e648:   00007f417b765ed1 0000000000000000
0x00007f418139e658:   00007f417b79a9db 0000000000000000
0x00007f418139e668:   00000000f4850010 00000000f34e8d58
0x00007f418139e678:   000000087b780954 0000000000000010
0x00007f418139e688:   00007f417b78b46c 0000000000000004
0x00007f418139e698:   00000000f34e8d20 00007f41712edf40
0x00007f418139e6a8:   00000000d03d7620 00007f418139e728
0x00007f418139e6b8:   00007f417b670058 00007f418139e728
0x00007f418139e6c8:   00007f417b670058 00007f417b670058
0x00007f418139e6d8:   00000000f34e8d20 0000000000000004
0x00007f418139e6e8:   00007f418139e6e8 00000000d03b958c 

Instructions: (pc=0x0000000040a15ddc)
0x0000000040a15dbc:   41 03 0a 48 83 c2 04 48 be 98 90 3c 41 00 00 00
0x0000000040a15dcc:   00 48 8b 36 48 8b 76 08 48 8d 3c 49 48 8d 34 fe
0x0000000040a15ddc:   f2 0f 5a 06 f2 0f 5a 4e 08 f2 0f 5a 56 10 f3 0f
0x0000000040a15dec:   11 00 f3 0f 11 48 04 f3 0f 11 50 08 48 83 c0 0c 

Register to memory mapping:

RAX=0x00007f416e07432c is an unknown value
RBX=0x0000000041382000 is an unknown value
RCX=0x00000000000001f3 is an unknown value
RDX=0x00000000024c5414 is an unknown value
RSP=0x00007f418139e4f8 is pointing into the stack for thread: 0x00000000015e6000
RBP=0x00000000024c544c is an unknown value
RSI=0x00000000024c8118 is an unknown value
RDI=0x00000000000005d9 is an unknown value
R8 =0x0000000000000000 is an unknown value
R9 =0x0000000000000000 is an unknown value
R10=0x00000000413ea568 is an unknown value
R11=0x00000000024c544c is an unknown value
R12=0x0000000000000000 is an unknown value
R13=0x00000000024c5410 is an unknown value
R14=0x0000000000000003 is an unknown value
R15=0x00000000000000aa is an unknown value


Stack: [0x00007f418129f000,0x00007f41813a0000],  sp=0x00007f418139e4f8,  free space=1021k
Native frames: (J=compiled Java code, j=interpreted, Vv=VM code, C=native code)
C  0x0000000040a15ddc

Java frames: (J=compiled Java code, j=interpreted, Vv=VM code)
J  org.lwjgl.opengl.GL11.nglDrawElements(IIIJJ)V
J  org.lwjgl.opengl.GL11.glDrawElements(ILjava/nio/IntBuffer;)V
j  net.stinfoservices.helias.renaud.tempest.tools.Image3D.render(I)Z+68
j  net.stinfoservices.helias.renaud.tempest.agent.Circle3DRenderer.render(I)Z+214
j  net.stinfoservices.helias.renaud.tempest.agent.projectile.Missile3D.render(I)Z+22
J  net.stinfoservices.helias.renaud.tempest.TempestMain.matrixUpdate()V
j  net.stinfoservices.helias.renaud.tempest.TempestMain.start()V+204
j  net.stinfoservices.helias.renaud.tempest.TempestMain.main([Ljava/lang/String;)V+9
v  ~StubRoutines::call_stub

---------------  P R O C E S S  ---------------

Java Threads: ( => current thread )
  0x0000000001866000 JavaThread "process reaper" daemon [_thread_blocked, id=11602, stack(0x00007f417807f000,0x00007f41780b8000)]
  0x0000000001841800 JavaThread "AWT-EventQueue-0" [_thread_blocked, id=11599, stack(0x00007f4172234000,0x00007f4172335000)]
  0x000000000183f800 JavaThread "AWT-Shutdown" [_thread_blocked, id=11598, stack(0x00007f4172335000,0x00007f4172436000)]
  0x00000000017b0800 JavaThread "AWT-XAWT" daemon [_thread_in_native, id=11597, stack(0x00007f4172436000,0x00007f4172537000)]
  0x000000000178e800 JavaThread "Java2D Disposer" daemon [_thread_blocked, id=11596, stack(0x00007f41780e9000,0x00007f41781ea000)]
  0x000000000167c800 JavaThread "Service Thread" daemon [_thread_blocked, id=11593, stack(0x00007f4178323000,0x00007f4178424000)]
  0x0000000001671800 JavaThread "C2 CompilerThread1" daemon [_thread_blocked, id=11592, stack(0x00007f4178424000,0x00007f4178525000)]
  0x000000000166e800 JavaThread "C2 CompilerThread0" daemon [_thread_blocked, id=11591, stack(0x00007f4178525000,0x00007f4178626000)]
  0x0000000001664800 JavaThread "Signal Dispatcher" daemon [_thread_blocked, id=11590, stack(0x00007f4178626000,0x00007f4178727000)]
  0x0000000001647800 JavaThread "Finalizer" daemon [_thread_blocked, id=11589, stack(0x00007f417889e000,0x00007f417899f000)]
  0x0000000001643800 JavaThread "Reference Handler" daemon [_thread_blocked, id=11588, stack(0x00007f417899f000,0x00007f4178aa0000)]
=>0x00000000015e6000 JavaThread "main" [_thread_in_native, id=11581, stack(0x00007f418129f000,0x00007f41813a0000)]

Other Threads:
  0x0000000001641000 VMThread [stack: 0x00007f4178aa0000,0x00007f4178ba1000] [id=11587]
  0x0000000001687000 WatcherThread [stack: 0x00007f4178222000,0x00007f4178323000] [id=11594]

VM state:not at safepoint (normal execution)

VM Mutex/Monitor currently owned by a thread: None

Heap
 PSYoungGen      total 48640K, used 30639K [0x00000000f1880000, 0x00000000f4980000, 0x0000000100000000)
  eden space 47104K, 61% used [0x00000000f1880000,0x00000000f34eee50,0x00000000f4680000)
  from space 1536K, 99% used [0x00000000f4800000,0x00000000f497d010,0x00000000f4980000)
  to   space 1536K, 0% used [0x00000000f4680000,0x00000000f4680000,0x00000000f4800000)
 ParOldGen       total 29184K, used 16514K [0x00000000d4a00000, 0x00000000d6680000, 0x00000000f1880000)
  object space 29184K, 56% used [0x00000000d4a00000,0x00000000d5a209d0,0x00000000d6680000)
 PSPermGen       total 21504K, used 12125K [0x00000000cf800000, 0x00000000d0d00000, 0x00000000d4a00000)
  object space 21504K, 56% used [0x00000000cf800000,0x00000000d03d7640,0x00000000d0d00000)

Card table byte_map: [0x00007f417b4e5000,0x00007f417b66a000] byte_map_base: 0x00007f417ae69000

Polling page: 0x00007f41813c4000

Code Cache  [0x00007f417b66a000, 0x00007f417b8da000, 0x00007f417e66a000)
 total_blobs=810 nmethods=271 adapters=493 free_code_cache=47906Kb largest_free_block=49019072

Compilation events (10 events):
Event: 5,347 Thread 0x0000000001671800 nmethod 268 0x00007f417b79a190 code [0x00007f417b79a3c0, 0x00007f417b79aed8]
Event: 5,448 Thread 0x0000000001671800  269  s          net.stinfoservices.helias.renaud.tempest.level.Level3D::step (106 bytes)
Event: 5,482 Thread 0x0000000001671800 nmethod 269 0x00007f417b791f50 code [0x00007f417b792160, 0x00007f417b792980]
Event: 5,482 Thread 0x0000000001671800  270             net.stinfoservices.helias.renaud.tempest.level.Level3D::impactFriendsMonsters (249 bytes)
Event: 5,514 Thread 0x000000000166e800 nmethod 260 0x00007f417b79f490 code [0x00007f417b79fcc0, 0x00007f417b7a2dd0]
Event: 5,515 Thread 0x000000000166e800  271             net.stinfoservices.helias.renaud.tempest.level.Level3D::killFriends (56 bytes)
Event: 5,521 Thread 0x000000000166e800 nmethod 271 0x00007f417b6e8250 code [0x00007f417b6e83c0, 0x00007f417b6e86b8]
Event: 5,541 Thread 0x0000000001671800 nmethod 270 0x00007f417b79dc50 code [0x00007f417b79de80, 0x00007f417b79e8c8]
Event: 5,659 Thread 0x000000000166e800  272             org.lwjgl.opengl.Sync$RunningAvg::avg (37 bytes)
Event: 5,663 Thread 0x000000000166e800 nmethod 272 0x00007f417b6e7ed0 code [0x00007f417b6e8020, 0x00007f417b6e8158]

GC Heap History (8 events):
Event: 1,676 GC heap before
{Heap before GC invocations=1 (full 0):
 PSYoungGen      total 13312K, used 9005K [0x00000000f1880000, 0x00000000f2700000, 0x0000000100000000)
  eden space 11776K, 76% used [0x00000000f1880000,0x00000000f214b490,0x00000000f2400000)
  from space 1536K, 0% used [0x00000000f2580000,0x00000000f2580000,0x00000000f2700000)
  to   space 1536K, 0% used [0x00000000f2400000,0x00000000f2400000,0x00000000f2580000)
 ParOldGen       total 29184K, used 0K [0x00000000d4a00000, 0x00000000d6680000, 0x00000000f1880000)
  object space 29184K, 0% used [0x00000000d4a00000,0x00000000d4a00000,0x00000000d6680000)
 PSPermGen       total 21504K, used 11178K [0x00000000cf800000, 0x00000000d0d00000, 0x00000000d4a00000)
  object space 21504K, 51% used [0x00000000cf800000,0x00000000d02ea988,0x00000000d0d00000)
Event: 1,702 GC heap after
Heap after GC invocations=1 (full 0):
 PSYoungGen      total 13312K, used 1522K [0x00000000f1880000, 0x00000000f3280000, 0x0000000100000000)
  eden space 11776K, 0% used [0x00000000f1880000,0x00000000f1880000,0x00000000f2400000)
  from space 1536K, 99% used [0x00000000f2400000,0x00000000f257c830,0x00000000f2580000)
  to   space 1536K, 0% used [0x00000000f3100000,0x00000000f3100000,0x00000000f3280000)
 ParOldGen       total 29184K, used 4048K [0x00000000d4a00000, 0x00000000d6680000, 0x00000000f1880000)
  object space 29184K, 13% used [0x00000000d4a00000,0x00000000d4df4238,0x00000000d6680000)
 PSPermGen       total 21504K, used 11178K [0x00000000cf800000, 0x00000000d0d00000, 0x00000000d4a00000)
  object space 21504K, 51% used [0x00000000cf800000,0x00000000d02ea988,0x00000000d0d00000)
}
Event: 1,921 GC heap before
{Heap before GC invocations=2 (full 0):
 PSYoungGen      total 13312K, used 13298K [0x00000000f1880000, 0x00000000f3280000, 0x0000000100000000)
  eden space 11776K, 100% used [0x00000000f1880000,0x00000000f2400000,0x00000000f2400000)
  from space 1536K, 99% used [0x00000000f2400000,0x00000000f257c830,0x00000000f2580000)
  to   space 1536K, 0% used [0x00000000f3100000,0x00000000f3100000,0x00000000f3280000)
 ParOldGen       total 29184K, used 4048K [0x00000000d4a00000, 0x00000000d6680000, 0x00000000f1880000)
  object space 29184K, 13% used [0x00000000d4a00000,0x00000000d4df4238,0x00000000d6680000)
 PSPermGen       total 21504K, used 11179K [0x00000000cf800000, 0x00000000d0d00000, 0x00000000d4a00000)
  object space 21504K, 51% used [0x00000000cf800000,0x00000000d02eafa0,0x00000000d0d00000)
Event: 1,933 GC heap after
Heap after GC invocations=2 (full 0):
 PSYoungGen      total 25088K, used 1525K [0x00000000f1880000, 0x00000000f3280000, 0x0000000100000000)
  eden space 23552K, 0% used [0x00000000f1880000,0x00000000f1880000,0x00000000f2f80000)
  from space 1536K, 99% used [0x00000000f3100000,0x00000000f327d450,0x00000000f3280000)
  to   space 1536K, 0% used [0x00000000f2f80000,0x00000000f2f80000,0x00000000f3100000)
 ParOldGen       total 29184K, used 8898K [0x00000000d4a00000, 0x00000000d6680000, 0x00000000f1880000)
  object space 29184K, 30% used [0x00000000d4a00000,0x00000000d52b0ac8,0x00000000d6680000)
 PSPermGen       total 21504K, used 11179K [0x00000000cf800000, 0x00000000d0d00000, 0x00000000d4a00000)
  object space 21504K, 51% used [0x00000000cf800000,0x00000000d02eafa0,0x00000000d0d00000)
}
Event: 3,214 GC heap before
{Heap before GC invocations=3 (full 0):
 PSYoungGen      total 25088K, used 24667K [0x00000000f1880000, 0x00000000f3280000, 0x0000000100000000)
  eden space 23552K, 98% used [0x00000000f1880000,0x00000000f2f19b10,0x00000000f2f80000)
  from space 1536K, 99% used [0x00000000f3100000,0x00000000f327d450,0x00000000f3280000)
  to   space 1536K, 0% used [0x00000000f2f80000,0x00000000f2f80000,0x00000000f3100000)
 ParOldGen       total 29184K, used 8898K [0x00000000d4a00000, 0x00000000d6680000, 0x00000000f1880000)
  object space 29184K, 30% used [0x00000000d4a00000,0x00000000d52b0ac8,0x00000000d6680000)
 PSPermGen       total 21504K, used 11852K [0x00000000cf800000, 0x00000000d0d00000, 0x00000000d4a00000)
  object space 21504K, 55% used [0x00000000cf800000,0x00000000d0393010,0x00000000d0d00000)
Event: 3,227 GC heap after
Heap after GC invocations=3 (full 0):
 PSYoungGen      total 25088K, used 1527K [0x00000000f1880000, 0x00000000f4980000, 0x0000000100000000)
  eden space 23552K, 0% used [0x00000000f1880000,0x00000000f1880000,0x00000000f2f80000)
  from space 1536K, 99% used [0x00000000f2f80000,0x00000000f30fdc40,0x00000000f3100000)
  to   space 1536K, 0% used [0x00000000f4800000,0x00000000f4800000,0x00000000f4980000)
 ParOldGen       total 29184K, used 12836K [0x00000000d4a00000, 0x00000000d6680000, 0x00000000f1880000)
  object space 29184K, 43% used [0x00000000d4a00000,0x00000000d56892f0,0x00000000d6680000)
 PSPermGen       total 21504K, used 11852K [0x00000000cf800000, 0x00000000d0d00000, 0x00000000d4a00000)
  object space 21504K, 55% used [0x00000000cf800000,0x00000000d0393010,0x00000000d0d00000)
}
Event: 3,813 GC heap before
{Heap before GC invocations=4 (full 0):
 PSYoungGen      total 25088K, used 24594K [0x00000000f1880000, 0x00000000f4980000, 0x0000000100000000)
  eden space 23552K, 97% used [0x00000000f1880000,0x00000000f2f06f60,0x00000000f2f80000)
  from space 1536K, 99% used [0x00000000f2f80000,0x00000000f30fdc40,0x00000000f3100000)
  to   space 1536K, 0% used [0x00000000f4800000,0x00000000f4800000,0x00000000f4980000)
 ParOldGen       total 29184K, used 12836K [0x00000000d4a00000, 0x00000000d6680000, 0x00000000f1880000)
  object space 29184K, 43% used [0x00000000d4a00000,0x00000000d56892f0,0x00000000d6680000)
 PSPermGen       total 21504K, used 11876K [0x00000000cf800000, 0x00000000d0d00000, 0x00000000d4a00000)
  object space 21504K, 55% used [0x00000000cf800000,0x00000000d03991b0,0x00000000d0d00000)
Event: 3,832 GC heap after
Heap after GC invocations=4 (full 0):
 PSYoungGen      total 48640K, used 1524K [0x00000000f1880000, 0x00000000f4980000, 0x0000000100000000)
  eden space 47104K, 0% used [0x00000000f1880000,0x00000000f1880000,0x00000000f4680000)
  from space 1536K, 99% used [0x00000000f4800000,0x00000000f497d010,0x00000000f4980000)
  to   space 1536K, 0% used [0x00000000f4680000,0x00000000f4680000,0x00000000f4800000)
 ParOldGen       total 29184K, used 16514K [0x00000000d4a00000, 0x00000000d6680000, 0x00000000f1880000)
  object space 29184K, 56% used [0x00000000d4a00000,0x00000000d5a209d0,0x00000000d6680000)
 PSPermGen       total 21504K, used 11876K [0x00000000cf800000, 0x00000000d0d00000, 0x00000000d4a00000)
  object space 21504K, 55% used [0x00000000cf800000,0x00000000d03991b0,0x00000000d0d00000)
}

Deoptimization events (9 events):
Event: 0,783 Thread 0x0000000001841800 Uncommon trap: reason=class_check action=maybe_recompile pc=0x00007f417b6e85a8 method=java.util.Properties$LineReader.readLine()I @ 62
Event: 0,787 Thread 0x0000000001841800 Uncommon trap: reason=class_check action=maybe_recompile pc=0x00007f417b6e85a8 method=java.util.Properties$LineReader.readLine()I @ 62
Event: 0,792 Thread 0x0000000001841800 Uncommon trap: reason=class_check action=maybe_recompile pc=0x00007f417b6e85a8 method=java.util.Properties$LineReader.readLine()I @ 62
Event: 0,792 Thread 0x0000000001841800 Uncommon trap: reason=class_check action=maybe_recompile pc=0x00007f417b6e85a8 method=java.util.Properties$LineReader.readLine()I @ 62
Event: 2,299 Thread 0x00000000015e6000 Uncommon trap: reason=unreached action=reinterpret pc=0x00007f417b70a5bc method=com.jcraft.jogg.StreamState.init(I)V @ 59
Event: 2,794 Thread 0x00000000015e6000 Uncommon trap: reason=class_check action=maybe_recompile pc=0x00007f417b72fed0 method=com.jcraft.jorbis.Mapping0.inverse(Lcom/jcraft/jorbis/Block;Ljava/lang/Object;)I @ 459
Event: 2,795 Thread 0x00000000015e6000 Uncommon trap: reason=class_check action=maybe_recompile pc=0x00007f417b72fed0 method=com.jcraft.jorbis.Mapping0.inverse(Lcom/jcraft/jorbis/Block;Ljava/lang/Object;)I @ 459
Event: 2,806 Thread 0x00000000015e6000 Uncommon trap: reason=class_check action=maybe_recompile pc=0x00007f417b72fed0 method=com.jcraft.jorbis.Mapping0.inverse(Lcom/jcraft/jorbis/Block;Ljava/lang/Object;)I @ 459
Event: 2,807 Thread 0x00000000015e6000 Uncommon trap: reason=class_check action=maybe_recompile pc=0x00007f417b72fed0 method=com.jcraft.jorbis.Mapping0.inverse(Lcom/jcraft/jorbis/Block;Ljava/lang/Object;)I @ 459

Internal exceptions (10 events):
Event: 3,915 Thread 0x00000000015e6000 Threw 0x00000000f19749d8 at /HUDSON/workspace/7u-2-build-linux-amd64@2/jdk7u51/527/hotspot/src/share/vm/prims/jvm.cpp:1244
Event: 3,915 Thread 0x00000000015e6000 Threw 0x00000000f19776c0 at /HUDSON/workspace/7u-2-build-linux-amd64@2/jdk7u51/527/hotspot/src/share/vm/prims/jvm.cpp:1244
Event: 3,917 Thread 0x00000000015e6000 Threw 0x00000000f1979968 at /HUDSON/workspace/7u-2-build-linux-amd64@2/jdk7u51/527/hotspot/src/share/vm/prims/jvm.cpp:1244
Event: 3,918 Thread 0x00000000015e6000 Threw 0x00000000f197d520 at /HUDSON/workspace/7u-2-build-linux-amd64@2/jdk7u51/527/hotspot/src/share/vm/prims/jvm.cpp:1244
Event: 3,919 Thread 0x00000000015e6000 Threw 0x00000000f197f308 at /HUDSON/workspace/7u-2-build-linux-amd64@2/jdk7u51/527/hotspot/src/share/vm/prims/jvm.cpp:1244
Event: 3,920 Thread 0x00000000015e6000 Threw 0x00000000f1984790 at /HUDSON/workspace/7u-2-build-linux-amd64@2/jdk7u51/527/hotspot/src/share/vm/prims/jvm.cpp:1244
Event: 3,923 Thread 0x00000000015e6000 Threw 0x00000000f1992840 at /HUDSON/workspace/7u-2-build-linux-amd64@2/jdk7u51/527/hotspot/src/share/vm/prims/jvm.cpp:1244
Event: 3,961 Thread 0x00000000015e6000 Threw 0x00000000f19c4ee8 at /HUDSON/workspace/7u-2-build-linux-amd64@2/jdk7u51/527/hotspot/src/share/vm/prims/jvm.cpp:1244
Event: 4,269 Thread 0x00000000015e6000 Threw 0x00000000f1afc568 at /HUDSON/workspace/7u-2-build-linux-amd64@2/jdk7u51/527/hotspot/src/share/vm/prims/jvm.cpp:1244
Event: 4,270 Thread 0x00000000015e6000 Threw 0x00000000f1b000f0 at /HUDSON/workspace/7u-2-build-linux-amd64@2/jdk7u51/527/hotspot/src/share/vm/prims/jvm.cpp:1244

Events (10 events):
Event: 4,262 Executing VM operation: EnableBiasedLocking done
Event: 4,269 loading class 0x0000000001853a10
Event: 4,269 loading class 0x0000000001853a10 done
Event: 4,270 loading class 0x0000000001dc1da0
Event: 4,270 loading class 0x0000000001dc1da0 done
Event: 4,422 loading class 0x00007f41797b8ae0
Event: 4,422 loading class 0x00007f41797b8ae0 done
Event: 4,591 loading class 0x00007f41797dfd30
Event: 4,591 loading class 0x00007f41797dfd30 done
Event: 5,270 Thread 0x0000000001671800 flushing nmethod 0x00007f417b6e7dd0


Dynamic libraries:
00400000-00401000 r-xp 00000000 08:01 8665165                            /usr/java/jdk1.7.0_51/bin/java
00600000-00601000 rw-p 00000000 08:01 8665165                            /usr/java/jdk1.7.0_51/bin/java
015da000-024c8000 rw-p 00000000 00:00 0                                  [heap]
40a14000-40a16000 r-xs 00000000 08:01 7471800                            /tmp/glJV2MtM (deleted)
41382000-41400000 rw-p 00000000 00:00 0 
cf800000-d0d00000 rw-p 00000000 00:00 0 
d0d00000-d4a00000 rw-p 00000000 00:00 0 
d4a00000-d6680000 rw-p 00000000 00:00 0 
d6680000-f1880000 rw-p 00000000 00:00 0 
f1880000-f4980000 rw-p 00000000 00:00 0 
f4980000-100000000 rw-p 00000000 00:00 0 
7f41659b2000-7f4165db2000 rw-s 14c0a000 00:05 6413                       /dev/nvidia0
7f4165db2000-7f41661b2000 rw-s 0c4b5000 00:05 6413                       /dev/nvidia0
7f41661b2000-7f41661b3000 ---p 00000000 00:00 0 
7f41661b3000-7f41662b3000 rw-p 00000000 00:00 0 
7f41662b3000-7f416a2b4000 rw-s 00000000 00:11 33928                      /run/shm/pulse-shm-2979108458
7f416a2b4000-7f416a2b5000 ---p 00000000 00:00 0 
7f416a2b5000-7f416aab5000 rw-p 00000000 00:00 0 
7f416aab5000-7f416aac8000 r-xp 00000000 08:01 10749060                   /lib/x86_64-linux-gnu/libresolv-2.13.so
7f416aac8000-7f416acc7000 ---p 00013000 08:01 10749060                   /lib/x86_64-linux-gnu/libresolv-2.13.so
7f416acc7000-7f416acc8000 r--p 00012000 08:01 10749060                   /lib/x86_64-linux-gnu/libresolv-2.13.so
7f416acc8000-7f416acc9000 rw-p 00013000 08:01 10749060                   /lib/x86_64-linux-gnu/libresolv-2.13.so
7f416acc9000-7f416accb000 rw-p 00000000 00:00 0 
7f416accb000-7f416acd1000 r-xp 00000000 08:01 8659035                    /usr/lib/x86_64-linux-gnu/libogg.so.0.8.0
7f416acd1000-7f416aed0000 ---p 00006000 08:01 8659035                    /usr/lib/x86_64-linux-gnu/libogg.so.0.8.0
7f416aed0000-7f416aed1000 rw-p 00005000 08:01 8659035                    /usr/lib/x86_64-linux-gnu/libogg.so.0.8.0
7f416aed1000-7f416aefd000 r-xp 00000000 08:01 8659039                    /usr/lib/x86_64-linux-gnu/libvorbis.so.0.4.5
7f416aefd000-7f416b0fc000 ---p 0002c000 08:01 8659039                    /usr/lib/x86_64-linux-gnu/libvorbis.so.0.4.5
7f416b0fc000-7f416b0fd000 r--p 0002b000 08:01 8659039                    /usr/lib/x86_64-linux-gnu/libvorbis.so.0.4.5
7f416b0fd000-7f416b0fe000 rw-p 0002c000 08:01 8659039                    /usr/lib/x86_64-linux-gnu/libvorbis.so.0.4.5
7f416b0fe000-7f416b3b1000 r-xp 00000000 08:01 8661037                    /usr/lib/x86_64-linux-gnu/libvorbisenc.so.2.0.8
7f416b3b1000-7f416b5b0000 ---p 002b3000 08:01 8661037                    /usr/lib/x86_64-linux-gnu/libvorbisenc.so.2.0.8
7f416b5b0000-7f416b5cc000 r--p 002b2000 08:01 8661037                    /usr/lib/x86_64-linux-gnu/libvorbisenc.so.2.0.8
7f416b5cc000-7f416b5cd000 rw-p 002ce000 08:01 8661037                    /usr/lib/x86_64-linux-gnu/libvorbisenc.so.2.0.8
7f416b5cd000-7f416b618000 r-xp 00000000 08:01 8661035                    /usr/lib/x86_64-linux-gnu/libFLAC.so.8.2.0
7f416b618000-7f416b817000 ---p 0004b000 08:01 8661035                    /usr/lib/x86_64-linux-gnu/libFLAC.so.8.2.0
7f416b817000-7f416b818000 r--p 0004a000 08:01 8661035                    /usr/lib/x86_64-linux-gnu/libFLAC.so.8.2.0
7f416b818000-7f416b819000 rw-p 0004b000 08:01 8661035                    /usr/lib/x86_64-linux-gnu/libFLAC.so.8.2.0
7f416b819000-7f416b81d000 r-xp 00000000 08:01 10747973                   /lib/x86_64-linux-gnu/libuuid.so.1.3.0
7f416b81d000-7f416ba1c000 ---p 00004000 08:01 10747973                   /lib/x86_64-linux-gnu/libuuid.so.1.3.0
7f416ba1c000-7f416ba1d000 r--p 00003000 08:01 10747973                   /lib/x86_64-linux-gnu/libuuid.so.1.3.0
7f416ba1d000-7f416ba1e000 rw-p 00004000 08:01 10747973                   /lib/x86_64-linux-gnu/libuuid.so.1.3.0
7f416ba1e000-7f416ba22000 r-xp 00000000 08:01 10747932                   /lib/x86_64-linux-gnu/libattr.so.1.1.0
7f416ba22000-7f416bc21000 ---p 00004000 08:01 10747932                   /lib/x86_64-linux-gnu/libattr.so.1.1.0
7f416bc21000-7f416bc22000 r--p 00003000 08:01 10747932                   /lib/x86_64-linux-gnu/libattr.so.1.1.0
7f416bc22000-7f416bc23000 rw-p 00004000 08:01 10747932                   /lib/x86_64-linux-gnu/libattr.so.1.1.0
7f416bc23000-7f416bc28000 r-xp 00000000 08:01 8661033                    /usr/lib/x86_64-linux-gnu/libasyncns.so.0.3.1
7f416bc28000-7f416be27000 ---p 00005000 08:01 8661033                    /usr/lib/x86_64-linux-gnu/libasyncns.so.0.3.1
7f416be27000-7f416be28000 rw-p 00004000 08:01 8661033                    /usr/lib/x86_64-linux-gnu/libasyncns.so.0.3.1
7f416be28000-7f416be89000 r-xp 00000000 08:01 8661039                    /usr/lib/x86_64-linux-gnu/libsndfile.so.1.0.25
7f416be89000-7f416c088000 ---p 00061000 08:01 8661039                    /usr/lib/x86_64-linux-gnu/libsndfile.so.1.0.25
7f416c088000-7f416c08a000 r--p 00060000 08:01 8661039                    /usr/lib/x86_64-linux-gnu/libsndfile.so.1.0.25
7f416c08a000-7f416c08b000 rw-p 00062000 08:01 8661039                    /usr/lib/x86_64-linux-gnu/libsndfile.so.1.0.25
7f416c08b000-7f416c08f000 rw-p 00000000 00:00 0 
7f416c08f000-7f416c098000 r-xp 00000000 08:01 10748412                   /lib/x86_64-linux-gnu/libwrap.so.0.7.6
7f416c098000-7f416c297000 ---p 00009000 08:01 10748412                   /lib/x86_64-linux-gnu/libwrap.so.0.7.6
7f416c297000-7f416c298000 r--p 00008000 08:01 10748412                   /lib/x86_64-linux-gnu/libwrap.so.0.7.6
7f416c298000-7f416c299000 rw-p 00009000 08:01 10748412                   /lib/x86_64-linux-gnu/libwrap.so.0.7.6
7f416c299000-7f416c29a000 rw-p 00000000 00:00 0 
7f416c29a000-7f416c2a1000 r-xp 00000000 08:01 8659581                    /usr/lib/x86_64-linux-gnu/libSM.so.6.0.1
7f416c2a1000-7f416c4a0000 ---p 00007000 08:01 8659581                    /usr/lib/x86_64-linux-gnu/libSM.so.6.0.1
7f416c4a0000-7f416c4a1000 rw-p 00006000 08:01 8659581                    /usr/lib/x86_64-linux-gnu/libSM.so.6.0.1
7f416c4a1000-7f416c4b8000 r-xp 00000000 08:01 8659579                    /usr/lib/x86_64-linux-gnu/libICE.so.6.3.0
7f416c4b8000-7f416c6b7000 ---p 00017000 08:01 8659579                    /usr/lib/x86_64-linux-gnu/libICE.so.6.3.0
7f416c6b7000-7f416c6b9000 rw-p 00016000 08:01 8659579                    /usr/lib/x86_64-linux-gnu/libICE.so.6.3.0
7f416c6b9000-7f416c6bc000 rw-p 00000000 00:00 0 
7f416c6bc000-7f416c6bd000 r-xp 00000000 08:01 8657984                    /usr/lib/x86_64-linux-gnu/libX11-xcb.so.1.0.0
7f416c6bd000-7f416c8bc000 ---p 00001000 08:01 8657984                    /usr/lib/x86_64-linux-gnu/libX11-xcb.so.1.0.0
7f416c8bc000-7f416c8bd000 rw-p 00000000 08:01 8657984                    /usr/lib/x86_64-linux-gnu/libX11-xcb.so.1.0.0
7f416c8bd000-7f416c8c1000 r-xp 00000000 08:01 10748393                   /lib/x86_64-linux-gnu/libcap.so.2.22
7f416c8c1000-7f416cac0000 ---p 00004000 08:01 10748393                   /lib/x86_64-linux-gnu/libcap.so.2.22
7f416cac0000-7f416cac1000 rw-p 00003000 08:01 10748393                   /lib/x86_64-linux-gnu/libcap.so.2.22
7f416cac1000-7f416cb05000 r-xp 00000000 08:01 10748416                   /lib/x86_64-linux-gnu/libdbus-1.so.3.7.2
7f416cb05000-7f416cd05000 ---p 00044000 08:01 10748416                   /lib/x86_64-linux-gnu/libdbus-1.so.3.7.2
7f416cd05000-7f416cd06000 r--p 00044000 08:01 10748416                   /lib/x86_64-linux-gnu/libdbus-1.so.3.7.2
7f416cd06000-7f416cd07000 rw-p 00045000 08:01 10748416                   /lib/x86_64-linux-gnu/libdbus-1.so.3.7.2
7f416cd07000-7f416cd68000 r-xp 00000000 08:01 9307022                    /usr/lib/x86_64-linux-gnu/pulseaudio/libpulsecommon-2.0.so
7f416cd68000-7f416cf67000 ---p 00061000 08:01 9307022                    /usr/lib/x86_64-linux-gnu/pulseaudio/libpulsecommon-2.0.so
7f416cf67000-7f416cf68000 r--p 00060000 08:01 9307022                    /usr/lib/x86_64-linux-gnu/pulseaudio/libpulsecommon-2.0.so
7f416cf68000-7f416cf6a000 rw-p 00061000 08:01 9307022                    /usr/lib/x86_64-linux-gnu/pulseaudio/libpulsecommon-2.0.so
7f416cf6a000-7f416cf73000 r-xp 00000000 08:01 10748459                   /lib/x86_64-linux-gnu/libjson.so.0.1.0
7f416cf73000-7f416d172000 ---p 00009000 08:01 10748459                   /lib/x86_64-linux-gnu/libjson.so.0.1.0
7f416d172000-7f416d173000 r--p 00008000 08:01 10748459                   /lib/x86_64-linux-gnu/libjson.so.0.1.0
7f416d173000-7f416d174000 rw-p 00009000 08:01 10748459                   /lib/x86_64-linux-gnu/libjson.so.0.1.0
7f416d174000-7f416d1bd000 r-xp 00000000 08:01 8661041                    /usr/lib/x86_64-linux-gnu/libpulse.so.0.14.2
7f416d1bd000-7f416d3bc000 ---p 00049000 08:01 8661041                    /usr/lib/x86_64-linux-gnu/libpulse.so.0.14.2
7f416d3bc000-7f416d3bd000 r--p 00048000 08:01 8661041                    /usr/lib/x86_64-linux-gnu/libpulse.so.0.14.2
7f416d3bd000-7f416d3be000 rw-p 00049000 08:01 8661041                    /usr/lib/x86_64-linux-gnu/libpulse.so.0.14.2
7f416d3be000-7f416d7be000 rw-s 0c78a000 00:05 6413                       /dev/nvidia0
7f416d7be000-7f416d9be000 rw-s aa65d000 00:05 6413                       /dev/nvidia0
7f416d9be000-7f416dccd000 rw-p 00000000 00:00 0 
7f416dd79000-7f416dd83000 r--p 00000000 08:01 8668005                    /usr/share/locale/fr/LC_MESSAGES/pulseaudio.mo
7f416dd83000-7f416ddd8000 r-xp 00000000 08:01 1185481                    /home/freemac/workspaceLWJGL/Arc2D/libopenal64.so
7f416ddd8000-7f416dfd7000 ---p 00055000 08:01 1185481                    /home/freemac/workspaceLWJGL/Arc2D/libopenal64.so
7f416dfd7000-7f416dfda000 r--p 00054000 08:01 1185481                    /home/freemac/workspaceLWJGL/Arc2D/libopenal64.so
7f416dfda000-7f416dfdb000 rw-p 00057000 08:01 1185481                    /home/freemac/workspaceLWJGL/Arc2D/libopenal64.so
7f416dfdb000-7f416dfdc000 rw-p 00000000 00:00 0 
7f416dfdc000-7f416e1dc000 rw-s 8b844000 00:05 6413                       /dev/nvidia0
7f416e1dc000-7f416e2dc000 rw-s 0c988000 00:05 6413                       /dev/nvidia0
7f416e2dc000-7f416e31c000 rw-s 0ae95000 00:05 6413                       /dev/nvidia0
7f416e33c000-7f416e3da000 rw-p 00000000 00:00 0 
7f416e3da000-7f416e3f7000 rw-s aac6d000 00:05 6413                       /dev/nvidia0
7f416e3f7000-7f416e578000 rw-s 00000000 00:04 2719750                    /SYSV00000000 (deleted)
7f416e578000-7f416e5e0000 r-xp 00000000 08:01 10228464                   /usr/java/jdk1.7.0_51/jre/lib/amd64/libt2k.so
7f416e5e0000-7f416e7e0000 ---p 00068000 08:01 10228464                   /usr/java/jdk1.7.0_51/jre/lib/amd64/libt2k.so
7f416e7e0000-7f416e7e7000 rw-p 00068000 08:01 10228464                   /usr/java/jdk1.7.0_51/jre/lib/amd64/libt2k.so
7f416e7e7000-7f416e7f7000 rw-p 00000000 00:00 0 
7f416e7f7000-7f416e807000 r-xp 00000000 08:01 10228433                   /usr/java/jdk1.7.0_51/jre/lib/amd64/libnio.so
7f416e807000-7f416ea07000 ---p 00010000 08:01 10228433                   /usr/java/jdk1.7.0_51/jre/lib/amd64/libnio.so
7f416ea07000-7f416ea08000 rw-p 00010000 08:01 10228433                   /usr/java/jdk1.7.0_51/jre/lib/amd64/libnio.so
7f416ea08000-7f41703d8000 r-xp 00000000 08:01 8655791                    /usr/lib/x86_64-linux-gnu/libnvidia-glcore.so.304.88
7f41703d8000-7f41705d7000 ---p 019d0000 08:01 8655791                    /usr/lib/x86_64-linux-gnu/libnvidia-glcore.so.304.88
7f41705d7000-7f4170dd8000 rwxp 019cf000 08:01 8655791                    /usr/lib/x86_64-linux-gnu/libnvidia-glcore.so.304.88
7f4170dd8000-7f4170df2000 rwxp 00000000 00:00 0 
7f4170df2000-7f4170df5000 r-xp 00000000 08:01 8655789                    /usr/lib/x86_64-linux-gnu/tls/libnvidia-tls.so.304.88
7f4170df5000-7f4170ff4000 ---p 00003000 08:01 8655789                    /usr/lib/x86_64-linux-gnu/tls/libnvidia-tls.so.304.88
7f4170ff4000-7f4170ff5000 rw-p 00002000 08:01 8655789                    /usr/lib/x86_64-linux-gnu/tls/libnvidia-tls.so.304.88
7f4170ff5000-7f41710bf000 r-xp 00000000 08:01 8655795                    /usr/lib/x86_64-linux-gnu/nvidia/current/libGL.so.304.88
7f41710bf000-7f41712bf000 ---p 000ca000 08:01 8655795                    /usr/lib/x86_64-linux-gnu/nvidia/current/libGL.so.304.88
7f41712bf000-7f41712fc000 rwxp 000ca000 08:01 8655795                    /usr/lib/x86_64-linux-gnu/nvidia/current/libGL.so.304.88
7f41712fc000-7f4171312000 rwxp 00000000 00:00 0 
7f4171312000-7f4171328000 r-xp 00000000 08:01 10228438                   /usr/java/jdk1.7.0_51/jre/lib/amd64/libnet.so
7f4171328000-7f4171528000 ---p 00016000 08:01 10228438                   /usr/java/jdk1.7.0_51/jre/lib/amd64/libnet.so
7f4171528000-7f4171529000 rw-p 00016000 08:01 10228438                   /usr/java/jdk1.7.0_51/jre/lib/amd64/libnet.so
7f4171529000-7f417152d000 r-xp 00000000 08:01 8657992                    /usr/lib/x86_64-linux-gnu/libXxf86vm.so.1.0.0
7f417152d000-7f417172d000 ---p 00004000 08:01 8657992                    /usr/lib/x86_64-linux-gnu/libXxf86vm.so.1.0.0
7f417172d000-7f417172e000 r--p 00004000 08:01 8657992                    /usr/lib/x86_64-linux-gnu/libXxf86vm.so.1.0.0
7f417172e000-7f417172f000 rw-p 00005000 08:01 8657992                    /usr/lib/x86_64-linux-gnu/libXxf86vm.so.1.0.0
7f417172f000-7f4171736000 r-xp 00000000 08:01 8658298                    /usr/lib/x86_64-linux-gnu/libXrandr.so.2.2.0
7f4171736000-7f4171936000 ---p 00007000 08:01 8658298                    /usr/lib/x86_64-linux-gnu/libXrandr.so.2.2.0
7f4171936000-7f4171937000 rw-p 00007000 08:01 8658298                    /usr/lib/x86_64-linux-gnu/libXrandr.so.2.2.0
7f4171937000-7f41719a1000 r-xp 00000000 08:01 1185479                    /home/freemac/workspaceLWJGL/Arc2D/liblwjgl64.so
7f41719a1000-7f4171ba1000 ---p 0006a000 08:01 1185479                    /home/freemac/workspaceLWJGL/Arc2D/liblwjgl64.so
7f4171ba1000-7f4171ba3000 r--p 0006a000 08:01 1185479                    /home/freemac/workspaceLWJGL/Arc2D/liblwjgl64.so
7f4171ba3000-7f4171ba4000 rw-p 0006c000 08:01 1185479                    /home/freemac/workspaceLWJGL/Arc2D/liblwjgl64.so
7f4171ba4000-7f4171ba5000 r-xp 00000000 08:01 10228489                   /usr/java/jdk1.7.0_51/jre/lib/amd64/libjawt.so
7f4171ba5000-7f4171da4000 ---p 00001000 08:01 10228489                   /usr/java/jdk1.7.0_51/jre/lib/amd64/libjawt.so
7f4171da4000-7f4171da5000 rw-p 00000000 08:01 10228489                   /usr/java/jdk1.7.0_51/jre/lib/amd64/libjawt.so
7f4171da5000-7f4171dba000 r-xp 00000000 08:01 10747908                   /lib/x86_64-linux-gnu/libgcc_s.so.1
7f4171dba000-7f4171fba000 ---p 00015000 08:01 10747908                   /lib/x86_64-linux-gnu/libgcc_s.so.1
7f4171fba000-7f4171fbb000 rw-p 00015000 08:01 10747908                   /lib/x86_64-linux-gnu/libgcc_s.so.1
7f4171fbb000-7f4172020000 r-xp 00000000 08:01 10228434                   /usr/java/jdk1.7.0_51/jre/lib/amd64/libfontmanager.so
7f4172020000-7f417221f000 ---p 00065000 08:01 10228434                   /usr/java/jdk1.7.0_51/jre/lib/amd64/libfontmanager.so
7f417221f000-7f4172223000 rw-p 00064000 08:01 10228434                   /usr/java/jdk1.7.0_51/jre/lib/amd64/libfontmanager.so
7f4172223000-7f4172234000 rw-p 00000000 00:00 0 
7f4172234000-7f4172237000 ---p 00000000 00:00 0 
7f4172237000-7f4172335000 rw-p 00000000 00:00 0 
7f4172335000-7f4172338000 ---p 00000000 00:00 0 
7f4172338000-7f4172436000 rw-p 00000000 00:00 0 
7f4172436000-7f4172439000 ---p 00000000 00:00 0 
7f4172439000-7f4172537000 rw-p 00000000 00:00 0 
7f4172537000-7f417253c000 r-xp 00000000 08:01 8657962                    /usr/lib/x86_64-linux-gnu/libXfixes.so.3.1.0
7f417253c000-7f417273b000 ---p 00005000 08:01 8657962                    /usr/lib/x86_64-linux-gnu/libXfixes.so.3.1.0
7f417273b000-7f417273c000 r--p 00004000 08:01 8657962                    /usr/lib/x86_64-linux-gnu/libXfixes.so.3.1.0
7f417273c000-7f417273d000 rw-p 00005000 08:01 8657962                    /usr/lib/x86_64-linux-gnu/libXfixes.so.3.1.0
7f417273d000-7f4172747000 r-xp 00000000 08:01 8658286                    /usr/lib/x86_64-linux-gnu/libXcursor.so.1.0.2
7f4172747000-7f4172946000 ---p 0000a000 08:01 8658286                    /usr/lib/x86_64-linux-gnu/libXcursor.so.1.0.2
7f4172946000-7f4172947000 rw-p 00009000 08:01 8658286                    /usr/lib/x86_64-linux-gnu/libXcursor.so.1.0.2
7f4172947000-7f417294c000 r-xp 00000000 08:01 8654504                    /usr/lib/x86_64-linux-gnu/libXdmcp.so.6.0.0
7f417294c000-7f4172b4b000 ---p 00005000 08:01 8654504                    /usr/lib/x86_64-linux-gnu/libXdmcp.so.6.0.0
7f4172b4b000-7f4172b4c000 rw-p 00004000 08:01 8654504                    /usr/lib/x86_64-linux-gnu/libXdmcp.so.6.0.0
7f4172b4c000-7f4172b4e000 r-xp 00000000 08:01 8654500                    /usr/lib/x86_64-linux-gnu/libXau.so.6.0.0
7f4172b4e000-7f4172d4e000 ---p 00002000 08:01 8654500                    /usr/lib/x86_64-linux-gnu/libXau.so.6.0.0
7f4172d4e000-7f4172d4f000 rw-p 00002000 08:01 8654500                    /usr/lib/x86_64-linux-gnu/libXau.so.6.0.0
7f4172d4f000-7f4172d6e000 r-xp 00000000 08:01 8654506                    /usr/lib/x86_64-linux-gnu/libxcb.so.1.1.0
7f4172d6e000-7f4172f6d000 ---p 0001f000 08:01 8654506                    /usr/lib/x86_64-linux-gnu/libxcb.so.1.1.0
7f4172f6d000-7f4172f6e000 r--p 0001e000 08:01 8654506                    /usr/lib/x86_64-linux-gnu/libxcb.so.1.1.0
7f4172f6e000-7f4172f6f000 rw-p 0001f000 08:01 8654506                    /usr/lib/x86_64-linux-gnu/libxcb.so.1.1.0
7f4172f6f000-7f4172f7d000 r-xp 00000000 08:01 8658290                    /usr/lib/x86_64-linux-gnu/libXi.so.6.1.0
7f4172f7d000-7f417317d000 ---p 0000e000 08:01 8658290                    /usr/lib/x86_64-linux-gnu/libXi.so.6.1.0
7f417317d000-7f417317e000 rw-p 0000e000 08:01 8658290                    /usr/lib/x86_64-linux-gnu/libXi.so.6.1.0
7f417317e000-7f4173183000 r-xp 00000000 08:01 8660917                    /usr/lib/x86_64-linux-gnu/libXtst.so.6.1.0
7f4173183000-7f4173382000 ---p 00005000 08:01 8660917                    /usr/lib/x86_64-linux-gnu/libXtst.so.6.1.0
7f4173382000-7f4173383000 rw-p 00004000 08:01 8660917                    /usr/lib/x86_64-linux-gnu/libXtst.so.6.1.0
7f4173383000-7f417338c000 r-xp 00000000 08:01 8656064                    /usr/lib/x86_64-linux-gnu/libXrender.so.1.3.0
7f417338c000-7f417358b000 ---p 00009000 08:01 8656064                    /usr/lib/x86_64-linux-gnu/libXrender.so.1.3.0
7f417358b000-7f417358c000 rw-p 00008000 08:01 8656064                    /usr/lib/x86_64-linux-gnu/libXrender.so.1.3.0
7f417358c000-7f41736c1000 r-xp 00000000 08:01 8654511                    /usr/lib/x86_64-linux-gnu/libX11.so.6.3.0
7f41736c1000-7f41738c1000 ---p 00135000 08:01 8654511                    /usr/lib/x86_64-linux-gnu/libX11.so.6.3.0
7f41738c1000-7f41738c7000 rw-p 00135000 08:01 8654511                    /usr/lib/x86_64-linux-gnu/libX11.so.6.3.0
7f41738c7000-7f41738d8000 r-xp 00000000 08:01 8657970                    /usr/lib/x86_64-linux-gnu/libXext.so.6.4.0
7f41738d8000-7f4173ad8000 ---p 00011000 08:01 8657970                    /usr/lib/x86_64-linux-gnu/libXext.so.6.4.0
7f4173ad8000-7f4173ad9000 rw-p 00011000 08:01 8657970                    /usr/lib/x86_64-linux-gnu/libXext.so.6.4.0
7f4173ad9000-7f4173b29000 r-xp 00000000 08:01 10228476                   /usr/java/jdk1.7.0_51/jre/lib/amd64/xawt/libmawt.so
7f4173b29000-7f4173d29000 ---p 00050000 08:01 10228476                   /usr/java/jdk1.7.0_51/jre/lib/amd64/xawt/libmawt.so
7f4173d29000-7f4173d2d000 rw-p 00050000 08:01 10228476                   /usr/java/jdk1.7.0_51/jre/lib/amd64/xawt/libmawt.so
7f4173d2d000-7f4173d2e000 rw-p 00000000 00:00 0 
7f4173d2e000-7f4173dd0000 r-xp 00000000 08:01 10228446                   /usr/java/jdk1.7.0_51/jre/lib/amd64/libawt.so
7f4173dd0000-7f4173fd0000 ---p 000a2000 08:01 10228446                   /usr/java/jdk1.7.0_51/jre/lib/amd64/libawt.so
7f4173fd0000-7f4173fdc000 rw-p 000a2000 08:01 10228446                   /usr/java/jdk1.7.0_51/jre/lib/amd64/libawt.so
7f4173fdc000-7f4174000000 rw-p 00000000 00:00 0 
7f4174000000-7f4176528000 rw-p 00000000 00:00 0 
7f4176528000-7f4178000000 ---p 00000000 00:00 0 
7f4178007000-7f417800b000 r--s 0008a000 08:01 10227370                   /usr/java/jdk1.7.0_51/jre/lib/jsse.jar
7f417800b000-7f417800d000 rw-p 00000000 00:00 0 
7f417800d000-7f417800f000 rw-s 00000000 08:01 7471800                    /tmp/glJV2MtM (deleted)
7f417800f000-7f4178013000 rw-s a915c000 00:05 6413                       /dev/nvidia0
7f4178013000-7f4178017000 rw-s 82891000 00:05 6413                       /dev/nvidia0
7f4178017000-7f4178019000 r--s 00015000 08:01 1185473                    /home/freemac/workspaceLWJGL/Arc2D/lib/tinylinepp.jar
7f4178019000-7f4178024000 r--s 00099000 08:01 1185472                    /home/freemac/workspaceLWJGL/Arc2D/lib/slick.jar
7f4178024000-7f4178025000 r--s 00001000 08:01 1185471                    /home/freemac/workspaceLWJGL/Arc2D/lib/slick-examples.jar
7f4178025000-7f4178026000 r--s 000b4000 08:01 1185470                    /home/freemac/workspaceLWJGL/Arc2D/lib/natives-windows.jar
7f4178026000-7f4178028000 r--s 0000d000 08:01 1185461                    /home/freemac/workspaceLWJGL/Arc2D/lib/jorbis-0.0.15.jar
7f4178028000-7f4178029000 r--s 00001000 08:01 1185460                    /home/freemac/workspaceLWJGL/Arc2D/lib/jogg-0.0.7.jar
7f4178029000-7f417802a000 r--s 00001000 08:01 1185459                    /home/freemac/workspaceLWJGL/Arc2D/lib/jnlp.jar
7f417802a000-7f417802c000 r--s 00008000 08:01 1185457                    /home/freemac/workspaceLWJGL/Arc2D/lib/ibxm.jar
7f417802c000-7f417802e000 r--s 0000c000 08:01 2108608                    /home/freemac/eclipse/plugins/org.hamcrest.core_1.3.0.v201303031735.jar
7f417802e000-7f4178034000 r--s 00036000 08:01 2363380                    /home/freemac/eclipse/plugins/org.junit_4.11.0.v201303080030/junit.jar
7f4178034000-7f4178035000 r--s 00001000 08:01 1185467                    /home/freemac/workspaceLWJGL/Arc2D/lib/lzma.jar
7f4178035000-7f4178042000 r--s 000e6000 08:01 1185463                    /home/freemac/workspaceLWJGL/Arc2D/lib/lwjgl.jar
7f4178042000-7f417807f000 rw-p 00000000 00:00 0 
7f417807f000-7f4178082000 ---p 00000000 00:00 0 
7f4178082000-7f41780e9000 rw-p 00000000 00:00 0 
7f41780e9000-7f41780ec000 ---p 00000000 00:00 0 
7f41780ec000-7f41781ea000 rw-p 00000000 00:00 0 
7f41781ea000-7f41781f1000 r--s 00000000 08:01 8671037                    /usr/lib/x86_64-linux-gnu/gconv/gconv-modules.cache
7f41781f1000-7f4178214000 r--p 00000000 08:01 8653660                    /usr/share/locale/fr/LC_MESSAGES/libc.mo
7f4178214000-7f4178222000 r--s 000e9000 08:01 1185462                    /home/freemac/workspaceLWJGL/Arc2D/lib/lwjgl-debug.jar
7f4178222000-7f4178223000 ---p 00000000 00:00 0 
7f4178223000-7f4178323000 rw-p 00000000 00:00 0 
7f4178323000-7f4178326000 ---p 00000000 00:00 0 
7f4178326000-7f4178424000 rw-p 00000000 00:00 0 
7f4178424000-7f4178427000 ---p 00000000 00:00 0 
7f4178427000-7f4178525000 rw-p 00000000 00:00 0 
7f4178525000-7f4178528000 ---p 00000000 00:00 0 
7f4178528000-7f4178626000 rw-p 00000000 00:00 0 
7f4178626000-7f4178629000 ---p 00000000 00:00 0 
7f4178629000-7f4178727000 rw-p 00000000 00:00 0 
7f4178727000-7f417889e000 r--p 00000000 08:01 8653610                    /usr/lib/locale/locale-archive
7f417889e000-7f41788a1000 ---p 00000000 00:00 0 
7f41788a1000-7f417899f000 rw-p 00000000 00:00 0 
7f417899f000-7f41789a2000 ---p 00000000 00:00 0 
7f41789a2000-7f4178aa0000 rw-p 00000000 00:00 0 
7f4178aa0000-7f4178aa1000 ---p 00000000 00:00 0 
7f4178aa1000-7f4179558000 rw-p 00000000 00:00 0 
7f4179558000-7f4179715000 r--s 039bf000 08:01 10228495                   /usr/java/jdk1.7.0_51/jre/lib/rt.jar
7f4179715000-7f417b1d2000 rw-p 00000000 00:00 0 
7f417b1d2000-7f417b1d3000 ---p 00000000 00:00 0 
7f417b1d3000-7f417b2d3000 rw-p 00000000 00:00 0 
7f417b2d3000-7f417b2d4000 ---p 00000000 00:00 0 
7f417b2d4000-7f417b3df000 rw-p 00000000 00:00 0 
7f417b3df000-7f417b3fd000 rw-p 00000000 00:00 0 
7f417b3fd000-7f417b40c000 rw-p 00000000 00:00 0 
7f417b40c000-7f417b4e5000 rw-p 00000000 00:00 0 
7f417b4e5000-7f417b4f0000 rw-p 00000000 00:00 0 
7f417b4f0000-7f417b50e000 rw-p 00000000 00:00 0 
7f417b50e000-7f417b51d000 rw-p 00000000 00:00 0 
7f417b51d000-7f417b5f5000 rw-p 00000000 00:00 0 
7f417b5f5000-7f417b60e000 rw-p 00000000 00:00 0 
7f417b60e000-7f417b669000 rw-p 00000000 00:00 0 
7f417b669000-7f417b66a000 rw-p 00000000 00:00 0 
7f417b66a000-7f417b8da000 rwxp 00000000 00:00 0 
7f417b8da000-7f417e66a000 rw-p 00000000 00:00 0 
7f417e66a000-7f417e684000 r-xp 00000000 08:01 10228483                   /usr/java/jdk1.7.0_51/jre/lib/amd64/libzip.so
7f417e684000-7f417e884000 ---p 0001a000 08:01 10228483                   /usr/java/jdk1.7.0_51/jre/lib/amd64/libzip.so
7f417e884000-7f417e885000 rw-p 0001a000 08:01 10228483                   /usr/java/jdk1.7.0_51/jre/lib/amd64/libzip.so
7f417e885000-7f417e890000 r-xp 00000000 08:01 10751481                   /lib/x86_64-linux-gnu/libnss_files-2.13.so
7f417e890000-7f417ea8f000 ---p 0000b000 08:01 10751481                   /lib/x86_64-linux-gnu/libnss_files-2.13.so
7f417ea8f000-7f417ea90000 r--p 0000a000 08:01 10751481                   /lib/x86_64-linux-gnu/libnss_files-2.13.so
7f417ea90000-7f417ea91000 rw-p 0000b000 08:01 10751481                   /lib/x86_64-linux-gnu/libnss_files-2.13.so
7f417ea91000-7f417ea9b000 r-xp 00000000 08:01 10751477                   /lib/x86_64-linux-gnu/libnss_nis-2.13.so
7f417ea9b000-7f417ec9a000 ---p 0000a000 08:01 10751477                   /lib/x86_64-linux-gnu/libnss_nis-2.13.so
7f417ec9a000-7f417ec9b000 r--p 00009000 08:01 10751477                   /lib/x86_64-linux-gnu/libnss_nis-2.13.so
7f417ec9b000-7f417ec9c000 rw-p 0000a000 08:01 10751477                   /lib/x86_64-linux-gnu/libnss_nis-2.13.so
7f417ec9c000-7f417ecb1000 r-xp 00000000 08:01 10751475                   /lib/x86_64-linux-gnu/libnsl-2.13.so
7f417ecb1000-7f417eeb0000 ---p 00015000 08:01 10751475                   /lib/x86_64-linux-gnu/libnsl-2.13.so
7f417eeb0000-7f417eeb1000 r--p 00014000 08:01 10751475                   /lib/x86_64-linux-gnu/libnsl-2.13.so
7f417eeb1000-7f417eeb2000 rw-p 00015000 08:01 10751475                   /lib/x86_64-linux-gnu/libnsl-2.13.so
7f417eeb2000-7f417eeb4000 rw-p 00000000 00:00 0 
7f417eeb4000-7f417eebb000 r-xp 00000000 08:01 10751470                   /lib/x86_64-linux-gnu/libnss_compat-2.13.so
7f417eebb000-7f417f0ba000 ---p 00007000 08:01 10751470                   /lib/x86_64-linux-gnu/libnss_compat-2.13.so
7f417f0ba000-7f417f0bb000 r--p 00006000 08:01 10751470                   /lib/x86_64-linux-gnu/libnss_compat-2.13.so
7f417f0bb000-7f417f0bc000 rw-p 00007000 08:01 10751470                   /lib/x86_64-linux-gnu/libnss_compat-2.13.so
7f417f0bc000-7f417f0e5000 r-xp 00000000 08:01 10228467                   /usr/java/jdk1.7.0_51/jre/lib/amd64/libjava.so
7f417f0e5000-7f417f2e5000 ---p 00029000 08:01 10228467                   /usr/java/jdk1.7.0_51/jre/lib/amd64/libjava.so
7f417f2e5000-7f417f2e7000 rw-p 00029000 08:01 10228467                   /usr/java/jdk1.7.0_51/jre/lib/amd64/libjava.so
7f417f2e7000-7f417f2f4000 r-xp 00000000 08:01 10228465                   /usr/java/jdk1.7.0_51/jre/lib/amd64/libverify.so
7f417f2f4000-7f417f4f3000 ---p 0000d000 08:01 10228465                   /usr/java/jdk1.7.0_51/jre/lib/amd64/libverify.so
7f417f4f3000-7f417f4f5000 rw-p 0000c000 08:01 10228465                   /usr/java/jdk1.7.0_51/jre/lib/amd64/libverify.so
7f417f4f5000-7f417f4fc000 r-xp 00000000 08:01 10751485                   /lib/x86_64-linux-gnu/librt-2.13.so
7f417f4fc000-7f417f6fb000 ---p 00007000 08:01 10751485                   /lib/x86_64-linux-gnu/librt-2.13.so
7f417f6fb000-7f417f6fc000 r--p 00006000 08:01 10751485                   /lib/x86_64-linux-gnu/librt-2.13.so
7f417f6fc000-7f417f6fd000 rw-p 00007000 08:01 10751485                   /lib/x86_64-linux-gnu/librt-2.13.so
7f417f6fd000-7f417f77e000 r-xp 00000000 08:01 10751472                   /lib/x86_64-linux-gnu/libm-2.13.so
7f417f77e000-7f417f97d000 ---p 00081000 08:01 10751472                   /lib/x86_64-linux-gnu/libm-2.13.so
7f417f97d000-7f417f97e000 r--p 00080000 08:01 10751472                   /lib/x86_64-linux-gnu/libm-2.13.so
7f417f97e000-7f417f97f000 rw-p 00081000 08:01 10751472                   /lib/x86_64-linux-gnu/libm-2.13.so
7f417f97f000-7f41804e1000 r-xp 00000000 08:01 10228473                   /usr/java/jdk1.7.0_51/jre/lib/amd64/server/libjvm.so
7f41804e1000-7f41806e1000 ---p 00b62000 08:01 10228473                   /usr/java/jdk1.7.0_51/jre/lib/amd64/server/libjvm.so
7f41806e1000-7f41807a4000 rw-p 00b62000 08:01 10228473                   /usr/java/jdk1.7.0_51/jre/lib/amd64/server/libjvm.so
7f41807a4000-7f41807e5000 rw-p 00000000 00:00 0 
7f41807e5000-7f4180967000 r-xp 00000000 08:01 10749058                   /lib/x86_64-linux-gnu/libc-2.13.so
7f4180967000-7f4180b66000 ---p 00182000 08:01 10749058                   /lib/x86_64-linux-gnu/libc-2.13.so
7f4180b66000-7f4180b6a000 r--p 00181000 08:01 10749058                   /lib/x86_64-linux-gnu/libc-2.13.so
7f4180b6a000-7f4180b6b000 rw-p 00185000 08:01 10749058                   /lib/x86_64-linux-gnu/libc-2.13.so
7f4180b6b000-7f4180b70000 rw-p 00000000 00:00 0 
7f4180b70000-7f4180b72000 r-xp 00000000 08:01 10751479                   /lib/x86_64-linux-gnu/libdl-2.13.so
7f4180b72000-7f4180d72000 ---p 00002000 08:01 10751479                   /lib/x86_64-linux-gnu/libdl-2.13.so
7f4180d72000-7f4180d73000 r--p 00002000 08:01 10751479                   /lib/x86_64-linux-gnu/libdl-2.13.so
7f4180d73000-7f4180d74000 rw-p 00003000 08:01 10751479                   /lib/x86_64-linux-gnu/libdl-2.13.so
7f4180d74000-7f4180d8a000 r-xp 00000000 08:01 9442040                    /usr/java/jdk1.7.0_51/lib/amd64/jli/libjli.so
7f4180d8a000-7f4180f8a000 ---p 00016000 08:01 9442040                    /usr/java/jdk1.7.0_51/lib/amd64/jli/libjli.so
7f4180f8a000-7f4180f8b000 rw-p 00016000 08:01 9442040                    /usr/java/jdk1.7.0_51/lib/amd64/jli/libjli.so
7f4180f8b000-7f4180fa2000 r-xp 00000000 08:01 10751483                   /lib/x86_64-linux-gnu/libpthread-2.13.so
7f4180fa2000-7f41811a1000 ---p 00017000 08:01 10751483                   /lib/x86_64-linux-gnu/libpthread-2.13.so
7f41811a1000-7f41811a2000 r--p 00016000 08:01 10751483                   /lib/x86_64-linux-gnu/libpthread-2.13.so
7f41811a2000-7f41811a3000 rw-p 00017000 08:01 10751483                   /lib/x86_64-linux-gnu/libpthread-2.13.so
7f41811a3000-7f41811a7000 rw-p 00000000 00:00 0 
7f41811a7000-7f41811c7000 r-xp 00000000 08:01 2625157                    /lib64/ld-2.13.so
7f41811c8000-7f41811c9000 rw-s e8005000 00:05 6413                       /dev/nvidia0
7f41811c9000-7f41811ca000 rw-s 94792000 00:05 6413                       /dev/nvidia0
7f41811ca000-7f41811cb000 rw-s fdc08000 00:05 6413                       /dev/nvidia0
7f41811cb000-7f41811cc000 rw-s fd641000 00:05 6413                       /dev/nvidia0
7f41811cc000-7f41811d0000 r--s 00027000 08:01 1185465                    /home/freemac/workspaceLWJGL/Arc2D/lib/lwjgl_util.jar
7f41811d0000-7f41811d5000 r--s 00041000 08:01 1185464                    /home/freemac/workspaceLWJGL/Arc2D/lib/lwjgl_test.jar
7f41811d5000-7f41811da000 r--s 00030000 08:01 1185458                    /home/freemac/workspaceLWJGL/Arc2D/lib/jinput.jar
7f41811da000-7f41811df000 r--s 0004a000 08:01 1185456                    /home/freemac/workspaceLWJGL/Arc2D/lib/asm-debug-all.jar
7f41811df000-7f41811e9000 rw-p 00000000 00:00 0 
7f41811e9000-7f418129f000 rw-p 00000000 00:00 0 
7f418129f000-7f41812a2000 ---p 00000000 00:00 0 
7f41812a2000-7f41813a5000 rw-p 00000000 00:00 0 
7f41813a5000-7f41813a6000 rw-s 023cc000 00:05 6413                       /dev/nvidia0
7f41813a6000-7f41813a7000 rw-s 82879000 00:05 6413                       /dev/nvidia0
7f41813a7000-7f41813a8000 rw-s fd060000 00:05 6413                       /dev/nvidia0
7f41813a8000-7f41813a9000 r--s 00008000 08:01 1185466                    /home/freemac/workspaceLWJGL/Arc2D/lib/lwjgl_util_applet.jar
7f41813a9000-7f41813ab000 r--s 00000000 08:01 1185455                    /home/freemac/workspaceLWJGL/Arc2D/lib/AppleJavaExtensions.jar
7f41813ab000-7f41813bb000 rw-p 00000000 00:00 0 
7f41813bb000-7f41813c3000 rw-s 00000000 08:01 7733266                    /tmp/hsperfdata_freemac/11578
7f41813c3000-7f41813c4000 rw-p 00000000 00:00 0 
7f41813c4000-7f41813c5000 r--p 00000000 00:00 0 
7f41813c5000-7f41813c6000 rw-p 00000000 00:00 0 
7f41813c6000-7f41813c7000 r--p 0001f000 08:01 2625157                    /lib64/ld-2.13.so
7f41813c7000-7f41813c8000 rw-p 00020000 08:01 2625157                    /lib64/ld-2.13.so
7f41813c8000-7f41813c9000 rw-p 00000000 00:00 0 
7fff2498f000-7fff249b0000 rw-p 00000000 00:00 0                          [stack]
7fff249fa000-7fff249fb000 r-xp 00000000 00:00 0                          [vdso]
ffffffffff600000-ffffffffff601000 r-xp 00000000 00:00 0                  [vsyscall]

VM Arguments:
jvm_args: -Djava.library.path=/home/freemac/workspaceLWJGL/Arc2D -Dfile.encoding=UTF-8 
java_command: net.stinfoservices.helias.renaud.tempest.TempestMain
Launcher Type: SUN_STANDARD

Environment Variables:
JAVA_HOME=/usr/java/jdk1.7.0_51/
PATH=/usr/java/jdk1.7.0_51/bin:/usr/java/jdk1.7.0_51/bin:/usr/local/bin:/usr/bin:/bin:/usr/local/games:/usr/games
SHELL=/bin/bash
DISPLAY=:0

Signal Handlers:
SIGSEGV: [libjvm.so+0x993870], sa_mask[0]=0x7ffbfeff, sa_flags=0x10000004
SIGBUS: [libjvm.so+0x993870], sa_mask[0]=0x7ffbfeff, sa_flags=0x10000004
SIGFPE: [libjvm.so+0x8105b0], sa_mask[0]=0x7ffbfeff, sa_flags=0x10000004
SIGPIPE: [libjvm.so+0x8105b0], sa_mask[0]=0x7ffbfeff, sa_flags=0x10000004
SIGXFSZ: [libjvm.so+0x8105b0], sa_mask[0]=0x7ffbfeff, sa_flags=0x10000004
SIGILL: [libjvm.so+0x8105b0], sa_mask[0]=0x7ffbfeff, sa_flags=0x10000004
SIGUSR1: SIG_DFL, sa_mask[0]=0x00000000, sa_flags=0x00000000
SIGUSR2: [libjvm.so+0x811aa0], sa_mask[0]=0x00000004, sa_flags=0x10000004
SIGHUP: [libjvm.so+0x812a10], sa_mask[0]=0x7ffbfeff, sa_flags=0x10000004
SIGINT: [libjvm.so+0x812a10], sa_mask[0]=0x7ffbfeff, sa_flags=0x10000004
SIGTERM: [libjvm.so+0x812a10], sa_mask[0]=0x7ffbfeff, sa_flags=0x10000004
SIGQUIT: [libjvm.so+0x812a10], sa_mask[0]=0x7ffbfeff, sa_flags=0x10000004


---------------  S Y S T E M  ---------------

OS:7.4

uname:Linux 3.2.0-4-amd64 #1 SMP Debian 3.2.54-2 x86_64
libc:glibc 2.13 NPTL 2.13 
rlimit: STACK 8192k, CORE 0k, NPROC 22051, NOFILE 4096, AS infinity
load average:0,58 0,60 0,57

/proc/meminfo:
MemTotal:        2834704 kB
MemFree:          206692 kB
Buffers:           88720 kB
Cached:           906092 kB
SwapCached:           12 kB
Active:          1584128 kB
Inactive:         802920 kB
Active(anon):    1089852 kB
Inactive(anon):   306932 kB
Active(file):     494276 kB
Inactive(file):   495988 kB
Unevictable:           0 kB
Mlocked:               0 kB
SwapTotal:       5763068 kB
SwapFree:        5762936 kB
Dirty:               304 kB
Writeback:             0 kB
AnonPages:       1392356 kB
Mapped:           152128 kB
Shmem:              4548 kB
Slab:             149096 kB
SReclaimable:     126704 kB
SUnreclaim:        22392 kB
KernelStack:        2864 kB
PageTables:        18700 kB
NFS_Unstable:          0 kB
Bounce:                0 kB
WritebackTmp:          0 kB
CommitLimit:     7180420 kB
Committed_AS:    2770548 kB
VmallocTotal:   34359738367 kB
VmallocUsed:      120008 kB
VmallocChunk:   34359593980 kB
HardwareCorrupted:     0 kB
AnonHugePages:         0 kB
HugePages_Total:       0
HugePages_Free:        0
HugePages_Rsvd:        0
HugePages_Surp:        0
Hugepagesize:       2048 kB
DirectMap4k:      114304 kB
DirectMap2M:     2768896 kB


CPU:total 2 (2 cores per cpu, 1 threads per core) family 15 model 107 stepping 2, cmov, cx8, fxsr, mmx, sse, sse2, sse3, mmxext, 3dnowpref, tsc

/proc/cpuinfo:
processor	: 0
vendor_id	: AuthenticAMD
cpu family	: 15
model		: 107
model name	: AMD Athlon(tm) Dual Core Processor 4450e
stepping	: 2
microcode	: 0x83
cpu MHz		: 1000.000
cache size	: 512 KB
physical id	: 0
siblings	: 2
core id		: 0
cpu cores	: 2
apicid		: 0
initial apicid	: 0
fpu		: yes
fpu_exception	: yes
cpuid level	: 1
wp		: yes
flags		: fpu vme de pse tsc msr pae mce cx8 apic sep mtrr pge mca cmov pat pse36 clflush mmx fxsr sse sse2 ht syscall nx mmxext fxsr_opt rdtscp lm 3dnowext 3dnow rep_good nopl extd_apicid pni cx16 lahf_lm cmp_legacy svm extapic cr8_legacy 3dnowprefetch lbrv
bogomips	: 2000.02
TLB size	: 1024 4K pages
clflush size	: 64
cache_alignment	: 64
address sizes	: 40 bits physical, 48 bits virtual
power management: ts fid vid ttp tm stc 100mhzsteps

processor	: 1
vendor_id	: AuthenticAMD
cpu family	: 15
model		: 107
model name	: AMD Athlon(tm) Dual Core Processor 4450e
stepping	: 2
microcode	: 0x83
cpu MHz		: 1000.000
cache size	: 512 KB
physical id	: 0
siblings	: 2
core id		: 1
cpu cores	: 2
apicid		: 1
initial apicid	: 1
fpu		: yes
fpu_exception	: yes
cpuid level	: 1
wp		: yes
flags		: fpu vme de pse tsc msr pae mce cx8 apic sep mtrr pge mca cmov pat pse36 clflush mmx fxsr sse sse2 ht syscall nx mmxext fxsr_opt rdtscp lm 3dnowext 3dnow rep_good nopl extd_apicid pni cx16 lahf_lm cmp_legacy svm extapic cr8_legacy 3dnowprefetch lbrv
bogomips	: 2000.02
TLB size	: 1024 4K pages
clflush size	: 64
cache_alignment	: 64
address sizes	: 40 bits physical, 48 bits virtual
power management: ts fid vid ttp tm stc 100mhzsteps



Memory: 4k page, physical 2834704k(206692k free), swap 5763068k(5762936k free)

vm_info: Java HotSpot(TM) 64-Bit Server VM (24.51-b03) for linux-amd64 JRE (1.7.0_51-b13), built on Dec 18 2013 18:48:01 by "java_re" with gcc 4.3.0 20080428 (Red Hat 4.3.0-8)

time: Sat Apr 19 13:22:47 2014
elapsed time: 5 seconds

