#
# A fatal error has been detected by the Java Runtime Environment:
#
#  SIGSEGV (0xb) at pc=0x0000000000000000, pid=4957, tid=140160168879872
#
# JRE version: 6.0_31-b31
# Java VM: OpenJDK 64-Bit Server VM (23.25-b01 mixed mode linux-amd64 compressed oops)
# Problematic frame:
# C  0x0000000000000000
#
# Failed to write core dump. Core dumps have been disabled. To enable core dumping, try "ulimit -c unlimited" before starting Java again
#
# If you would like to submit a bug report, please include
# instructions how to reproduce the bug and visit:
#   http://icedtea.classpath.org/bugzilla
#

---------------  T H R E A D  ---------------

Current thread is native thread

siginfo:si_signo=SIGSEGV: si_errno=0, si_code=1 (SEGV_MAPERR), si_addr=0x0000000000000000

Registers:
RAX=0x00007f79a059f7c0, RBX=0x0000000000000400, RCX=0x0000000000000000, RDX=0x0000000000000000
RSP=0x00007f799513dce8, RBP=0x00007f799c5e3700, RSI=0x0000000000000000, RDI=0x00007f799c5e3700
R8 =0x0000000000000000, R9 =0x0000000000000000, R10=0x0000000000000000, R11=0x00007f79b373decc
R12=0x00007f799c5e7890, R13=0x0000000000012000, R14=0x0000000000001000, R15=0x00007f799513de98
RIP=0x0000000000000000, EFLAGS=0x0000000000010246, CSGSFS=0x0000000000000033, ERR=0x0000000000000014
  TRAPNO=0x000000000000000e

Top of Stack: (sp=0x00007f799513dce8)
0x00007f799513dce8:   00007f79a03684d1 0000000001fda8a0
0x00007f799513dcf8:   00007f799bbb603a 00000000bb800000
0x00007f799513dd08:   00007f799bbafe5e 00007f7900000000
0x00007f799513dd18:   0000000000000000 0000000000000000
0x00007f799513dd28:   00007f799c5df330 0000000000002000
0x00007f799513dd38:   00007f799bbbdca3 00007f799513dd90
0x00007f799513dd48:   00000000ffffffff 00007f799513ddb0
0x00007f799513dd58:   0000000000000005 00000000002571e8
0x00007f799513dd68:   0000000000002000 0000000000002000
0x00007f799513dd78:   00007f799bbbf9e9 00007f79a0348000
0x00007f799513dd88:   0000000000000000 0000000000000000
0x00007f799513dd98:   0000000000000000 0000000000000000
0x00007f799513dda8:   0000000000002000 00007f799c5df330
0x00007f799513ddb8:   00007f799513de90 000000000000ffc0
0x00007f799513ddc8:   00007f799bbbfb7b 00007f799bdf5610
0x00007f799513ddd8:   00007f799c5e7890 0000000000000000
0x00007f799513dde8:   00007f79a0105832 00007f7995221040
0x00007f799513ddf8:   00007f79951ff040 000004009513de40
0x00007f799513de08:   00007f799513de20 00007f799513de98
0x00007f799513de18:   00007f79a010ab48 00001fa00000037f
0x00007f799513de28:   00007f799bba7596 00007f799c5e2ba0
0x00007f799513de38:   0000000000002000 00007f799c5df0c0
0x00007f799513de48:   0000000000000000 00007f799c5e3700
0x00007f799513de58:   0000000000000008 00007f799513de98
0x00007f799513de68:   00007f79a037e544 0000000000000000
0x00007f799513de78:   00007f799513de90 0000000000002000
0x00007f799513de88:   0000000000006000 00007f79951ff040
0x00007f799513de98:   0000000000002000 0000000000000000
0x00007f799513dea8:   00007f799c5e1cf0 0000000000000000
0x00007f799513deb8:   00007f79b446cca0 00007f799513e9c0
0x00007f799513dec8:   00007f79b4496040 0000000000000003
0x00007f799513ded8:   00007f79a037173a 0000000000000000 

Instructions: (pc=0x0000000000000000)
0xffffffffffffffe0:   

Register to memory mapping:

RAX=0x00007f79a059f7c0: <offset 0x2577c0> in /home/freemac/workspaceLWJGL/Arc2D/libopenal64.so at 0x00007f79a0348000
RBX=0x0000000000000400 is an unknown value
RCX=0x0000000000000000 is an unknown value
RDX=0x0000000000000000 is an unknown value
RSP=0x00007f799513dce8 is an unknown value
RBP=0x00007f799c5e3700 is an unknown value
RSI=0x0000000000000000 is an unknown value
RDI=0x00007f799c5e3700 is an unknown value
R8 =0x0000000000000000 is an unknown value
R9 =0x0000000000000000 is an unknown value
R10=0x0000000000000000 is an unknown value
R11=0x00007f79b373decc: <offset 0x8decc> in /lib/x86_64-linux-gnu/libc.so.6 at 0x00007f79b36b0000
R12=0x00007f799c5e7890 is an unknown value
R13=0x0000000000012000 is an unknown value
R14=0x0000000000001000 is an unknown value
R15=0x00007f799513de98 is an unknown value


Stack: [0x00007f799503e000,0x00007f799513f000],  sp=0x00007f799513dce8,  free space=1023k

---------------  P R O C E S S  ---------------

VM state:at safepoint (shutting down)

VM Mutex/Monitor currently owned by a thread:  ([mutex/lock_event])
[0x000000000187d9c0] Threads_lock - owner thread: 0x0000000001907000

Heap
 PSYoungGen      total 207232K, used 196192K [0x00000000f18b0000, 0x0000000100000000, 0x0000000100000000)
  eden space 178112K, 100% used [0x00000000f18b0000,0x00000000fc6a0000,0x00000000fc6a0000)
  from space 29120K, 62% used [0x00000000fe390000,0x00000000ff538000,0x0000000100000000)
  to   space 29376K, 0% used [0x00000000fc6a0000,0x00000000fc6a0000,0x00000000fe350000)
 ParOldGen       total 51520K, used 26996K [0x00000000d4a00000, 0x00000000d7c50000, 0x00000000f18b0000)
  object space 51520K, 52% used [0x00000000d4a00000,0x00000000d645d0c0,0x00000000d7c50000)
 PSPermGen       total 30784K, used 13714K [0x00000000ca400000, 0x00000000cc210000, 0x00000000d4a00000)
  object space 30784K, 44% used [0x00000000ca400000,0x00000000cb164970,0x00000000cc210000)

Card table byte_map: [0x00007f79ae01f000,0x00007f79ae1ce000] byte_map_base: 0x00007f79ad9cd000

Polling page: 0x00007f79b4493000

Code Cache  [0x00007f79ae1ce000, 0x00007f79ae43e000, 0x00007f79b11ce000)
 total_blobs=925 nmethods=393 adapters=485 free_code_cache=47615Kb largest_free_block=48721472

Compilation events (10 events):
Event: 77.701 Thread 0x0000000001971800  390             java.util.concurrent.locks.ReentrantLock$Sync::nonfairTryAcquire (67 bytes)
Event: 77.707 Thread 0x0000000001971800 nmethod 390 0x00007f79ae341650 code [0x00007f79ae341780, 0x00007f79ae341858]
Event: 78.221 Thread 0x000000000196f000  391             net.stinfoservices.helias.renaud.tempest.Camera::getRayon (5 bytes)
Event: 78.222 Thread 0x000000000196f000 nmethod 391 0x00007f79ae341390 code [0x00007f79ae3414c0, 0x00007f79ae341518]
Event: 79.572 Thread 0x000000000196f000  392             net.stinfoservices.helias.renaud.tempest.TempestMain::terrainUpdate (35 bytes)
Event: 79.590 Thread 0x000000000196f000 nmethod 392 0x00007f79ae33fc50 code [0x00007f79ae33fe20, 0x00007f79ae3403a0]
Event: 91.881 Thread 0x000000000196f000  394             java.lang.ThreadLocal$ThreadLocalMap::getEntry (42 bytes)
Event: 91.881 Thread 0x0000000001971800  393             java.lang.ThreadLocal$ThreadLocalMap::access$000 (6 bytes)
Event: 91.884 Thread 0x0000000001971800 nmethod 393 0x00007f79ae33e050 code [0x00007f79ae33e1a0, 0x00007f79ae33e2b8]
Event: 91.977 Thread 0x000000000196f000 nmethod 394 0x00007f79ae33dc90 code [0x00007f79ae33dde0, 0x00007f79ae33def8]

GC Heap History (10 events):
Event: 53.335 GC heap before
{Heap before GC invocations=16 (full 2):
 PSYoungGen      total 202432K, used 17024K [0x00000000f18b0000, 0x0000000100000000, 0x0000000100000000)
  eden space 185408K, 0% used [0x00000000f18b0000,0x00000000f18b0000,0x00000000fcdc0000)
  from space 17024K, 100% used [0x00000000fef60000,0x0000000100000000,0x0000000100000000)
  to   space 25728K, 0% used [0x00000000fcdc0000,0x00000000fcdc0000,0x00000000fe6e0000)
 ParOldGen       total 40960K, used 32607K [0x00000000d4a00000, 0x00000000d7200000, 0x00000000f18b0000)
  object space 40960K, 79% used [0x00000000d4a00000,0x00000000d69d7ec0,0x00000000d7200000)
 PSPermGen       total 27584K, used 13667K [0x00000000ca400000, 0x00000000cbef0000, 0x00000000d4a00000)
  object space 27584K, 49% used [0x00000000ca400000,0x00000000cb158ee8,0x00000000cbef0000)
Event: 53.500 GC heap after
Heap after GC invocations=16 (full 2):
 PSYoungGen      total 202432K, used 0K [0x00000000f18b0000, 0x0000000100000000, 0x0000000100000000)
  eden space 185408K, 0% used [0x00000000f18b0000,0x00000000f18b0000,0x00000000fcdc0000)
  from space 17024K, 0% used [0x00000000fef60000,0x00000000fef60000,0x0000000100000000)
  to   space 25728K, 0% used [0x00000000fcdc0000,0x00000000fcdc0000,0x00000000fe6e0000)
 ParOldGen       total 51520K, used 26972K [0x00000000d4a00000, 0x00000000d7c50000, 0x00000000f18b0000)
  object space 51520K, 52% used [0x00000000d4a00000,0x00000000d64570c0,0x00000000d7c50000)
 PSPermGen       total 30784K, used 13667K [0x00000000ca400000, 0x00000000cc210000, 0x00000000d4a00000)
  object space 30784K, 44% used [0x00000000ca400000,0x00000000cb158ec8,0x00000000cc210000)
}
Event: 60.381 GC heap before
{Heap before GC invocations=17 (full 2):
 PSYoungGen      total 202432K, used 185408K [0x00000000f18b0000, 0x0000000100000000, 0x0000000100000000)
  eden space 185408K, 100% used [0x00000000f18b0000,0x00000000fcdc0000,0x00000000fcdc0000)
  from space 17024K, 0% used [0x00000000fef60000,0x00000000fef60000,0x0000000100000000)
  to   space 25728K, 0% used [0x00000000fcdc0000,0x00000000fcdc0000,0x00000000fe6e0000)
 ParOldGen       total 51520K, used 26972K [0x00000000d4a00000, 0x00000000d7c50000, 0x00000000f18b0000)
  object space 51520K, 52% used [0x00000000d4a00000,0x00000000d64570c0,0x00000000d7c50000)
 PSPermGen       total 30784K, used 13671K [0x00000000ca400000, 0x00000000cc210000, 0x00000000d4a00000)
  object space 30784K, 44% used [0x00000000ca400000,0x00000000cb159d38,0x00000000cc210000)
Event: 60.538 GC heap after
Heap after GC invocations=17 (full 2):
 PSYoungGen      total 203968K, used 18560K [0x00000000f18b0000, 0x0000000100000000, 0x0000000100000000)
  eden space 185408K, 0% used [0x00000000f18b0000,0x00000000f18b0000,0x00000000fcdc0000)
  from space 18560K, 100% used [0x00000000fcdc0000,0x00000000fdfe0000,0x00000000fdfe0000)
  to   space 27136K, 0% used [0x00000000fe580000,0x00000000fe580000,0x0000000100000000)
 ParOldGen       total 51520K, used 26972K [0x00000000d4a00000, 0x00000000d7c50000, 0x00000000f18b0000)
  object space 51520K, 52% used [0x00000000d4a00000,0x00000000d64570c0,0x00000000d7c50000)
 PSPermGen       total 30784K, used 13671K [0x00000000ca400000, 0x00000000cc210000, 0x00000000d4a00000)
  object space 30784K, 44% used [0x00000000ca400000,0x00000000cb159d38,0x00000000cc210000)
}
Event: 67.984 GC heap before
{Heap before GC invocations=18 (full 2):
 PSYoungGen      total 203968K, used 203968K [0x00000000f18b0000, 0x0000000100000000, 0x0000000100000000)
  eden space 185408K, 100% used [0x00000000f18b0000,0x00000000fcdc0000,0x00000000fcdc0000)
  from space 18560K, 100% used [0x00000000fcdc0000,0x00000000fdfe0000,0x00000000fdfe0000)
  to   space 27136K, 0% used [0x00000000fe580000,0x00000000fe580000,0x0000000100000000)
 ParOldGen       total 51520K, used 26972K [0x00000000d4a00000, 0x00000000d7c50000, 0x00000000f18b0000)
  object space 51520K, 52% used [0x00000000d4a00000,0x00000000d64570c0,0x00000000d7c50000)
 PSPermGen       total 30784K, used 13672K [0x00000000ca400000, 0x00000000cc210000, 0x00000000d4a00000)
  object space 30784K, 44% used [0x00000000ca400000,0x00000000cb15a2e0,0x00000000cc210000)
Event: 68.130 GC heap after
Heap after GC invocations=18 (full 2):
 PSYoungGen      total 207168K, used 19072K [0x00000000f18b0000, 0x0000000100000000, 0x0000000100000000)
  eden space 180032K, 0% used [0x00000000f18b0000,0x00000000f18b0000,0x00000000fc880000)
  from space 27136K, 70% used [0x00000000fe580000,0x00000000ff820000,0x0000000100000000)
  to   space 28416K, 0% used [0x00000000fc880000,0x00000000fc880000,0x00000000fe440000)
 ParOldGen       total 51520K, used 26980K [0x00000000d4a00000, 0x00000000d7c50000, 0x00000000f18b0000)
  object space 51520K, 52% used [0x00000000d4a00000,0x00000000d64590c0,0x00000000d7c50000)
 PSPermGen       total 30784K, used 13672K [0x00000000ca400000, 0x00000000cc210000, 0x00000000d4a00000)
  object space 30784K, 44% used [0x00000000ca400000,0x00000000cb15a2e0,0x00000000cc210000)
}
Event: 75.752 GC heap before
{Heap before GC invocations=19 (full 2):
 PSYoungGen      total 207168K, used 199104K [0x00000000f18b0000, 0x0000000100000000, 0x0000000100000000)
  eden space 180032K, 100% used [0x00000000f18b0000,0x00000000fc880000,0x00000000fc880000)
  from space 27136K, 70% used [0x00000000fe580000,0x00000000ff820000,0x0000000100000000)
  to   space 28416K, 0% used [0x00000000fc880000,0x00000000fc880000,0x00000000fe440000)
 ParOldGen       total 51520K, used 26980K [0x00000000d4a00000, 0x00000000d7c50000, 0x00000000f18b0000)
  object space 51520K, 52% used [0x00000000d4a00000,0x00000000d64590c0,0x00000000d7c50000)
 PSPermGen       total 30784K, used 13690K [0x00000000ca400000, 0x00000000cc210000, 0x00000000d4a00000)
  object space 30784K, 44% used [0x00000000ca400000,0x00000000cb15e890,0x00000000cc210000)
Event: 75.935 GC heap after
Heap after GC invocations=19 (full 2):
 PSYoungGen      total 198528K, used 18464K [0x00000000f18b0000, 0x0000000100000000, 0x0000000100000000)
  eden space 180032K, 0% used [0x00000000f18b0000,0x00000000f18b0000,0x00000000fc880000)
  from space 18496K, 99% used [0x00000000fc880000,0x00000000fda88000,0x00000000fda90000)
  to   space 29120K, 0% used [0x00000000fe390000,0x00000000fe390000,0x0000000100000000)
 ParOldGen       total 51520K, used 26988K [0x00000000d4a00000, 0x00000000d7c50000, 0x00000000f18b0000)
  object space 51520K, 52% used [0x00000000d4a00000,0x00000000d645b0c0,0x00000000d7c50000)
 PSPermGen       total 30784K, used 13690K [0x00000000ca400000, 0x00000000cc210000, 0x00000000d4a00000)
  object space 30784K, 44% used [0x00000000ca400000,0x00000000cb15e890,0x00000000cc210000)
}
Event: 83.651 GC heap before
{Heap before GC invocations=20 (full 2):
 PSYoungGen      total 198528K, used 198496K [0x00000000f18b0000, 0x0000000100000000, 0x0000000100000000)
  eden space 180032K, 100% used [0x00000000f18b0000,0x00000000fc880000,0x00000000fc880000)
  from space 18496K, 99% used [0x00000000fc880000,0x00000000fda88000,0x00000000fda90000)
  to   space 29120K, 0% used [0x00000000fe390000,0x00000000fe390000,0x0000000100000000)
 ParOldGen       total 51520K, used 26988K [0x00000000d4a00000, 0x00000000d7c50000, 0x00000000f18b0000)
  object space 51520K, 52% used [0x00000000d4a00000,0x00000000d645b0c0,0x00000000d7c50000)
 PSPermGen       total 30784K, used 13697K [0x00000000ca400000, 0x00000000cc210000, 0x00000000d4a00000)
  object space 30784K, 44% used [0x00000000ca400000,0x00000000cb160470,0x00000000cc210000)
Event: 83.853 GC heap after
Heap after GC invocations=20 (full 2):
 PSYoungGen      total 207232K, used 18080K [0x00000000f18b0000, 0x0000000100000000, 0x0000000100000000)
  eden space 178112K, 0% used [0x00000000f18b0000,0x00000000f18b0000,0x00000000fc6a0000)
  from space 29120K, 62% used [0x00000000fe390000,0x00000000ff538000,0x0000000100000000)
  to   space 29376K, 0% used [0x00000000fc6a0000,0x00000000fc6a0000,0x00000000fe350000)
 ParOldGen       total 51520K, used 26996K [0x00000000d4a00000, 0x00000000d7c50000, 0x00000000f18b0000)
  object space 51520K, 52% used [0x00000000d4a00000,0x00000000d645d0c0,0x00000000d7c50000)
 PSPermGen       total 30784K, used 13697K [0x00000000ca400000, 0x00000000cc210000, 0x00000000d4a00000)
  object space 30784K, 44% used [0x00000000ca400000,0x00000000cb160470,0x00000000cc210000)
}

Deoptimization events (10 events):
Event: 18.121 Thread 0x0000000001881000 Uncommon trap -58 fr.pc 0x00007f79ae2e5554
Event: 18.122 Thread 0x0000000001881000 Uncommon trap -58 fr.pc 0x00007f79ae2e5554
Event: 18.122 Thread 0x0000000001881000 Uncommon trap -58 fr.pc 0x00007f79ae2e5554
Event: 18.122 Thread 0x0000000001881000 Uncommon trap -58 fr.pc 0x00007f79ae2ed2a8
Event: 20.006 Thread 0x0000000001916000 Uncommon trap -83 fr.pc 0x00007f79ae3050dc
Event: 33.478 Thread 0x0000000001916000 Uncommon trap -34 fr.pc 0x00007f79ae2d3b10
Event: 86.418 Thread 0x0000000001881000 Uncommon trap -12 fr.pc 0x00007f79ae34251c
Event: 91.716 Thread 0x0000000001881000 Uncommon trap -83 fr.pc 0x00007f79ae34bdac
Event: 91.717 Thread 0x0000000001881000 Uncommon trap -83 fr.pc 0x00007f79ae31d15c
Event: 91.880 Thread 0x0000000001fcd000 Uncommon trap -83 fr.pc 0x00007f79ae2d67a0

Internal exceptions (10 events):
Event: 17.687 Thread 0x0000000001881000 Threw 0x00000000f27a2cd8 at /build/openjdk-6-yB9NL0/openjdk-6-6b31-1.13.3/build/openjdk/hotspot/src/share/vm/classfile/systemDictio
Event: 17.687 Thread 0x0000000001881000 Threw 0x00000000f27a3080 at /build/openjdk-6-yB9NL0/openjdk-6-6b31-1.13.3/build/openjdk/hotspot/src/share/vm/prims/jvm.cpp:1235
Event: 17.702 Thread 0x0000000001881000 Threw 0x00000000f27a5dc0 at /build/openjdk-6-yB9NL0/openjdk-6-6b31-1.13.3/build/openjdk/hotspot/src/share/vm/classfile/systemDictio
Event: 17.702 Thread 0x0000000001881000 Threw 0x00000000f27a61d0 at /build/openjdk-6-yB9NL0/openjdk-6-6b31-1.13.3/build/openjdk/hotspot/src/share/vm/prims/jvm.cpp:1235
Event: 17.710 Thread 0x0000000001881000 Threw 0x00000000f27a8990 at /build/openjdk-6-yB9NL0/openjdk-6-6b31-1.13.3/build/openjdk/hotspot/src/share/vm/classfile/systemDictio
Event: 17.710 Thread 0x0000000001881000 Threw 0x00000000f27a8d88 at /build/openjdk-6-yB9NL0/openjdk-6-6b31-1.13.3/build/openjdk/hotspot/src/share/vm/prims/jvm.cpp:1235
Event: 86.417 Thread 0x0000000001881000 Implicit null exception at 0x00007f79ae341bc8 to 0x00007f79ae342511
Event: 91.879 Thread 0x0000000001fcd000 Threw 0x00000000fc0a0c30 at /build/openjdk-6-yB9NL0/openjdk-6-6b31-1.13.3/build/openjdk/hotspot/src/share/vm/classfile/systemDictio
Event: 91.880 Thread 0x0000000001fcd000 Threw 0x00000000fc0a0f78 at /build/openjdk-6-yB9NL0/openjdk-6-6b31-1.13.3/build/openjdk/hotspot/src/share/vm/prims/jvm.cpp:1235
Event: 91.880 Thread 0x0000000001fcd000 Implicit null exception at 0x00007f79ae2d66d4 to 0x00007f79ae2d678d

Events (10 events):
Event: 91.976 Executing VM operation: RevokeBias done
Event: 91.977 Thread 0x0000000001fcd800 Thread exited: 0x0000000001fcd800
Event: 92.326 Executing VM operation: RevokeBias
Event: 92.327 Executing VM operation: RevokeBias done
Event: 92.327 Thread 0x0000000001b0c000 Thread exited: 0x0000000001b0c000
Event: 92.328 Thread 0x0000000001fcd000 Thread exited: 0x0000000001fcd000
Event: 92.328 loading class 0x000000000194b1c0
Event: 92.330 loading class 0x000000000194b1c0 done
Event: 92.331 Thread 0x000000000196c800 Thread exited: 0x000000000196c800
Event: 92.332 Executing VM operation: Exit


Dynamic libraries:
00400000-00409000 r-xp 00000000 08:01 9573694                            /usr/lib/jvm/java-6-openjdk-amd64/jre/bin/java
00608000-00609000 rw-p 00008000 08:01 9573694                            /usr/lib/jvm/java-6-openjdk-amd64/jre/bin/java
01874000-221b3000 rw-p 00000000 00:00 0                                  [heap]
402c4000-40342000 rw-p 00000000 00:00 0 
4169f000-416a1000 r-xs 00000000 08:01 7471822                            /tmp/glTyWcYX (deleted)
ca400000-cc210000 rw-p 00000000 00:00 0 
cc210000-d4a00000 rw-p 00000000 00:00 0 
d4a00000-d7c50000 rw-p 00000000 00:00 0 
d7c50000-f18b0000 rw-p 00000000 00:00 0 
f18b0000-100000000 rw-p 00000000 00:00 0 
7f7958000000-7f795dd89000 rw-p 00000000 00:00 0 
7f795dd89000-7f7960000000 ---p 00000000 00:00 0 
7f7960000000-7f7963fff000 rw-p 00000000 00:00 0 
7f7963fff000-7f7964000000 ---p 00000000 00:00 0 
7f7964000000-7f7968000000 rw-p 00000000 00:00 0 
7f7968000000-7f7970000000 rw-p 00000000 00:00 0 
7f7970000000-7f7978000000 rw-p 00000000 00:00 0 
7f7978000000-7f7980000000 rw-p 00000000 00:00 0 
7f7980000000-7f79838fb000 rw-p 00000000 00:00 0 
7f79838fb000-7f7984000000 ---p 00000000 00:00 0 
7f7987dfe000-7f7987e01000 ---p 00000000 00:00 0 
7f7987e01000-7f7987eff000 rw-p 00000000 00:00 0 
7f7987eff000-7f7987f02000 ---p 00000000 00:00 0 
7f7987f02000-7f7988000000 rw-p 00000000 00:00 0 
7f7988000000-7f7990000000 rw-p 00000000 00:00 0 
7f7990000000-7f7994000000 rw-p 00000000 00:00 0 
7f7994027000-7f799402a000 ---p 00000000 00:00 0 
7f799402a000-7f7994128000 rw-p 00000000 00:00 0 
7f7994128000-7f799412b000 ---p 00000000 00:00 0 
7f799412b000-7f7994229000 rw-p 00000000 00:00 0 
7f7994229000-7f7994629000 rw-s 292ae000 00:05 6200                       /dev/nvidia0
7f7994629000-7f7994829000 rw-s 33045000 00:05 6200                       /dev/nvidia0
7f7994829000-7f7994b38000 rw-p 00000000 00:00 0 
7f7994b43000-7f7994b46000 r-xp 00000000 08:01 1185399                    /home/freemac/workspaceLWJGL/Arc2D/libjinput-linux64.so
7f7994b46000-7f7994d45000 ---p 00003000 08:01 1185399                    /home/freemac/workspaceLWJGL/Arc2D/libjinput-linux64.so
7f7994d45000-7f7994d46000 r--p 00002000 08:01 1185399                    /home/freemac/workspaceLWJGL/Arc2D/libjinput-linux64.so
7f7994d46000-7f7994d47000 rw-p 00003000 08:01 1185399                    /home/freemac/workspaceLWJGL/Arc2D/libjinput-linux64.so
7f7994d47000-7f7994d4a000 ---p 00000000 00:00 0 
7f7994d4a000-7f7994e48000 rw-p 00000000 00:00 0 
7f7994f3d000-7f7994f40000 ---p 00000000 00:00 0 
7f7994f40000-7f799503e000 rw-p 00000000 00:00 0 
7f799503e000-7f799503f000 ---p 00000000 00:00 0 
7f799503f000-7f799513f000 rw-p 00000000 00:00 0 
7f799513f000-7f7999140000 rw-s 00000000 00:11 14756                      /run/shm/pulse-shm-4284995721
7f7999140000-7f7999141000 ---p 00000000 00:00 0 
7f7999141000-7f7999941000 rw-p 00000000 00:00 0 
7f7999941000-7f7999954000 r-xp 00000000 08:01 10749060                   /lib/x86_64-linux-gnu/libresolv-2.13.so
7f7999954000-7f7999b53000 ---p 00013000 08:01 10749060                   /lib/x86_64-linux-gnu/libresolv-2.13.so
7f7999b53000-7f7999b54000 r--p 00012000 08:01 10749060                   /lib/x86_64-linux-gnu/libresolv-2.13.so
7f7999b54000-7f7999b55000 rw-p 00013000 08:01 10749060                   /lib/x86_64-linux-gnu/libresolv-2.13.so
7f7999b55000-7f7999b57000 rw-p 00000000 00:00 0 
7f7999b57000-7f7999b5d000 r-xp 00000000 08:01 8659035                    /usr/lib/x86_64-linux-gnu/libogg.so.0.8.0
7f7999b5d000-7f7999d5c000 ---p 00006000 08:01 8659035                    /usr/lib/x86_64-linux-gnu/libogg.so.0.8.0
7f7999d5c000-7f7999d5d000 rw-p 00005000 08:01 8659035                    /usr/lib/x86_64-linux-gnu/libogg.so.0.8.0
7f7999d5d000-7f7999d89000 r-xp 00000000 08:01 8659039                    /usr/lib/x86_64-linux-gnu/libvorbis.so.0.4.5
7f7999d89000-7f7999f88000 ---p 0002c000 08:01 8659039                    /usr/lib/x86_64-linux-gnu/libvorbis.so.0.4.5
7f7999f88000-7f7999f89000 r--p 0002b000 08:01 8659039                    /usr/lib/x86_64-linux-gnu/libvorbis.so.0.4.5
7f7999f89000-7f7999f8a000 rw-p 0002c000 08:01 8659039                    /usr/lib/x86_64-linux-gnu/libvorbis.so.0.4.5
7f7999f8a000-7f799a23d000 r-xp 00000000 08:01 8661037                    /usr/lib/x86_64-linux-gnu/libvorbisenc.so.2.0.8
7f799a23d000-7f799a43c000 ---p 002b3000 08:01 8661037                    /usr/lib/x86_64-linux-gnu/libvorbisenc.so.2.0.8
7f799a43c000-7f799a458000 r--p 002b2000 08:01 8661037                    /usr/lib/x86_64-linux-gnu/libvorbisenc.so.2.0.8
7f799a458000-7f799a459000 rw-p 002ce000 08:01 8661037                    /usr/lib/x86_64-linux-gnu/libvorbisenc.so.2.0.8
7f799a459000-7f799a4a4000 r-xp 00000000 08:01 8661035                    /usr/lib/x86_64-linux-gnu/libFLAC.so.8.2.0
7f799a4a4000-7f799a6a3000 ---p 0004b000 08:01 8661035                    /usr/lib/x86_64-linux-gnu/libFLAC.so.8.2.0
7f799a6a3000-7f799a6a4000 r--p 0004a000 08:01 8661035                    /usr/lib/x86_64-linux-gnu/libFLAC.so.8.2.0
7f799a6a4000-7f799a6a5000 rw-p 0004b000 08:01 8661035                    /usr/lib/x86_64-linux-gnu/libFLAC.so.8.2.0
7f799a6a5000-7f799a6a9000 r-xp 00000000 08:01 10747973                   /lib/x86_64-linux-gnu/libuuid.so.1.3.0
7f799a6a9000-7f799a8a8000 ---p 00004000 08:01 10747973                   /lib/x86_64-linux-gnu/libuuid.so.1.3.0
7f799a8a8000-7f799a8a9000 r--p 00003000 08:01 10747973                   /lib/x86_64-linux-gnu/libuuid.so.1.3.0
7f799a8a9000-7f799a8aa000 rw-p 00004000 08:01 10747973                   /lib/x86_64-linux-gnu/libuuid.so.1.3.0
7f799a8aa000-7f799a8ae000 r-xp 00000000 08:01 10747932                   /lib/x86_64-linux-gnu/libattr.so.1.1.0
7f799a8ae000-7f799aaad000 ---p 00004000 08:01 10747932                   /lib/x86_64-linux-gnu/libattr.so.1.1.0
7f799aaad000-7f799aaae000 r--p 00003000 08:01 10747932                   /lib/x86_64-linux-gnu/libattr.so.1.1.0
7f799aaae000-7f799aaaf000 rw-p 00004000 08:01 10747932                   /lib/x86_64-linux-gnu/libattr.so.1.1.0
7f799aaaf000-7f799aab4000 r-xp 00000000 08:01 8661033                    /usr/lib/x86_64-linux-gnu/libasyncns.so.0.3.1
7f799aab4000-7f799acb3000 ---p 00005000 08:01 8661033                    /usr/lib/x86_64-linux-gnu/libasyncns.so.0.3.1
7f799acb3000-7f799acb4000 rw-p 00004000 08:01 8661033                    /usr/lib/x86_64-linux-gnu/libasyncns.so.0.3.1
7f799acb4000-7f799ad15000 r-xp 00000000 08:01 8661039                    /usr/lib/x86_64-linux-gnu/libsndfile.so.1.0.25
7f799ad15000-7f799af14000 ---p 00061000 08:01 8661039                    /usr/lib/x86_64-linux-gnu/libsndfile.so.1.0.25
7f799af14000-7f799af16000 r--p 00060000 08:01 8661039                    /usr/lib/x86_64-linux-gnu/libsndfile.so.1.0.25
7f799af16000-7f799af17000 rw-p 00062000 08:01 8661039                    /usr/lib/x86_64-linux-gnu/libsndfile.so.1.0.25
7f799af17000-7f799af1b000 rw-p 00000000 00:00 0 
7f799af1b000-7f799af24000 r-xp 00000000 08:01 10748412                   /lib/x86_64-linux-gnu/libwrap.so.0.7.6
7f799af24000-7f799b123000 ---p 00009000 08:01 10748412                   /lib/x86_64-linux-gnu/libwrap.so.0.7.6
7f799b123000-7f799b124000 r--p 00008000 08:01 10748412                   /lib/x86_64-linux-gnu/libwrap.so.0.7.6
7f799b124000-7f799b125000 rw-p 00009000 08:01 10748412                   /lib/x86_64-linux-gnu/libwrap.so.0.7.6
7f799b125000-7f799b126000 rw-p 00000000 00:00 0 
7f799b126000-7f799b12d000 r-xp 00000000 08:01 8659581                    /usr/lib/x86_64-linux-gnu/libSM.so.6.0.1
7f799b12d000-7f799b32c000 ---p 00007000 08:01 8659581                    /usr/lib/x86_64-linux-gnu/libSM.so.6.0.1
7f799b32c000-7f799b32d000 rw-p 00006000 08:01 8659581                    /usr/lib/x86_64-linux-gnu/libSM.so.6.0.1
7f799b32d000-7f799b344000 r-xp 00000000 08:01 8659579                    /usr/lib/x86_64-linux-gnu/libICE.so.6.3.0
7f799b344000-7f799b543000 ---p 00017000 08:01 8659579                    /usr/lib/x86_64-linux-gnu/libICE.so.6.3.0
7f799b543000-7f799b545000 rw-p 00016000 08:01 8659579                    /usr/lib/x86_64-linux-gnu/libICE.so.6.3.0
7f799b545000-7f799b548000 rw-p 00000000 00:00 0 
7f799b548000-7f799b549000 r-xp 00000000 08:01 8657984                    /usr/lib/x86_64-linux-gnu/libX11-xcb.so.1.0.0
7f799b549000-7f799b748000 ---p 00001000 08:01 8657984                    /usr/lib/x86_64-linux-gnu/libX11-xcb.so.1.0.0
7f799b748000-7f799b749000 rw-p 00000000 08:01 8657984                    /usr/lib/x86_64-linux-gnu/libX11-xcb.so.1.0.0
7f799b749000-7f799b74d000 r-xp 00000000 08:01 10748393                   /lib/x86_64-linux-gnu/libcap.so.2.22
7f799b74d000-7f799b94c000 ---p 00004000 08:01 10748393                   /lib/x86_64-linux-gnu/libcap.so.2.22
7f799b94c000-7f799b94d000 rw-p 00003000 08:01 10748393                   /lib/x86_64-linux-gnu/libcap.so.2.22
7f799b94d000-7f799b991000 r-xp 00000000 08:01 10748416                   /lib/x86_64-linux-gnu/libdbus-1.so.3.7.2
7f799b991000-7f799bb91000 ---p 00044000 08:01 10748416                   /lib/x86_64-linux-gnu/libdbus-1.so.3.7.2
7f799bb91000-7f799bb92000 r--p 00044000 08:01 10748416                   /lib/x86_64-linux-gnu/libdbus-1.so.3.7.2
7f799bb92000-7f799bb93000 rw-p 00045000 08:01 10748416                   /lib/x86_64-linux-gnu/libdbus-1.so.3.7.2
7f799bb93000-7f799bbf4000 r-xp 00000000 08:01 9307022                    /usr/lib/x86_64-linux-gnu/pulseaudio/libpulsecommon-2.0.so
7f799bbf4000-7f799bdf3000 ---p 00061000 08:01 9307022                    /usr/lib/x86_64-linux-gnu/pulseaudio/libpulsecommon-2.0.so
7f799bdf3000-7f799bdf4000 r--p 00060000 08:01 9307022                    /usr/lib/x86_64-linux-gnu/pulseaudio/libpulsecommon-2.0.so
7f799bdf4000-7f799bdf6000 rw-p 00061000 08:01 9307022                    /usr/lib/x86_64-linux-gnu/pulseaudio/libpulsecommon-2.0.so
7f799bdf6000-7f799bdff000 r-xp 00000000 08:01 10748459                   /lib/x86_64-linux-gnu/libjson.so.0.1.0
7f799bdff000-7f799bffe000 ---p 00009000 08:01 10748459                   /lib/x86_64-linux-gnu/libjson.so.0.1.0
7f799bffe000-7f799bfff000 r--p 00008000 08:01 10748459                   /lib/x86_64-linux-gnu/libjson.so.0.1.0
7f799bfff000-7f799c000000 rw-p 00009000 08:01 10748459                   /lib/x86_64-linux-gnu/libjson.so.0.1.0
7f799c000000-7f79a0000000 rw-p 00000000 00:00 0 
7f79a00de000-7f79a0127000 r-xp 00000000 08:01 8661041                    /usr/lib/x86_64-linux-gnu/libpulse.so.0.14.2
7f79a0127000-7f79a0326000 ---p 00049000 08:01 8661041                    /usr/lib/x86_64-linux-gnu/libpulse.so.0.14.2
7f79a0326000-7f79a0327000 r--p 00048000 08:01 8661041                    /usr/lib/x86_64-linux-gnu/libpulse.so.0.14.2
7f79a0327000-7f79a0328000 rw-p 00049000 08:01 8661041                    /usr/lib/x86_64-linux-gnu/libpulse.so.0.14.2
7f79a0348000-7f79a039d000 r-xp 00000000 08:01 1185405                    /home/freemac/workspaceLWJGL/Arc2D/libopenal64.so
7f79a039d000-7f79a059c000 ---p 00055000 08:01 1185405                    /home/freemac/workspaceLWJGL/Arc2D/libopenal64.so
7f79a059c000-7f79a059f000 r--p 00054000 08:01 1185405                    /home/freemac/workspaceLWJGL/Arc2D/libopenal64.so
7f79a059f000-7f79a05a0000 rw-p 00057000 08:01 1185405                    /home/freemac/workspaceLWJGL/Arc2D/libopenal64.so
7f79a05a0000-7f79a05a1000 rw-p 00000000 00:00 0 
7f79a05a1000-7f79a075e000 rw-s 00000000 00:04 4554756                    /SYSV00000000 (deleted)
7f79a075e000-7f79a095e000 rw-s 277ab000 00:05 6200                       /dev/nvidia0
7f79a095e000-7f79a0a5e000 rw-s 37621000 00:05 6200                       /dev/nvidia0
7f79a0a5e000-7f79a0a9e000 rw-s 293a1000 00:05 6200                       /dev/nvidia0
7f79a0abe000-7f79a0b5c000 rw-p 00000000 00:00 0 
7f79a0b5c000-7f79a0b64000 r-xp 00000000 08:01 9573729                    /usr/lib/jvm/java-6-openjdk-amd64/jre/lib/amd64/libnio.so
7f79a0b64000-7f79a0d63000 ---p 00008000 08:01 9573729                    /usr/lib/jvm/java-6-openjdk-amd64/jre/lib/amd64/libnio.so
7f79a0d63000-7f79a0d64000 rw-p 00007000 08:01 9573729                    /usr/lib/jvm/java-6-openjdk-amd64/jre/lib/amd64/libnio.so
7f79a0d64000-7f79a0d79000 r-xp 00000000 08:01 9573895                    /usr/lib/jvm/java-6-openjdk-amd64/jre/lib/amd64/libnet.so
7f79a0d79000-7f79a0f79000 ---p 00015000 08:01 9573895                    /usr/lib/jvm/java-6-openjdk-amd64/jre/lib/amd64/libnet.so
7f79a0f79000-7f79a0f7a000 rw-p 00015000 08:01 9573895                    /usr/lib/jvm/java-6-openjdk-amd64/jre/lib/amd64/libnet.so
7f79a0f7a000-7f79a0f7d000 ---p 00000000 00:00 0 
7f79a0f7d000-7f79a107b000 rw-p 00000000 00:00 0 
7f79a107b000-7f79a2a4b000 r-xp 00000000 08:01 8655813                    /usr/lib/x86_64-linux-gnu/libnvidia-glcore.so.304.117
7f79a2a4b000-7f79a2c4a000 ---p 019d0000 08:01 8655813                    /usr/lib/x86_64-linux-gnu/libnvidia-glcore.so.304.117
7f79a2c4a000-7f79a344b000 rwxp 019cf000 08:01 8655813                    /usr/lib/x86_64-linux-gnu/libnvidia-glcore.so.304.117
7f79a344b000-7f79a3465000 rwxp 00000000 00:00 0 
7f79a3465000-7f79a3468000 r-xp 00000000 08:01 8655811                    /usr/lib/x86_64-linux-gnu/tls/libnvidia-tls.so.304.117
7f79a3468000-7f79a3667000 ---p 00003000 08:01 8655811                    /usr/lib/x86_64-linux-gnu/tls/libnvidia-tls.so.304.117
7f79a3667000-7f79a3668000 rw-p 00002000 08:01 8655811                    /usr/lib/x86_64-linux-gnu/tls/libnvidia-tls.so.304.117
7f79a3668000-7f79a3732000 r-xp 00000000 08:01 8655815                    /usr/lib/x86_64-linux-gnu/nvidia/current/libGL.so.304.117
7f79a3732000-7f79a3932000 ---p 000ca000 08:01 8655815                    /usr/lib/x86_64-linux-gnu/nvidia/current/libGL.so.304.117
7f79a3932000-7f79a396f000 rwxp 000ca000 08:01 8655815                    /usr/lib/x86_64-linux-gnu/nvidia/current/libGL.so.304.117
7f79a396f000-7f79a3985000 rwxp 00000000 00:00 0 
7f79a3985000-7f79a3989000 r-xp 00000000 08:01 8657992                    /usr/lib/x86_64-linux-gnu/libXxf86vm.so.1.0.0
7f79a3989000-7f79a3b89000 ---p 00004000 08:01 8657992                    /usr/lib/x86_64-linux-gnu/libXxf86vm.so.1.0.0
7f79a3b89000-7f79a3b8a000 r--p 00004000 08:01 8657992                    /usr/lib/x86_64-linux-gnu/libXxf86vm.so.1.0.0
7f79a3b8a000-7f79a3b8b000 rw-p 00005000 08:01 8657992                    /usr/lib/x86_64-linux-gnu/libXxf86vm.so.1.0.0
7f79a3b8b000-7f79a3b92000 r-xp 00000000 08:01 8658298                    /usr/lib/x86_64-linux-gnu/libXrandr.so.2.2.0
7f79a3b92000-7f79a3d92000 ---p 00007000 08:01 8658298                    /usr/lib/x86_64-linux-gnu/libXrandr.so.2.2.0
7f79a3d92000-7f79a3d93000 rw-p 00007000 08:01 8658298                    /usr/lib/x86_64-linux-gnu/libXrandr.so.2.2.0
7f79a3d93000-7f79a3dfd000 r-xp 00000000 08:01 1185403                    /home/freemac/workspaceLWJGL/Arc2D/liblwjgl64.so
7f79a3dfd000-7f79a3ffd000 ---p 0006a000 08:01 1185403                    /home/freemac/workspaceLWJGL/Arc2D/liblwjgl64.so
7f79a3ffd000-7f79a3fff000 r--p 0006a000 08:01 1185403                    /home/freemac/workspaceLWJGL/Arc2D/liblwjgl64.so
7f79a3fff000-7f79a4000000 rw-p 0006c000 08:01 1185403                    /home/freemac/workspaceLWJGL/Arc2D/liblwjgl64.so
7f79a4000000-7f79a8000000 rw-p 00000000 00:00 0 
7f79a8001000-7f79a8008000 r--s 00000000 08:01 8671037                    /usr/lib/x86_64-linux-gnu/gconv/gconv-modules.cache
7f79a8008000-7f79a800a000 rw-p 00000000 00:00 0 
7f79a800a000-7f79a800c000 rw-s 00000000 08:01 7471822                    /tmp/glTyWcYX (deleted)
7f79a800c000-7f79a8010000 rw-s 36f1b000 00:05 6200                       /dev/nvidia0
7f79a8010000-7f79a80c1000 rw-p 00000000 00:00 0 
7f79a80c1000-7f79a80c4000 ---p 00000000 00:00 0 
7f79a80c4000-7f79a81c2000 rw-p 00000000 00:00 0 
7f79a81c2000-7f79a81c3000 r-xp 00000000 08:01 9573922                    /usr/lib/jvm/java-6-openjdk-amd64/jre/lib/amd64/libjawt.so
7f79a81c3000-7f79a83c2000 ---p 00001000 08:01 9573922                    /usr/lib/jvm/java-6-openjdk-amd64/jre/lib/amd64/libjawt.so
7f79a83c2000-7f79a83c3000 rw-p 00000000 08:01 9573922                    /usr/lib/jvm/java-6-openjdk-amd64/jre/lib/amd64/libjawt.so
7f79a83c3000-7f79a83c6000 ---p 00000000 00:00 0 
7f79a83c6000-7f79a84c4000 rw-p 00000000 00:00 0 
7f79a84c4000-7f79a84c5000 r--s 00000000 08:01 10883151                   /var/cache/fontconfig/c05880de57d1f5e948fdfacc138775d9-le64.cache-3
7f79a84c5000-7f79a84ce000 r--s 00000000 08:01 10883129                   /var/cache/fontconfig/945677eb7aeaf62f1d50efc3fb3ec7d8-le64.cache-3
7f79a84ce000-7f79a84d7000 r--s 00000000 08:01 10883148                   /var/cache/fontconfig/6d41288fd70b0be22e8c3a91e032eec0-le64.cache-3
7f79a84d7000-7f79a84d8000 r--s 00000000 08:01 10883147                   /var/cache/fontconfig/4794a0821666d79190d59a36cb4f44b5-le64.cache-3
7f79a84d8000-7f79a84db000 r--s 00000000 08:01 10883146                   /var/cache/fontconfig/c57959a16110560c8d0fcea73374aeeb-le64.cache-3
7f79a84db000-7f79a84e0000 r--s 00000000 08:01 10883145                   /var/cache/fontconfig/3047814df9a2f067bd2d96a2b9c36e5a-le64.cache-3
7f79a84e0000-7f79a84f1000 r--s 00000000 08:01 10882105                   /var/cache/fontconfig/d52a8644073d54c13679302ca1180695-le64.cache-3
7f79a84f1000-7f79a84f2000 rw-s e8005000 00:05 6200                       /dev/nvidia0
7f79a84f2000-7f79a84f3000 rw-s a965a000 00:05 6200                       /dev/nvidia0
7f79a84f3000-7f79a84f7000 rw-s a8472000 00:05 6200                       /dev/nvidia0
7f79a84f7000-7f79a8514000 rw-s a907c000 00:05 6200                       /dev/nvidia0
7f79a8514000-7f79a851f000 r--s 00099000 08:01 1185396                    /home/freemac/workspaceLWJGL/Arc2D/lib/slick.jar
7f79a851f000-7f79a8524000 r-xp 00000000 08:01 8657962                    /usr/lib/x86_64-linux-gnu/libXfixes.so.3.1.0
7f79a8524000-7f79a8723000 ---p 00005000 08:01 8657962                    /usr/lib/x86_64-linux-gnu/libXfixes.so.3.1.0
7f79a8723000-7f79a8724000 r--p 00004000 08:01 8657962                    /usr/lib/x86_64-linux-gnu/libXfixes.so.3.1.0
7f79a8724000-7f79a8725000 rw-p 00005000 08:01 8657962                    /usr/lib/x86_64-linux-gnu/libXfixes.so.3.1.0
7f79a8725000-7f79a872f000 r-xp 00000000 08:01 8658286                    /usr/lib/x86_64-linux-gnu/libXcursor.so.1.0.2
7f79a872f000-7f79a892e000 ---p 0000a000 08:01 8658286                    /usr/lib/x86_64-linux-gnu/libXcursor.so.1.0.2
7f79a892e000-7f79a892f000 rw-p 00009000 08:01 8658286                    /usr/lib/x86_64-linux-gnu/libXcursor.so.1.0.2
7f79a892f000-7f79a8930000 rw-s fdc08000 00:05 6200                       /dev/nvidia0
7f79a8930000-7f79a8931000 rw-s fd641000 00:05 6200                       /dev/nvidia0
7f79a8931000-7f79a8932000 rw-s aace6000 00:05 6200                       /dev/nvidia0
7f79a8932000-7f79a8933000 r--s 00001000 08:01 1185395                    /home/freemac/workspaceLWJGL/Arc2D/lib/slick-examples.jar
7f79a8933000-7f79a8934000 r--s 000b4000 08:01 1185394                    /home/freemac/workspaceLWJGL/Arc2D/lib/natives-windows.jar
7f79a8934000-7f79a8936000 r--s 0000d000 08:01 1185385                    /home/freemac/workspaceLWJGL/Arc2D/lib/jorbis-0.0.15.jar
7f79a8936000-7f79a8937000 r--s 00001000 08:01 1185384                    /home/freemac/workspaceLWJGL/Arc2D/lib/jogg-0.0.7.jar
7f79a8937000-7f79a8938000 r--s 00001000 08:01 1185383                    /home/freemac/workspaceLWJGL/Arc2D/lib/jnlp.jar
7f79a8938000-7f79a893a000 r--s 00008000 08:01 1185381                    /home/freemac/workspaceLWJGL/Arc2D/lib/ibxm.jar
7f79a893a000-7f79a893c000 r--s 0000c000 08:01 2108608                    /home/freemac/eclipse/plugins/org.hamcrest.core_1.3.0.v201303031735.jar
7f79a893c000-7f79a8942000 r--s 00036000 08:01 2363380                    /home/freemac/eclipse/plugins/org.junit_4.11.0.v201303080030/junit.jar
7f79a8942000-7f79a894f000 r--s 000e6000 08:01 1185387                    /home/freemac/workspaceLWJGL/Arc2D/lib/lwjgl.jar
7f79a894f000-7f79a8956000 r--s 00054000 08:01 9573484                    /usr/lib/jvm/java-6-openjdk-common/jre/lib/resources.jar
7f79a8956000-7f79a895d000 r--s 00000000 08:01 10883128                   /var/cache/fontconfig/3f7329c5293ffd510edef78f73874cfd-le64.cache-3
7f79a895d000-7f79a8967000 r--s 00000000 08:01 10883141                   /var/cache/fontconfig/83bf95040141907cd45bb53cf7c1c148-le64.cache-3
7f79a8967000-7f79a8972000 r--s 00000000 08:01 10885459                   /var/cache/fontconfig/e13b20fdb08344e0e664864cc2ede53d-le64.cache-3
7f79a8972000-7f79a8975000 ---p 00000000 00:00 0 
7f79a8975000-7f79a8a73000 rw-p 00000000 00:00 0 
7f79a8a73000-7f79a8b0c000 r-xp 00000000 08:01 8654482                    /usr/lib/x86_64-linux-gnu/libfreetype.so.6.8.1
7f79a8b0c000-7f79a8d0b000 ---p 00099000 08:01 8654482                    /usr/lib/x86_64-linux-gnu/libfreetype.so.6.8.1
7f79a8d0b000-7f79a8d11000 r--p 00098000 08:01 8654482                    /usr/lib/x86_64-linux-gnu/libfreetype.so.6.8.1
7f79a8d11000-7f79a8d12000 rw-p 0009e000 08:01 8654482                    /usr/lib/x86_64-linux-gnu/libfreetype.so.6.8.1
7f79a8d12000-7f79a8d60000 r-xp 00000000 08:01 9573894                    /usr/lib/jvm/java-6-openjdk-amd64/jre/lib/amd64/libfontmanager.so
7f79a8d60000-7f79a8f60000 ---p 0004e000 08:01 9573894                    /usr/lib/jvm/java-6-openjdk-amd64/jre/lib/amd64/libfontmanager.so
7f79a8f60000-7f79a8f63000 rw-p 0004e000 08:01 9573894                    /usr/lib/jvm/java-6-openjdk-amd64/jre/lib/amd64/libfontmanager.so
7f79a8f63000-7f79a8f68000 r-xp 00000000 08:01 8654504                    /usr/lib/x86_64-linux-gnu/libXdmcp.so.6.0.0
7f79a8f68000-7f79a9167000 ---p 00005000 08:01 8654504                    /usr/lib/x86_64-linux-gnu/libXdmcp.so.6.0.0
7f79a9167000-7f79a9168000 rw-p 00004000 08:01 8654504                    /usr/lib/x86_64-linux-gnu/libXdmcp.so.6.0.0
7f79a9168000-7f79a916a000 r-xp 00000000 08:01 8654500                    /usr/lib/x86_64-linux-gnu/libXau.so.6.0.0
7f79a916a000-7f79a936a000 ---p 00002000 08:01 8654500                    /usr/lib/x86_64-linux-gnu/libXau.so.6.0.0
7f79a936a000-7f79a936b000 rw-p 00002000 08:01 8654500                    /usr/lib/x86_64-linux-gnu/libXau.so.6.0.0
7f79a936b000-7f79a938a000 r-xp 00000000 08:01 8654506                    /usr/lib/x86_64-linux-gnu/libxcb.so.1.1.0
7f79a938a000-7f79a9589000 ---p 0001f000 08:01 8654506                    /usr/lib/x86_64-linux-gnu/libxcb.so.1.1.0
7f79a9589000-7f79a958a000 r--p 0001e000 08:01 8654506                    /usr/lib/x86_64-linux-gnu/libxcb.so.1.1.0
7f79a958a000-7f79a958b000 rw-p 0001f000 08:01 8654506                    /usr/lib/x86_64-linux-gnu/libxcb.so.1.1.0
7f79a958b000-7f79a9599000 r-xp 00000000 08:01 8658290                    /usr/lib/x86_64-linux-gnu/libXi.so.6.1.0
7f79a9599000-7f79a9799000 ---p 0000e000 08:01 8658290                    /usr/lib/x86_64-linux-gnu/libXi.so.6.1.0
7f79a9799000-7f79a979a000 rw-p 0000e000 08:01 8658290                    /usr/lib/x86_64-linux-gnu/libXi.so.6.1.0
7f79a979a000-7f79a979f000 r-xp 00000000 08:01 8660917                    /usr/lib/x86_64-linux-gnu/libXtst.so.6.1.0
7f79a979f000-7f79a999e000 ---p 00005000 08:01 8660917                    /usr/lib/x86_64-linux-gnu/libXtst.so.6.1.0
7f79a999e000-7f79a999f000 rw-p 00004000 08:01 8660917                    /usr/lib/x86_64-linux-gnu/libXtst.so.6.1.0
7f79a999f000-7f79a99a8000 r-xp 00000000 08:01 8656064                    /usr/lib/x86_64-linux-gnu/libXrender.so.1.3.0
7f79a99a8000-7f79a9ba7000 ---p 00009000 08:01 8656064                    /usr/lib/x86_64-linux-gnu/libXrender.so.1.3.0
7f79a9ba7000-7f79a9ba8000 rw-p 00008000 08:01 8656064                    /usr/lib/x86_64-linux-gnu/libXrender.so.1.3.0
7f79a9ba8000-7f79a9cdd000 r-xp 00000000 08:01 8654511                    /usr/lib/x86_64-linux-gnu/libX11.so.6.3.0
7f79a9cdd000-7f79a9edd000 ---p 00135000 08:01 8654511                    /usr/lib/x86_64-linux-gnu/libX11.so.6.3.0
7f79a9edd000-7f79a9ee3000 rw-p 00135000 08:01 8654511                    /usr/lib/x86_64-linux-gnu/libX11.so.6.3.0
7f79a9ee3000-7f79a9ef4000 r-xp 00000000 08:01 8657970                    /usr/lib/x86_64-linux-gnu/libXext.so.6.4.0
7f79a9ef4000-7f79aa0f4000 ---p 00011000 08:01 8657970                    /usr/lib/x86_64-linux-gnu/libXext.so.6.4.0
7f79aa0f4000-7f79aa0f5000 rw-p 00011000 08:01 8657970                    /usr/lib/x86_64-linux-gnu/libXext.so.6.4.0
7f79aa0f5000-7f79aa0f6000 rw-s aa72d000 00:05 6200                       /dev/nvidia0
7f79aa0f6000-7f79aa0f7000 rw-s fd060000 00:05 6200                       /dev/nvidia0
7f79aa0f7000-7f79aa0f9000 r--s 00015000 08:01 1185397                    /home/freemac/workspaceLWJGL/Arc2D/lib/tinylinepp.jar
7f79aa0f9000-7f79aa0fa000 r--s 00000000 08:01 10883151                   /var/cache/fontconfig/c05880de57d1f5e948fdfacc138775d9-le64.cache-3
7f79aa0fa000-7f79aa103000 r--s 00000000 08:01 10883129                   /var/cache/fontconfig/945677eb7aeaf62f1d50efc3fb3ec7d8-le64.cache-3
7f79aa103000-7f79aa10c000 r--s 00000000 08:01 10883148                   /var/cache/fontconfig/6d41288fd70b0be22e8c3a91e032eec0-le64.cache-3
7f79aa10c000-7f79aa10d000 r--s 00000000 08:01 10883147                   /var/cache/fontconfig/4794a0821666d79190d59a36cb4f44b5-le64.cache-3
7f79aa10d000-7f79aa110000 r--s 00000000 08:01 10883146                   /var/cache/fontconfig/c57959a16110560c8d0fcea73374aeeb-le64.cache-3
7f79aa110000-7f79aa115000 r--s 00000000 08:01 10883145                   /var/cache/fontconfig/3047814df9a2f067bd2d96a2b9c36e5a-le64.cache-3
7f79aa115000-7f79aa162000 r-xp 00000000 08:01 9568288                    /usr/lib/jvm/java-6-openjdk-amd64/jre/lib/amd64/xawt/libmawt.so
7f79aa162000-7f79aa361000 ---p 0004d000 08:01 9568288                    /usr/lib/jvm/java-6-openjdk-amd64/jre/lib/amd64/xawt/libmawt.so
7f79aa361000-7f79aa365000 rw-p 0004c000 08:01 9568288                    /usr/lib/jvm/java-6-openjdk-amd64/jre/lib/amd64/xawt/libmawt.so
7f79aa365000-7f79aa366000 rw-p 00000000 00:00 0 
7f79aa366000-7f79aa406000 r-xp 00000000 08:01 9573899                    /usr/lib/jvm/java-6-openjdk-amd64/jre/lib/amd64/libawt.so
7f79aa406000-7f79aa606000 ---p 000a0000 08:01 9573899                    /usr/lib/jvm/java-6-openjdk-amd64/jre/lib/amd64/libawt.so
7f79aa606000-7f79aa611000 rw-p 000a0000 08:01 9573899                    /usr/lib/jvm/java-6-openjdk-amd64/jre/lib/amd64/libawt.so
7f79aa611000-7f79aa636000 rw-p 00000000 00:00 0 
7f79aa636000-7f79aa63a000 r--s 0003c000 08:01 9573493                    /usr/lib/jvm/java-6-openjdk-common/jre/lib/jsse.jar
7f79aa63a000-7f79aa648000 r--s 000e9000 08:01 1185386                    /home/freemac/workspaceLWJGL/Arc2D/lib/lwjgl-debug.jar
7f79aa648000-7f79aa64c000 r--s 00027000 08:01 1185389                    /home/freemac/workspaceLWJGL/Arc2D/lib/lwjgl_util.jar
7f79aa64c000-7f79aa64d000 r--s 00008000 08:01 1185390                    /home/freemac/workspaceLWJGL/Arc2D/lib/lwjgl_util_applet.jar
7f79aa64d000-7f79aa652000 r--s 00041000 08:01 1185388                    /home/freemac/workspaceLWJGL/Arc2D/lib/lwjgl_test.jar
7f79aa652000-7f79aa657000 r--s 00030000 08:01 1185382                    /home/freemac/workspaceLWJGL/Arc2D/lib/jinput.jar
7f79aa657000-7f79aa65c000 r--s 0004a000 08:01 1185380                    /home/freemac/workspaceLWJGL/Arc2D/lib/asm-debug-all.jar
7f79aa65c000-7f79aa65e000 r--s 00000000 08:01 1185379                    /home/freemac/workspaceLWJGL/Arc2D/lib/AppleJavaExtensions.jar
7f79aa65e000-7f79aa65f000 r--s 00007000 08:01 9440938                    /usr/share/java/java-atk-wrapper.jar
7f79aa65f000-7f79aa662000 r--s 00031000 08:01 9573478                    /usr/lib/jvm/java-6-openjdk-common/jre/lib/ext/sunjce_provider.jar
7f79aa662000-7f79aa666000 r--s 00039000 08:01 9573477                    /usr/lib/jvm/java-6-openjdk-common/jre/lib/ext/sunpkcs11.jar
7f79aa666000-7f79aa669000 r--s 00077000 08:01 9573475                    /usr/lib/jvm/java-6-openjdk-common/jre/lib/ext/localedata.jar
7f79aa669000-7f79aa66b000 r--s 0000f000 08:01 9573479                    /usr/lib/jvm/java-6-openjdk-common/jre/lib/ext/pulse-java.jar
7f79aa66b000-7f79aa66d000 r--s 00001000 08:01 9573476                    /usr/lib/jvm/java-6-openjdk-common/jre/lib/ext/dnsns.jar
7f79aa66d000-7f79aa66e000 ---p 00000000 00:00 0 
7f79aa66e000-7f79aa76e000 rw-p 00000000 00:00 0 
7f79aa76e000-7f79aa771000 ---p 00000000 00:00 0 
7f79aa771000-7f79aa86f000 rw-p 00000000 00:00 0 
7f79aa86f000-7f79aa872000 ---p 00000000 00:00 0 
7f79aa872000-7f79aa970000 rw-p 00000000 00:00 0 
7f79aa970000-7f79aa973000 ---p 00000000 00:00 0 
7f79aa973000-7f79aaa71000 rw-p 00000000 00:00 0 
7f79aaa71000-7f79aaa74000 ---p 00000000 00:00 0 
7f79aaa74000-7f79aab72000 rw-p 00000000 00:00 0 
7f79aab72000-7f79aace9000 r--p 00000000 08:01 8653610                    /usr/lib/locale/locale-archive
7f79aace9000-7f79aacec000 ---p 00000000 00:00 0 
7f79aacec000-7f79aadea000 rw-p 00000000 00:00 0 
7f79aadea000-7f79aaded000 ---p 00000000 00:00 0 
7f79aaded000-7f79aaeeb000 rw-p 00000000 00:00 0 
7f79aaeeb000-7f79aaeec000 ---p 00000000 00:00 0 
7f79aaeec000-7f79ab98b000 rw-p 00000000 00:00 0 
7f79ab98b000-7f79abb22000 r--s 01a14000 08:01 9573696                    /usr/lib/jvm/java-6-openjdk-amd64/jre/lib/rt.jar
7f79abb22000-7f79adce2000 rw-p 00000000 00:00 0 
7f79adce2000-7f79adce3000 ---p 00000000 00:00 0 
7f79adce3000-7f79adde3000 rw-p 00000000 00:00 0 
7f79adde3000-7f79adde4000 ---p 00000000 00:00 0 
7f79adde4000-7f79adef4000 rw-p 00000000 00:00 0 
7f79adef4000-7f79adf37000 rw-p 00000000 00:00 0 
7f79adf37000-7f79adf51000 rw-p 00000000 00:00 0 
7f79adf51000-7f79ae01f000 rw-p 00000000 00:00 0 
7f79ae01f000-7f79ae02f000 rw-p 00000000 00:00 0 
7f79ae02f000-7f79ae072000 rw-p 00000000 00:00 0 
7f79ae072000-7f79ae08c000 rw-p 00000000 00:00 0 
7f79ae08c000-7f79ae159000 rw-p 00000000 00:00 0 
7f79ae159000-7f79ae1cd000 rw-p 00000000 00:00 0 
7f79ae1cd000-7f79ae1ce000 rw-p 00000000 00:00 0 
7f79ae1ce000-7f79ae43e000 rwxp 00000000 00:00 0 
7f79ae43e000-7f79b11ce000 rw-p 00000000 00:00 0 
7f79b11ce000-7f79b11d5000 r-xp 00000000 08:01 9573867                    /usr/lib/jvm/java-6-openjdk-amd64/jre/lib/amd64/libzip.so
7f79b11d5000-7f79b13d4000 ---p 00007000 08:01 9573867                    /usr/lib/jvm/java-6-openjdk-amd64/jre/lib/amd64/libzip.so
7f79b13d4000-7f79b13d5000 rw-p 00006000 08:01 9573867                    /usr/lib/jvm/java-6-openjdk-amd64/jre/lib/amd64/libzip.so
7f79b13d5000-7f79b13e0000 r-xp 00000000 08:01 10751481                   /lib/x86_64-linux-gnu/libnss_files-2.13.so
7f79b13e0000-7f79b15df000 ---p 0000b000 08:01 10751481                   /lib/x86_64-linux-gnu/libnss_files-2.13.so
7f79b15df000-7f79b15e0000 r--p 0000a000 08:01 10751481                   /lib/x86_64-linux-gnu/libnss_files-2.13.so
7f79b15e0000-7f79b15e1000 rw-p 0000b000 08:01 10751481                   /lib/x86_64-linux-gnu/libnss_files-2.13.so
7f79b15e1000-7f79b15eb000 r-xp 00000000 08:01 10751477                   /lib/x86_64-linux-gnu/libnss_nis-2.13.so
7f79b15eb000-7f79b17ea000 ---p 0000a000 08:01 10751477                   /lib/x86_64-linux-gnu/libnss_nis-2.13.so
7f79b17ea000-7f79b17eb000 r--p 00009000 08:01 10751477                   /lib/x86_64-linux-gnu/libnss_nis-2.13.so
7f79b17eb000-7f79b17ec000 rw-p 0000a000 08:01 10751477                   /lib/x86_64-linux-gnu/libnss_nis-2.13.so
7f79b17ec000-7f79b17f3000 r-xp 00000000 08:01 10751470                   /lib/x86_64-linux-gnu/libnss_compat-2.13.so
7f79b17f3000-7f79b19f2000 ---p 00007000 08:01 10751470                   /lib/x86_64-linux-gnu/libnss_compat-2.13.so
7f79b19f2000-7f79b19f3000 r--p 00006000 08:01 10751470                   /lib/x86_64-linux-gnu/libnss_compat-2.13.so
7f79b19f3000-7f79b19f4000 rw-p 00007000 08:01 10751470                   /lib/x86_64-linux-gnu/libnss_compat-2.13.so
7f79b19f4000-7f79b1a09000 r-xp 00000000 08:01 10751475                   /lib/x86_64-linux-gnu/libnsl-2.13.so
7f79b1a09000-7f79b1c08000 ---p 00015000 08:01 10751475                   /lib/x86_64-linux-gnu/libnsl-2.13.so
7f79b1c08000-7f79b1c09000 r--p 00014000 08:01 10751475                   /lib/x86_64-linux-gnu/libnsl-2.13.so
7f79b1c09000-7f79b1c0a000 rw-p 00015000 08:01 10751475                   /lib/x86_64-linux-gnu/libnsl-2.13.so
7f79b1c0a000-7f79b1c0c000 rw-p 00000000 00:00 0 
7f79b1c0c000-7f79b1c3a000 r-xp 00000000 08:01 9573896                    /usr/lib/jvm/java-6-openjdk-amd64/jre/lib/amd64/libjava.so
7f79b1c3a000-7f79b1e39000 ---p 0002e000 08:01 9573896                    /usr/lib/jvm/java-6-openjdk-amd64/jre/lib/amd64/libjava.so
7f79b1e39000-7f79b1e3d000 rw-p 0002d000 08:01 9573896                    /usr/lib/jvm/java-6-openjdk-amd64/jre/lib/amd64/libjava.so
7f79b1e3d000-7f79b1e4c000 r-xp 00000000 08:01 9573897                    /usr/lib/jvm/java-6-openjdk-amd64/jre/lib/amd64/libverify.so
7f79b1e4c000-7f79b204b000 ---p 0000f000 08:01 9573897                    /usr/lib/jvm/java-6-openjdk-amd64/jre/lib/amd64/libverify.so
7f79b204b000-7f79b204d000 rw-p 0000e000 08:01 9573897                    /usr/lib/jvm/java-6-openjdk-amd64/jre/lib/amd64/libverify.so
7f79b204d000-7f79b2054000 r-xp 00000000 08:01 10751485                   /lib/x86_64-linux-gnu/librt-2.13.so
7f79b2054000-7f79b2253000 ---p 00007000 08:01 10751485                   /lib/x86_64-linux-gnu/librt-2.13.so
7f79b2253000-7f79b2254000 r--p 00006000 08:01 10751485                   /lib/x86_64-linux-gnu/librt-2.13.so
7f79b2254000-7f79b2255000 rw-p 00007000 08:01 10751485                   /lib/x86_64-linux-gnu/librt-2.13.so
7f79b2255000-7f79b226a000 r-xp 00000000 08:01 10747908                   /lib/x86_64-linux-gnu/libgcc_s.so.1
7f79b226a000-7f79b246a000 ---p 00015000 08:01 10747908                   /lib/x86_64-linux-gnu/libgcc_s.so.1
7f79b246a000-7f79b246b000 rw-p 00015000 08:01 10747908                   /lib/x86_64-linux-gnu/libgcc_s.so.1
7f79b246b000-7f79b24ec000 r-xp 00000000 08:01 10751472                   /lib/x86_64-linux-gnu/libm-2.13.so
7f79b24ec000-7f79b26eb000 ---p 00081000 08:01 10751472                   /lib/x86_64-linux-gnu/libm-2.13.so
7f79b26eb000-7f79b26ec000 r--p 00080000 08:01 10751472                   /lib/x86_64-linux-gnu/libm-2.13.so
7f79b26ec000-7f79b26ed000 rw-p 00081000 08:01 10751472                   /lib/x86_64-linux-gnu/libm-2.13.so
7f79b26ed000-7f79b27d5000 r-xp 00000000 08:01 8654705                    /usr/lib/x86_64-linux-gnu/libstdc++.so.6.0.17
7f79b27d5000-7f79b29d5000 ---p 000e8000 08:01 8654705                    /usr/lib/x86_64-linux-gnu/libstdc++.so.6.0.17
7f79b29d5000-7f79b29dd000 r--p 000e8000 08:01 8654705                    /usr/lib/x86_64-linux-gnu/libstdc++.so.6.0.17
7f79b29dd000-7f79b29df000 rw-p 000f0000 08:01 8654705                    /usr/lib/x86_64-linux-gnu/libstdc++.so.6.0.17
7f79b29df000-7f79b29f4000 rw-p 00000000 00:00 0 
7f79b29f4000-7f79b33e5000 r-xp 00000000 08:01 9573732                    /usr/lib/jvm/java-6-openjdk-amd64/jre/lib/amd64/server/libjvm.so
7f79b33e5000-7f79b35e4000 ---p 009f1000 08:01 9573732                    /usr/lib/jvm/java-6-openjdk-amd64/jre/lib/amd64/server/libjvm.so
7f79b35e4000-7f79b3685000 rw-p 009f0000 08:01 9573732                    /usr/lib/jvm/java-6-openjdk-amd64/jre/lib/amd64/server/libjvm.so
7f79b3685000-7f79b36b0000 rw-p 00000000 00:00 0 
7f79b36b0000-7f79b3832000 r-xp 00000000 08:01 10749058                   /lib/x86_64-linux-gnu/libc-2.13.so
7f79b3832000-7f79b3a31000 ---p 00182000 08:01 10749058                   /lib/x86_64-linux-gnu/libc-2.13.so
7f79b3a31000-7f79b3a35000 r--p 00181000 08:01 10749058                   /lib/x86_64-linux-gnu/libc-2.13.so
7f79b3a35000-7f79b3a36000 rw-p 00185000 08:01 10749058                   /lib/x86_64-linux-gnu/libc-2.13.so
7f79b3a36000-7f79b3a3b000 rw-p 00000000 00:00 0 
7f79b3a3b000-7f79b3a3d000 r-xp 00000000 08:01 10751479                   /lib/x86_64-linux-gnu/libdl-2.13.so
7f79b3a3d000-7f79b3c3d000 ---p 00002000 08:01 10751479                   /lib/x86_64-linux-gnu/libdl-2.13.so
7f79b3c3d000-7f79b3c3e000 r--p 00002000 08:01 10751479                   /lib/x86_64-linux-gnu/libdl-2.13.so
7f79b3c3e000-7f79b3c3f000 rw-p 00003000 08:01 10751479                   /lib/x86_64-linux-gnu/libdl-2.13.so
7f79b3c3f000-7f79b3c43000 r-xp 00000000 08:01 9573865                    /usr/lib/jvm/java-6-openjdk-amd64/jre/lib/amd64/jli/libjli.so
7f79b3c43000-7f79b3e42000 ---p 00004000 08:01 9573865                    /usr/lib/jvm/java-6-openjdk-amd64/jre/lib/amd64/jli/libjli.so
7f79b3e42000-7f79b3e43000 rw-p 00003000 08:01 9573865                    /usr/lib/jvm/java-6-openjdk-amd64/jre/lib/amd64/jli/libjli.so
7f79b3e43000-7f79b3e5a000 r-xp 00000000 08:01 10751483                   /lib/x86_64-linux-gnu/libpthread-2.13.so
7f79b3e5a000-7f79b4059000 ---p 00017000 08:01 10751483                   /lib/x86_64-linux-gnu/libpthread-2.13.so
7f79b4059000-7f79b405a000 r--p 00016000 08:01 10751483                   /lib/x86_64-linux-gnu/libpthread-2.13.so
7f79b405a000-7f79b405b000 rw-p 00017000 08:01 10751483                   /lib/x86_64-linux-gnu/libpthread-2.13.so
7f79b405b000-7f79b405f000 rw-p 00000000 00:00 0 
7f79b405f000-7f79b4075000 r-xp 00000000 08:01 10747994                   /lib/x86_64-linux-gnu/libz.so.1.2.7
7f79b4075000-7f79b4274000 ---p 00016000 08:01 10747994                   /lib/x86_64-linux-gnu/libz.so.1.2.7
7f79b4274000-7f79b4275000 r--p 00015000 08:01 10747994                   /lib/x86_64-linux-gnu/libz.so.1.2.7
7f79b4275000-7f79b4276000 rw-p 00016000 08:01 10747994                   /lib/x86_64-linux-gnu/libz.so.1.2.7
7f79b4276000-7f79b4296000 r-xp 00000000 08:01 2625157                    /lib64/ld-2.13.so
7f79b4296000-7f79b42a7000 r--s 00000000 08:01 10882105                   /var/cache/fontconfig/d52a8644073d54c13679302ca1180695-le64.cache-3
7f79b42a7000-7f79b42ae000 r--s 00000000 08:01 10883128                   /var/cache/fontconfig/3f7329c5293ffd510edef78f73874cfd-le64.cache-3
7f79b42ae000-7f79b42b8000 rw-p 00000000 00:00 0 
7f79b42b8000-7f79b436e000 rw-p 00000000 00:00 0 
7f79b436e000-7f79b4371000 ---p 00000000 00:00 0 
7f79b4371000-7f79b4474000 rw-p 00000000 00:00 0 
7f79b4474000-7f79b4475000 r--s 00001000 08:01 1185391                    /home/freemac/workspaceLWJGL/Arc2D/lib/lzma.jar
7f79b4475000-7f79b447f000 r--s 00000000 08:01 10883141                   /var/cache/fontconfig/83bf95040141907cd45bb53cf7c1c148-le64.cache-3
7f79b447f000-7f79b448a000 r--s 00000000 08:01 10885459                   /var/cache/fontconfig/e13b20fdb08344e0e664864cc2ede53d-le64.cache-3
7f79b448a000-7f79b4492000 rw-s 00000000 08:01 7733265                    /tmp/hsperfdata_freemac/4957 (deleted)
7f79b4492000-7f79b4493000 rw-p 00000000 00:00 0 
7f79b4493000-7f79b4494000 ---p 00000000 00:00 0 
7f79b4494000-7f79b4495000 rw-p 00000000 00:00 0 
7f79b4495000-7f79b4496000 r--p 0001f000 08:01 2625157                    /lib64/ld-2.13.so
7f79b4496000-7f79b4497000 rw-p 00020000 08:01 2625157                    /lib64/ld-2.13.so
7f79b4497000-7f79b4498000 rw-p 00000000 00:00 0 
7fff1bc82000-7fff1bca3000 rw-p 00000000 00:00 0                          [stack]
7fff1bcd5000-7fff1bcd6000 r-xp 00000000 00:00 0                          [vdso]
ffffffffff600000-ffffffffff601000 r-xp 00000000 00:00 0                  [vsyscall]

VM Arguments:
jvm_args: -Djava.library.path=/home/freemac/workspaceLWJGL/Arc2D -Dfile.encoding=UTF-8 
java_command: net.stinfoservices.helias.renaud.tempest.TempestMain
Launcher Type: SUN_STANDARD

Environment Variables:
JAVA_HOME=/usr/java/jdk1.7.0_51/
PATH=/usr/java/jdk1.7.0_51/bin:/usr/java/jdk1.7.0_51/bin:/usr/local/bin:/usr/bin:/bin:/usr/local/games:/usr/games
LD_LIBRARY_PATH=/usr/lib/jvm/java-6-openjdk-amd64/jre/lib/amd64/server:/usr/lib/jvm/java-6-openjdk-amd64/jre/lib/amd64:/usr/lib/jvm/java-6-openjdk-amd64/jre/../lib/amd64
SHELL=/bin/bash
DISPLAY=:0

Signal Handlers:
SIGSEGV: [libjvm.so+0x84e640], sa_mask[0]=0x7ffbfeff, sa_flags=0x10000004
SIGBUS: [libjvm.so+0x84e640], sa_mask[0]=0x7ffbfeff, sa_flags=0x10000004
SIGFPE: [libjvm.so+0x6f1a20], sa_mask[0]=0x7ffbfeff, sa_flags=0x10000004
SIGPIPE: [libjvm.so+0x6f1a20], sa_mask[0]=0x7ffbfeff, sa_flags=0x10000004
SIGXFSZ: [libjvm.so+0x6f1a20], sa_mask[0]=0x7ffbfeff, sa_flags=0x10000004
SIGILL: [libjvm.so+0x6f1a20], sa_mask[0]=0x7ffbfeff, sa_flags=0x10000004
SIGUSR1: SIG_DFL, sa_mask[0]=0x00000000, sa_flags=0x00000000
SIGUSR2: [libjvm.so+0x6f1dd0], sa_mask[0]=0x00000004, sa_flags=0x10000004
SIGHUP: [libjvm.so+0x6f1f10], sa_mask[0]=0x7ffbfeff, sa_flags=0x10000004
SIGINT: [libjvm.so+0x6f1f10], sa_mask[0]=0x7ffbfeff, sa_flags=0x10000004
SIGTERM: [libjvm.so+0x6f1f10], sa_mask[0]=0x7ffbfeff, sa_flags=0x10000004
SIGQUIT: [libjvm.so+0x6f1f10], sa_mask[0]=0x7ffbfeff, sa_flags=0x10000004


---------------  S Y S T E M  ---------------

OS:7.5

uname:Linux 3.2.0-4-amd64 #1 SMP Debian 3.2.57-3 x86_64
libc:glibc 2.13 NPTL 2.13 
rlimit: STACK 8192k, CORE 0k, NPROC 22051, NOFILE 4096, AS infinity
load average:1.63 0.95 0.62

/proc/meminfo:
MemTotal:        2834708 kB
MemFree:          192936 kB
Buffers:            4212 kB
Cached:           138124 kB
SwapCached:        35828 kB
Active:          1971640 kB
Inactive:         550048 kB
Active(anon):    1933336 kB
Inactive(anon):   512252 kB
Active(file):      38304 kB
Inactive(file):    37796 kB
Unevictable:           0 kB
Mlocked:               0 kB
SwapTotal:       5763068 kB
SwapFree:        5591460 kB
Dirty:                52 kB
Writeback:             0 kB
AnonPages:       2352400 kB
Mapped:            66076 kB
Shmem:             65992 kB
Slab:              43020 kB
SReclaimable:      21796 kB
SUnreclaim:        21224 kB
KernelStack:        2496 kB
PageTables:        17732 kB
NFS_Unstable:          0 kB
Bounce:                0 kB
WritebackTmp:          0 kB
CommitLimit:     7180420 kB
Committed_AS:    2852732 kB
VmallocTotal:   34359738367 kB
VmallocUsed:      120448 kB
VmallocChunk:   34359610876 kB
HardwareCorrupted:     0 kB
AnonHugePages:         0 kB
HugePages_Total:       0
HugePages_Free:        0
HugePages_Rsvd:        0
HugePages_Surp:        0
Hugepagesize:       2048 kB
DirectMap4k:       99968 kB
DirectMap2M:     2783232 kB


CPU:total 2 (2 cores per cpu, 1 threads per core) family 15 model 107 stepping 2, cmov, cx8, fxsr, mmx, sse, sse2, sse3, mmxext, 3dnowpref, tsc

/proc/cpuinfo:
processor	: 0
vendor_id	: AuthenticAMD
cpu family	: 15
model		: 107
model name	: AMD Athlon(tm) Dual Core Processor 4450e
stepping	: 2
microcode	: 0x83
cpu MHz		: 1000.000
cache size	: 512 KB
physical id	: 0
siblings	: 2
core id		: 0
cpu cores	: 2
apicid		: 0
initial apicid	: 0
fpu		: yes
fpu_exception	: yes
cpuid level	: 1
wp		: yes
flags		: fpu vme de pse tsc msr pae mce cx8 apic sep mtrr pge mca cmov pat pse36 clflush mmx fxsr sse sse2 ht syscall nx mmxext fxsr_opt rdtscp lm 3dnowext 3dnow rep_good nopl extd_apicid pni cx16 lahf_lm cmp_legacy svm extapic cr8_legacy 3dnowprefetch lbrv
bogomips	: 1999.55
TLB size	: 1024 4K pages
clflush size	: 64
cache_alignment	: 64
address sizes	: 40 bits physical, 48 bits virtual
power management: ts fid vid ttp tm stc 100mhzsteps

processor	: 1
vendor_id	: AuthenticAMD
cpu family	: 15
model		: 107
model name	: AMD Athlon(tm) Dual Core Processor 4450e
stepping	: 2
microcode	: 0x83
cpu MHz		: 1000.000
cache size	: 512 KB
physical id	: 0
siblings	: 2
core id		: 1
cpu cores	: 2
apicid		: 1
initial apicid	: 1
fpu		: yes
fpu_exception	: yes
cpuid level	: 1
wp		: yes
flags		: fpu vme de pse tsc msr pae mce cx8 apic sep mtrr pge mca cmov pat pse36 clflush mmx fxsr sse sse2 ht syscall nx mmxext fxsr_opt rdtscp lm 3dnowext 3dnow rep_good nopl extd_apicid pni cx16 lahf_lm cmp_legacy svm extapic cr8_legacy 3dnowprefetch lbrv
bogomips	: 1999.55
TLB size	: 1024 4K pages
clflush size	: 64
cache_alignment	: 64
address sizes	: 40 bits physical, 48 bits virtual
power management: ts fid vid ttp tm stc 100mhzsteps



Memory: 4k page, physical 2834708k(192936k free), swap 5763068k(5591460k free)

vm_info: OpenJDK 64-Bit Server VM (23.25-b01) for linux-amd64 JRE (1.6.0_31-b31), built on Apr 24 2014 11:42:30 by "buildd" with gcc 4.7.2

time: Sat May 10 18:26:54 2014
elapsed time: 92 seconds

