#
# A fatal error has been detected by the Java Runtime Environment:
#
#  SIGSEGV (0xb) at pc=0x0000000000000000, pid=5209, tid=140431202735872
#
# JRE version: 6.0_31-b31
# Java VM: OpenJDK 64-Bit Server VM (23.25-b01 mixed mode linux-amd64 compressed oops)
# Problematic frame:
# C  0x0000000000000000
#
# Failed to write core dump. Core dumps have been disabled. To enable core dumping, try "ulimit -c unlimited" before starting Java again
#
# If you would like to submit a bug report, please include
# instructions how to reproduce the bug and visit:
#   http://icedtea.classpath.org/bugzilla
#

---------------  T H R E A D  ---------------

Current thread is native thread

siginfo:si_signo=SIGSEGV: si_errno=0, si_code=1 (SEGV_MAPERR), si_addr=0x0000000000000000

Registers:
RAX=0x00007fb8b72c87c0, RBX=0x0000000000000800, RCX=0x0000000000000000, RDX=0x0000000000000000
RSP=0x00007fb8aff44ce8, RBP=0x00000000015014d0, RSI=0x0000000000000000, RDI=0x00000000015014d0
R8 =0x0000000000000000, R9 =0x0000000000002000, R10=0x0000000000000000, R11=0x00007fb8ca422ecc
R12=0x0000000001505660, R13=0x0000000000012000, R14=0x0000000000002000, R15=0x00007fb8aff44e98
RIP=0x0000000000000000, EFLAGS=0x0000000000010246, CSGSFS=0x0000000000000033, ERR=0x0000000000000014
  TRAPNO=0x000000000000000e

Top of Stack: (sp=0x00007fb8aff44ce8)
0x00007fb8aff44ce8:   00007fb8b70914d1 000000000151bdb0
0x00007fb8aff44cf8:   00007fb8b69bd03a 00000000bb800000
0x00007fb8aff44d08:   00007fb8b69b6e5e 0000000000000000
0x00007fb8aff44d18:   0000000000000000 0000000000000000
0x00007fb8aff44d28:   00000000014fe3d0 0000000000004000
0x00007fb8aff44d38:   00007fb8b69c4ca3 00007fb8aff44d90
0x00007fb8aff44d48:   00000000ffffffff 00007fb8aff44db0
0x00007fb8aff44d58:   0000000000000005 00000000002571e8
0x00007fb8aff44d68:   0000000000004000 0000000000004000
0x00007fb8aff44d78:   00007fb8b69c69e9 00007fb8b7071000
0x00007fb8aff44d88:   0000000000000000 0000000000000000
0x00007fb8aff44d98:   0000000000000000 0000000000000000
0x00007fb8aff44da8:   0000000000004000 00000000014fe3d0
0x00007fb8aff44db8:   00007fb8aff44e90 000000000000ffc0
0x00007fb8aff44dc8:   00007fb8b69c6b7b 00007fb8b6bfc610
0x00007fb8aff44dd8:   0000000001505660 0000000000000000
0x00007fb8aff44de8:   00007fb8b6e2e832 00007fb8affa8040
0x00007fb8aff44df8:   00007fb8b0016040 00000800aff44e40
0x00007fb8aff44e08:   00007fb8aff44e20 00007fb8aff44e98
0x00007fb8aff44e18:   00007fb8b6e33b48 00001fa00000037f
0x00007fb8aff44e28:   00007fb8b69ae596 00000000015002e0
0x00007fb8aff44e38:   0000000000004000 0000000001500e70
0x00007fb8aff44e48:   0000000000000000 00000000015014d0
0x00007fb8aff44e58:   0000000000000008 00007fb8aff44e98
0x00007fb8aff44e68:   00007fb8b70a7544 0000000000000000
0x00007fb8aff44e78:   00007fb8aff44e90 0000000000002000
0x00007fb8aff44e88:   0000000000006000 00007fb8b0016040
0x00007fb8aff44e98:   0000000000004000 0000000000000000
0x00007fb8aff44ea8:   000000000151c5e0 0000000000000000
0x00007fb8aff44eb8:   00007fb8cb151ca0 00007fb8aff459c0
0x00007fb8aff44ec8:   00007fb8cb17b040 0000000000000003
0x00007fb8aff44ed8:   00007fb8b709a73a 0000000000000000 

Instructions: (pc=0x0000000000000000)
0xffffffffffffffe0:   

Register to memory mapping:

RAX=0x00007fb8b72c87c0: <offset 0x2577c0> in /home/freemac/workspaceLWJGL/Arc2D/libopenal64.so at 0x00007fb8b7071000
RBX=0x0000000000000800 is an unknown value
RCX=0x0000000000000000 is an unknown value
RDX=0x0000000000000000 is an unknown value
RSP=0x00007fb8aff44ce8 is an unknown value
RBP=0x00000000015014d0 is an unknown value
RSI=0x0000000000000000 is an unknown value
RDI=0x00000000015014d0 is an unknown value
R8 =0x0000000000000000 is an unknown value
R9 =0x0000000000002000 is an unknown value
R10=0x0000000000000000 is an unknown value
R11=0x00007fb8ca422ecc: <offset 0x8decc> in /lib/x86_64-linux-gnu/libc.so.6 at 0x00007fb8ca395000
R12=0x0000000001505660 is an unknown value
R13=0x0000000000012000 is an unknown value
R14=0x0000000000002000 is an unknown value
R15=0x00007fb8aff44e98 is an unknown value


Stack: [0x00007fb8afe45000,0x00007fb8aff46000],  sp=0x00007fb8aff44ce8,  free space=1023k

---------------  P R O C E S S  ---------------

VM state:at safepoint (shutting down)

VM Mutex/Monitor currently owned by a thread:  ([mutex/lock_event])
[0x00000000009149c0] Threads_lock - owner thread: 0x000000000099e000

Heap
 PSYoungGen      total 197312K, used 47932K [0x00000000f18b0000, 0x0000000100000000, 0x0000000100000000)
  eden space 179392K, 16% used [0x00000000f18b0000,0x00000000f3607270,0x00000000fc7e0000)
  from space 17920K, 99% used [0x00000000fc7e0000,0x00000000fd958000,0x00000000fd960000)
  to   space 29184K, 0% used [0x00000000fe380000,0x00000000fe380000,0x0000000100000000)
 ParOldGen       total 55936K, used 27721K [0x00000000d4a00000, 0x00000000d80a0000, 0x00000000f18b0000)
  object space 55936K, 49% used [0x00000000d4a00000,0x00000000d6512778,0x00000000d80a0000)
 PSPermGen       total 30784K, used 13694K [0x00000000ca400000, 0x00000000cc210000, 0x00000000d4a00000)
  object space 30784K, 44% used [0x00000000ca400000,0x00000000cb15f808,0x00000000cc210000)

Card table byte_map: [0x00007fb8c4d04000,0x00007fb8c4eb3000] byte_map_base: 0x00007fb8c46b2000

Polling page: 0x00007fb8cb178000

Code Cache  [0x00007fb8c4eb3000, 0x00007fb8c5123000, 0x00007fb8c7eb3000)
 total_blobs=921 nmethods=389 adapters=485 free_code_cache=47565Kb largest_free_block=48671744

Compilation events (10 events):
Event: 56.358 Thread 0x00007fb8bc055000  385             sun.misc.FloatingDecimal::<init> (225 bytes)
Event: 56.362 Thread 0x00007fb8bc055000 nmethod 385 0x00007fb8c502bbd0 code [0x00007fb8c502bd20, 0x00007fb8c502bee8]
Event: 57.499 Thread 0x00007fb8bc052000  386             java.nio.DirectIntBufferU::get (16 bytes)
Event: 57.500 Thread 0x00007fb8bc052000 nmethod 386 0x00007fb8c502dd10 code [0x00007fb8c502de40, 0x00007fb8c502deb8]
Event: 58.380 Thread 0x00007fb8bc055000  387             java.lang.AbstractStringBuilder::append (14 bytes)
Event: 58.386 Thread 0x00007fb8bc055000 nmethod 387 0x00007fb8c502ab50 code [0x00007fb8c502acc0, 0x00007fb8c502af18]
Event: 61.181 Thread 0x00007fb8bc052000  388             java.lang.ThreadLocal$ThreadLocalMap::access$000 (6 bytes)
Event: 61.182 Thread 0x00007fb8bc055000  389             java.lang.ThreadLocal$ThreadLocalMap::getEntry (42 bytes)
Event: 61.337 Thread 0x00007fb8bc052000 nmethod 388 0x00007fb8c5026050 code [0x00007fb8c50261a0, 0x00007fb8c50262b8]
Event: 61.337 Thread 0x00007fb8bc055000 nmethod 389 0x00007fb8c502ed50 code [0x00007fb8c502eea0, 0x00007fb8c502efb8]

GC Heap History (10 events):
Event: 41.509 GC heap before
{Heap before GC invocations=15 (full 1):
 PSYoungGen      total 221696K, used 221696K [0x00000000f18b0000, 0x0000000100000000, 0x0000000100000000)
  eden space 206528K, 100% used [0x00000000f18b0000,0x00000000fe260000,0x00000000fe260000)
  from space 15168K, 100% used [0x00000000fe260000,0x00000000ff130000,0x00000000ff130000)
  to   space 15168K, 0% used [0x00000000ff130000,0x00000000ff130000,0x0000000100000000)
 ParOldGen       total 39936K, used 28312K [0x00000000d4a00000, 0x00000000d7100000, 0x00000000f18b0000)
  object space 39936K, 70% used [0x00000000d4a00000,0x00000000d65a61e0,0x00000000d7100000)
 PSPermGen       total 27584K, used 13664K [0x00000000ca400000, 0x00000000cbef0000, 0x00000000d4a00000)
  object space 27584K, 49% used [0x00000000ca400000,0x00000000cb1580c8,0x00000000cbef0000)
Event: 41.710 GC heap after
Heap after GC invocations=15 (full 1):
 PSYoungGen      total 198528K, used 15168K [0x00000000f18b0000, 0x0000000100000000, 0x0000000100000000)
  eden space 183360K, 0% used [0x00000000f18b0000,0x00000000f18b0000,0x00000000fcbc0000)
  from space 15168K, 100% used [0x00000000ff130000,0x0000000100000000,0x0000000100000000)
  to   space 26752K, 0% used [0x00000000fcbc0000,0x00000000fcbc0000,0x00000000fe5e0000)
 ParOldGen       total 42624K, used 42440K [0x00000000d4a00000, 0x00000000d73a0000, 0x00000000f18b0000)
  object space 42624K, 99% used [0x00000000d4a00000,0x00000000d73721e0,0x00000000d73a0000)
 PSPermGen       total 27584K, used 13664K [0x00000000ca400000, 0x00000000cbef0000, 0x00000000d4a00000)
  object space 27584K, 49% used [0x00000000ca400000,0x00000000cb1580c8,0x00000000cbef0000)
}
Event: 41.710 GC heap before
{Heap before GC invocations=16 (full 2):
 PSYoungGen      total 198528K, used 15168K [0x00000000f18b0000, 0x0000000100000000, 0x0000000100000000)
  eden space 183360K, 0% used [0x00000000f18b0000,0x00000000f18b0000,0x00000000fcbc0000)
  from space 15168K, 100% used [0x00000000ff130000,0x0000000100000000,0x0000000100000000)
  to   space 26752K, 0% used [0x00000000fcbc0000,0x00000000fcbc0000,0x00000000fe5e0000)
 ParOldGen       total 42624K, used 42440K [0x00000000d4a00000, 0x00000000d73a0000, 0x00000000f18b0000)
  object space 42624K, 99% used [0x00000000d4a00000,0x00000000d73721e0,0x00000000d73a0000)
 PSPermGen       total 27584K, used 13664K [0x00000000ca400000, 0x00000000cbef0000, 0x00000000d4a00000)
  object space 27584K, 49% used [0x00000000ca400000,0x00000000cb1580c8,0x00000000cbef0000)
Event: 41.886 GC heap after
Heap after GC invocations=16 (full 2):
 PSYoungGen      total 198528K, used 0K [0x00000000f18b0000, 0x0000000100000000, 0x0000000100000000)
  eden space 183360K, 0% used [0x00000000f18b0000,0x00000000f18b0000,0x00000000fcbc0000)
  from space 15168K, 0% used [0x00000000ff130000,0x00000000ff130000,0x0000000100000000)
  to   space 26752K, 0% used [0x00000000fcbc0000,0x00000000fcbc0000,0x00000000fe5e0000)
 ParOldGen       total 55936K, used 27689K [0x00000000d4a00000, 0x00000000d80a0000, 0x00000000f18b0000)
  object space 55936K, 49% used [0x00000000d4a00000,0x00000000d650a778,0x00000000d80a0000)
 PSPermGen       total 30784K, used 13664K [0x00000000ca400000, 0x00000000cc210000, 0x00000000d4a00000)
  object space 30784K, 44% used [0x00000000ca400000,0x00000000cb1580c8,0x00000000cc210000)
}
Event: 48.059 GC heap before
{Heap before GC invocations=17 (full 2):
 PSYoungGen      total 198528K, used 183360K [0x00000000f18b0000, 0x0000000100000000, 0x0000000100000000)
  eden space 183360K, 100% used [0x00000000f18b0000,0x00000000fcbc0000,0x00000000fcbc0000)
  from space 15168K, 0% used [0x00000000ff130000,0x00000000ff130000,0x0000000100000000)
  to   space 26752K, 0% used [0x00000000fcbc0000,0x00000000fcbc0000,0x00000000fe5e0000)
 ParOldGen       total 55936K, used 27689K [0x00000000d4a00000, 0x00000000d80a0000, 0x00000000f18b0000)
  object space 55936K, 49% used [0x00000000d4a00000,0x00000000d650a778,0x00000000d80a0000)
 PSPermGen       total 30784K, used 13671K [0x00000000ca400000, 0x00000000cc210000, 0x00000000d4a00000)
  object space 30784K, 44% used [0x00000000ca400000,0x00000000cb159c60,0x00000000cc210000)
Event: 48.209 GC heap after
Heap after GC invocations=17 (full 2):
 PSYoungGen      total 201856K, used 18496K [0x00000000f18b0000, 0x0000000100000000, 0x0000000100000000)
  eden space 183360K, 0% used [0x00000000f18b0000,0x00000000f18b0000,0x00000000fcbc0000)
  from space 18496K, 100% used [0x00000000fcbc0000,0x00000000fddd0000,0x00000000fddd0000)
  to   space 28032K, 0% used [0x00000000fe4a0000,0x00000000fe4a0000,0x0000000100000000)
 ParOldGen       total 55936K, used 27689K [0x00000000d4a00000, 0x00000000d80a0000, 0x00000000f18b0000)
  object space 55936K, 49% used [0x00000000d4a00000,0x00000000d650a778,0x00000000d80a0000)
 PSPermGen       total 30784K, used 13671K [0x00000000ca400000, 0x00000000cc210000, 0x00000000d4a00000)
  object space 30784K, 44% used [0x00000000ca400000,0x00000000cb159c60,0x00000000cc210000)
}
Event: 53.811 GC heap before
{Heap before GC invocations=18 (full 2):
 PSYoungGen      total 201856K, used 201856K [0x00000000f18b0000, 0x0000000100000000, 0x0000000100000000)
  eden space 183360K, 100% used [0x00000000f18b0000,0x00000000fcbc0000,0x00000000fcbc0000)
  from space 18496K, 100% used [0x00000000fcbc0000,0x00000000fddd0000,0x00000000fddd0000)
  to   space 28032K, 0% used [0x00000000fe4a0000,0x00000000fe4a0000,0x0000000100000000)
 ParOldGen       total 55936K, used 27689K [0x00000000d4a00000, 0x00000000d80a0000, 0x00000000f18b0000)
  object space 55936K, 49% used [0x00000000d4a00000,0x00000000d650a778,0x00000000d80a0000)
 PSPermGen       total 30784K, used 13676K [0x00000000ca400000, 0x00000000cc210000, 0x00000000d4a00000)
  object space 30784K, 44% used [0x00000000ca400000,0x00000000cb15b1b8,0x00000000cc210000)
Event: 53.980 GC heap after
Heap after GC invocations=18 (full 2):
 PSYoungGen      total 207424K, used 17856K [0x00000000f18b0000, 0x0000000100000000, 0x0000000100000000)
  eden space 179392K, 0% used [0x00000000f18b0000,0x00000000f18b0000,0x00000000fc7e0000)
  from space 28032K, 63% used [0x00000000fe4a0000,0x00000000ff610000,0x0000000100000000)
  to   space 28736K, 0% used [0x00000000fc7e0000,0x00000000fc7e0000,0x00000000fe3f0000)
 ParOldGen       total 55936K, used 27705K [0x00000000d4a00000, 0x00000000d80a0000, 0x00000000f18b0000)
  object space 55936K, 49% used [0x00000000d4a00000,0x00000000d650e778,0x00000000d80a0000)
 PSPermGen       total 30784K, used 13676K [0x00000000ca400000, 0x00000000cc210000, 0x00000000d4a00000)
  object space 30784K, 44% used [0x00000000ca400000,0x00000000cb15b1b8,0x00000000cc210000)
}
Event: 60.221 GC heap before
{Heap before GC invocations=19 (full 2):
 PSYoungGen      total 207424K, used 197248K [0x00000000f18b0000, 0x0000000100000000, 0x0000000100000000)
  eden space 179392K, 100% used [0x00000000f18b0000,0x00000000fc7e0000,0x00000000fc7e0000)
  from space 28032K, 63% used [0x00000000fe4a0000,0x00000000ff610000,0x0000000100000000)
  to   space 28736K, 0% used [0x00000000fc7e0000,0x00000000fc7e0000,0x00000000fe3f0000)
 ParOldGen       total 55936K, used 27705K [0x00000000d4a00000, 0x00000000d80a0000, 0x00000000f18b0000)
  object space 55936K, 49% used [0x00000000d4a00000,0x00000000d650e778,0x00000000d80a0000)
 PSPermGen       total 30784K, used 13678K [0x00000000ca400000, 0x00000000cc210000, 0x00000000d4a00000)
  object space 30784K, 44% used [0x00000000ca400000,0x00000000cb15ba30,0x00000000cc210000)
Event: 60.375 GC heap after
Heap after GC invocations=19 (full 2):
 PSYoungGen      total 197312K, used 17888K [0x00000000f18b0000, 0x0000000100000000, 0x0000000100000000)
  eden space 179392K, 0% used [0x00000000f18b0000,0x00000000f18b0000,0x00000000fc7e0000)
  from space 17920K, 99% used [0x00000000fc7e0000,0x00000000fd958000,0x00000000fd960000)
  to   space 29184K, 0% used [0x00000000fe380000,0x00000000fe380000,0x0000000100000000)
 ParOldGen       total 55936K, used 27721K [0x00000000d4a00000, 0x00000000d80a0000, 0x00000000f18b0000)
  object space 55936K, 49% used [0x00000000d4a00000,0x00000000d6512778,0x00000000d80a0000)
 PSPermGen       total 30784K, used 13678K [0x00000000ca400000, 0x00000000cc210000, 0x00000000d4a00000)
  object space 30784K, 44% used [0x00000000ca400000,0x00000000cb15ba30,0x00000000cc210000)
}

Deoptimization events (10 events):
Event: 10.951 Thread 0x0000000000918000 Uncommon trap -34 fr.pc 0x00007fb8c4f9dc28
Event: 10.951 Thread 0x0000000000918000 Uncommon trap -34 fr.pc 0x00007fb8c4f9dc28
Event: 10.951 Thread 0x0000000000918000 Uncommon trap -34 fr.pc 0x00007fb8c4f9dc28
Event: 10.966 Thread 0x0000000000918000 Uncommon trap -34 fr.pc 0x00007fb8c4fb5f80
Event: 10.971 Thread 0x0000000000918000 Uncommon trap -34 fr.pc 0x00007fb8c4fb5f80
Event: 10.982 Thread 0x0000000000918000 Uncommon trap -34 fr.pc 0x00007fb8c4fb5f80
Event: 11.040 Thread 0x0000000000918000 Uncommon trap 18 fr.pc 0x00007fb8c4fc42f8
Event: 16.422 Thread 0x00000000009ad000 Uncommon trap -83 fr.pc 0x00007fb8c4fe7854
Event: 27.069 Thread 0x00000000009ad000 Uncommon trap -83 fr.pc 0x00007fb8c4f432a4
Event: 61.179 Thread 0x00007fb8bc58e800 Uncommon trap -83 fr.pc 0x00007fb8c4fe8860

Internal exceptions (10 events):
Event: 10.947 Thread 0x0000000000918000 Threw 0x00000000f25c3848 at /build/openjdk-6-yB9NL0/openjdk-6-6b31-1.13.3/build/openjdk/hotspot/src/share/vm/prims/jvm.cpp:1235
Event: 10.948 Thread 0x0000000000918000 Threw 0x00000000f25c7810 at /build/openjdk-6-yB9NL0/openjdk-6-6b31-1.13.3/build/openjdk/hotspot/src/share/vm/classfile/systemDictio
Event: 10.948 Thread 0x0000000000918000 Threw 0x00000000f25c7c20 at /build/openjdk-6-yB9NL0/openjdk-6-6b31-1.13.3/build/openjdk/hotspot/src/share/vm/prims/jvm.cpp:1235
Event: 10.949 Thread 0x0000000000918000 Threw 0x00000000f25ca3a0 at /build/openjdk-6-yB9NL0/openjdk-6-6b31-1.13.3/build/openjdk/hotspot/src/share/vm/classfile/systemDictio
Event: 10.949 Thread 0x0000000000918000 Threw 0x00000000f25ca778 at /build/openjdk-6-yB9NL0/openjdk-6-6b31-1.13.3/build/openjdk/hotspot/src/share/vm/prims/jvm.cpp:1235
Event: 11.675 Thread 0x0000000000918000 Threw 0x00000000f228eb00 at /build/openjdk-6-yB9NL0/openjdk-6-6b31-1.13.3/build/openjdk/hotspot/src/share/vm/classfile/systemDictio
Event: 11.676 Thread 0x0000000000918000 Threw 0x00000000f228eea8 at /build/openjdk-6-yB9NL0/openjdk-6-6b31-1.13.3/build/openjdk/hotspot/src/share/vm/prims/jvm.cpp:1235
Event: 61.165 Thread 0x00007fb8bc58e800 Threw 0x00000000f3159330 at /build/openjdk-6-yB9NL0/openjdk-6-6b31-1.13.3/build/openjdk/hotspot/src/share/vm/classfile/systemDictio
Event: 61.165 Thread 0x00007fb8bc58e800 Threw 0x00000000f3159678 at /build/openjdk-6-yB9NL0/openjdk-6-6b31-1.13.3/build/openjdk/hotspot/src/share/vm/prims/jvm.cpp:1235
Event: 61.179 Thread 0x00007fb8bc58e800 Implicit null exception at 0x00007fb8c4fe8794 to 0x00007fb8c4fe884d

Events (10 events):
Event: 61.181 Thread 0x0000000000b1c800 Thread added: 0x0000000000b1c800
Event: 61.331 Executing VM operation: RevokeBias
Event: 61.333 Executing VM operation: RevokeBias done
Event: 61.335 Thread 0x00007fb8bc5af800 Thread exited: 0x00007fb8bc5af800
Event: 61.675 Thread 0x00007fb8bc58e800 Thread exited: 0x00007fb8bc58e800
Event: 61.675 Executing VM operation: RevokeBias
Event: 61.675 loading class 0x00007fb8bc02e730
Event: 61.675 Executing VM operation: RevokeBias done
Event: 61.676 loading class 0x00007fb8bc02e730 done
Event: 61.677 Executing VM operation: Exit


Dynamic libraries:
00400000-00409000 r-xp 00000000 08:01 9573694                            /usr/lib/jvm/java-6-openjdk-amd64/jre/bin/java
00608000-00609000 rw-p 00008000 08:01 9573694                            /usr/lib/jvm/java-6-openjdk-amd64/jre/bin/java
0090b000-0a6a8000 rw-p 00000000 00:00 0                                  [heap]
407db000-407dd000 r-xs 00000000 08:01 7471822                            /tmp/gljAJU8r (deleted)
41d54000-41dd2000 rw-p 00000000 00:00 0 
ca400000-cc210000 rw-p 00000000 00:00 0 
cc210000-d4a00000 rw-p 00000000 00:00 0 
d4a00000-d80a0000 rw-p 00000000 00:00 0 
d80a0000-f18b0000 rw-p 00000000 00:00 0 
f18b0000-100000000 rw-p 00000000 00:00 0 
7fb850000000-7fb855323000 rw-p 00000000 00:00 0 
7fb855323000-7fb858000000 ---p 00000000 00:00 0 
7fb858000000-7fb860000000 rw-p 00000000 00:00 0 
7fb860000000-7fb8666b9000 rw-p 00000000 00:00 0 
7fb8666b9000-7fb868000000 ---p 00000000 00:00 0 
7fb868000000-7fb870000000 rw-p 00000000 00:00 0 
7fb870000000-7fb878000000 rw-p 00000000 00:00 0 
7fb878000000-7fb880000000 rw-p 00000000 00:00 0 
7fb880000000-7fb888000000 rw-p 00000000 00:00 0 
7fb888000000-7fb893ffe000 rw-p 00000000 00:00 0 
7fb893ffe000-7fb894000000 ---p 00000000 00:00 0 
7fb894000000-7fb898000000 rw-p 00000000 00:00 0 
7fb898000000-7fb8a0000000 rw-p 00000000 00:00 0 
7fb8a0000000-7fb8a4000000 rw-p 00000000 00:00 0 
7fb8a8000000-7fb8abfff000 rw-p 00000000 00:00 0 
7fb8abfff000-7fb8ac000000 ---p 00000000 00:00 0 
7fb8aed2d000-7fb8aed30000 ---p 00000000 00:00 0 
7fb8aed30000-7fb8aee2e000 rw-p 00000000 00:00 0 
7fb8aee2e000-7fb8aee31000 ---p 00000000 00:00 0 
7fb8aee31000-7fb8aef2f000 rw-p 00000000 00:00 0 
7fb8aef2f000-7fb8aef32000 ---p 00000000 00:00 0 
7fb8aef32000-7fb8af030000 rw-p 00000000 00:00 0 
7fb8af030000-7fb8af430000 rw-s 33039000 00:05 6200                       /dev/nvidia0
7fb8af430000-7fb8af630000 rw-s 2745f000 00:05 6200                       /dev/nvidia0
7fb8af630000-7fb8af93f000 rw-p 00000000 00:00 0 
7fb8af94a000-7fb8af94d000 r-xp 00000000 08:01 1185399                    /home/freemac/workspaceLWJGL/Arc2D/libjinput-linux64.so
7fb8af94d000-7fb8afb4c000 ---p 00003000 08:01 1185399                    /home/freemac/workspaceLWJGL/Arc2D/libjinput-linux64.so
7fb8afb4c000-7fb8afb4d000 r--p 00002000 08:01 1185399                    /home/freemac/workspaceLWJGL/Arc2D/libjinput-linux64.so
7fb8afb4d000-7fb8afb4e000 rw-p 00003000 08:01 1185399                    /home/freemac/workspaceLWJGL/Arc2D/libjinput-linux64.so
7fb8afb4e000-7fb8afb51000 ---p 00000000 00:00 0 
7fb8afb51000-7fb8afc4f000 rw-p 00000000 00:00 0 
7fb8afd44000-7fb8afd47000 ---p 00000000 00:00 0 
7fb8afd47000-7fb8afe45000 rw-p 00000000 00:00 0 
7fb8afe45000-7fb8afe46000 ---p 00000000 00:00 0 
7fb8afe46000-7fb8aff46000 rw-p 00000000 00:00 0 
7fb8aff46000-7fb8b3f47000 rw-s 00000000 00:11 15603                      /run/shm/pulse-shm-1358871219
7fb8b3f47000-7fb8b3f48000 ---p 00000000 00:00 0 
7fb8b3f48000-7fb8b4748000 rw-p 00000000 00:00 0 
7fb8b4748000-7fb8b475b000 r-xp 00000000 08:01 10749060                   /lib/x86_64-linux-gnu/libresolv-2.13.so
7fb8b475b000-7fb8b495a000 ---p 00013000 08:01 10749060                   /lib/x86_64-linux-gnu/libresolv-2.13.so
7fb8b495a000-7fb8b495b000 r--p 00012000 08:01 10749060                   /lib/x86_64-linux-gnu/libresolv-2.13.so
7fb8b495b000-7fb8b495c000 rw-p 00013000 08:01 10749060                   /lib/x86_64-linux-gnu/libresolv-2.13.so
7fb8b495c000-7fb8b495e000 rw-p 00000000 00:00 0 
7fb8b495e000-7fb8b4964000 r-xp 00000000 08:01 8659035                    /usr/lib/x86_64-linux-gnu/libogg.so.0.8.0
7fb8b4964000-7fb8b4b63000 ---p 00006000 08:01 8659035                    /usr/lib/x86_64-linux-gnu/libogg.so.0.8.0
7fb8b4b63000-7fb8b4b64000 rw-p 00005000 08:01 8659035                    /usr/lib/x86_64-linux-gnu/libogg.so.0.8.0
7fb8b4b64000-7fb8b4b90000 r-xp 00000000 08:01 8659039                    /usr/lib/x86_64-linux-gnu/libvorbis.so.0.4.5
7fb8b4b90000-7fb8b4d8f000 ---p 0002c000 08:01 8659039                    /usr/lib/x86_64-linux-gnu/libvorbis.so.0.4.5
7fb8b4d8f000-7fb8b4d90000 r--p 0002b000 08:01 8659039                    /usr/lib/x86_64-linux-gnu/libvorbis.so.0.4.5
7fb8b4d90000-7fb8b4d91000 rw-p 0002c000 08:01 8659039                    /usr/lib/x86_64-linux-gnu/libvorbis.so.0.4.5
7fb8b4d91000-7fb8b5044000 r-xp 00000000 08:01 8661037                    /usr/lib/x86_64-linux-gnu/libvorbisenc.so.2.0.8
7fb8b5044000-7fb8b5243000 ---p 002b3000 08:01 8661037                    /usr/lib/x86_64-linux-gnu/libvorbisenc.so.2.0.8
7fb8b5243000-7fb8b525f000 r--p 002b2000 08:01 8661037                    /usr/lib/x86_64-linux-gnu/libvorbisenc.so.2.0.8
7fb8b525f000-7fb8b5260000 rw-p 002ce000 08:01 8661037                    /usr/lib/x86_64-linux-gnu/libvorbisenc.so.2.0.8
7fb8b5260000-7fb8b52ab000 r-xp 00000000 08:01 8661035                    /usr/lib/x86_64-linux-gnu/libFLAC.so.8.2.0
7fb8b52ab000-7fb8b54aa000 ---p 0004b000 08:01 8661035                    /usr/lib/x86_64-linux-gnu/libFLAC.so.8.2.0
7fb8b54aa000-7fb8b54ab000 r--p 0004a000 08:01 8661035                    /usr/lib/x86_64-linux-gnu/libFLAC.so.8.2.0
7fb8b54ab000-7fb8b54ac000 rw-p 0004b000 08:01 8661035                    /usr/lib/x86_64-linux-gnu/libFLAC.so.8.2.0
7fb8b54ac000-7fb8b54b0000 r-xp 00000000 08:01 10747973                   /lib/x86_64-linux-gnu/libuuid.so.1.3.0
7fb8b54b0000-7fb8b56af000 ---p 00004000 08:01 10747973                   /lib/x86_64-linux-gnu/libuuid.so.1.3.0
7fb8b56af000-7fb8b56b0000 r--p 00003000 08:01 10747973                   /lib/x86_64-linux-gnu/libuuid.so.1.3.0
7fb8b56b0000-7fb8b56b1000 rw-p 00004000 08:01 10747973                   /lib/x86_64-linux-gnu/libuuid.so.1.3.0
7fb8b56b1000-7fb8b56b5000 r-xp 00000000 08:01 10747932                   /lib/x86_64-linux-gnu/libattr.so.1.1.0
7fb8b56b5000-7fb8b58b4000 ---p 00004000 08:01 10747932                   /lib/x86_64-linux-gnu/libattr.so.1.1.0
7fb8b58b4000-7fb8b58b5000 r--p 00003000 08:01 10747932                   /lib/x86_64-linux-gnu/libattr.so.1.1.0
7fb8b58b5000-7fb8b58b6000 rw-p 00004000 08:01 10747932                   /lib/x86_64-linux-gnu/libattr.so.1.1.0
7fb8b58b6000-7fb8b58bb000 r-xp 00000000 08:01 8661033                    /usr/lib/x86_64-linux-gnu/libasyncns.so.0.3.1
7fb8b58bb000-7fb8b5aba000 ---p 00005000 08:01 8661033                    /usr/lib/x86_64-linux-gnu/libasyncns.so.0.3.1
7fb8b5aba000-7fb8b5abb000 rw-p 00004000 08:01 8661033                    /usr/lib/x86_64-linux-gnu/libasyncns.so.0.3.1
7fb8b5abb000-7fb8b5b1c000 r-xp 00000000 08:01 8661039                    /usr/lib/x86_64-linux-gnu/libsndfile.so.1.0.25
7fb8b5b1c000-7fb8b5d1b000 ---p 00061000 08:01 8661039                    /usr/lib/x86_64-linux-gnu/libsndfile.so.1.0.25
7fb8b5d1b000-7fb8b5d1d000 r--p 00060000 08:01 8661039                    /usr/lib/x86_64-linux-gnu/libsndfile.so.1.0.25
7fb8b5d1d000-7fb8b5d1e000 rw-p 00062000 08:01 8661039                    /usr/lib/x86_64-linux-gnu/libsndfile.so.1.0.25
7fb8b5d1e000-7fb8b5d22000 rw-p 00000000 00:00 0 
7fb8b5d22000-7fb8b5d2b000 r-xp 00000000 08:01 10748412                   /lib/x86_64-linux-gnu/libwrap.so.0.7.6
7fb8b5d2b000-7fb8b5f2a000 ---p 00009000 08:01 10748412                   /lib/x86_64-linux-gnu/libwrap.so.0.7.6
7fb8b5f2a000-7fb8b5f2b000 r--p 00008000 08:01 10748412                   /lib/x86_64-linux-gnu/libwrap.so.0.7.6
7fb8b5f2b000-7fb8b5f2c000 rw-p 00009000 08:01 10748412                   /lib/x86_64-linux-gnu/libwrap.so.0.7.6
7fb8b5f2c000-7fb8b5f2d000 rw-p 00000000 00:00 0 
7fb8b5f2d000-7fb8b5f34000 r-xp 00000000 08:01 8659581                    /usr/lib/x86_64-linux-gnu/libSM.so.6.0.1
7fb8b5f34000-7fb8b6133000 ---p 00007000 08:01 8659581                    /usr/lib/x86_64-linux-gnu/libSM.so.6.0.1
7fb8b6133000-7fb8b6134000 rw-p 00006000 08:01 8659581                    /usr/lib/x86_64-linux-gnu/libSM.so.6.0.1
7fb8b6134000-7fb8b614b000 r-xp 00000000 08:01 8659579                    /usr/lib/x86_64-linux-gnu/libICE.so.6.3.0
7fb8b614b000-7fb8b634a000 ---p 00017000 08:01 8659579                    /usr/lib/x86_64-linux-gnu/libICE.so.6.3.0
7fb8b634a000-7fb8b634c000 rw-p 00016000 08:01 8659579                    /usr/lib/x86_64-linux-gnu/libICE.so.6.3.0
7fb8b634c000-7fb8b634f000 rw-p 00000000 00:00 0 
7fb8b634f000-7fb8b6350000 r-xp 00000000 08:01 8657984                    /usr/lib/x86_64-linux-gnu/libX11-xcb.so.1.0.0
7fb8b6350000-7fb8b654f000 ---p 00001000 08:01 8657984                    /usr/lib/x86_64-linux-gnu/libX11-xcb.so.1.0.0
7fb8b654f000-7fb8b6550000 rw-p 00000000 08:01 8657984                    /usr/lib/x86_64-linux-gnu/libX11-xcb.so.1.0.0
7fb8b6550000-7fb8b6554000 r-xp 00000000 08:01 10748393                   /lib/x86_64-linux-gnu/libcap.so.2.22
7fb8b6554000-7fb8b6753000 ---p 00004000 08:01 10748393                   /lib/x86_64-linux-gnu/libcap.so.2.22
7fb8b6753000-7fb8b6754000 rw-p 00003000 08:01 10748393                   /lib/x86_64-linux-gnu/libcap.so.2.22
7fb8b6754000-7fb8b6798000 r-xp 00000000 08:01 10748416                   /lib/x86_64-linux-gnu/libdbus-1.so.3.7.2
7fb8b6798000-7fb8b6998000 ---p 00044000 08:01 10748416                   /lib/x86_64-linux-gnu/libdbus-1.so.3.7.2
7fb8b6998000-7fb8b6999000 r--p 00044000 08:01 10748416                   /lib/x86_64-linux-gnu/libdbus-1.so.3.7.2
7fb8b6999000-7fb8b699a000 rw-p 00045000 08:01 10748416                   /lib/x86_64-linux-gnu/libdbus-1.so.3.7.2
7fb8b699a000-7fb8b69fb000 r-xp 00000000 08:01 9307022                    /usr/lib/x86_64-linux-gnu/pulseaudio/libpulsecommon-2.0.so
7fb8b69fb000-7fb8b6bfa000 ---p 00061000 08:01 9307022                    /usr/lib/x86_64-linux-gnu/pulseaudio/libpulsecommon-2.0.so
7fb8b6bfa000-7fb8b6bfb000 r--p 00060000 08:01 9307022                    /usr/lib/x86_64-linux-gnu/pulseaudio/libpulsecommon-2.0.so
7fb8b6bfb000-7fb8b6bfd000 rw-p 00061000 08:01 9307022                    /usr/lib/x86_64-linux-gnu/pulseaudio/libpulsecommon-2.0.so
7fb8b6bfd000-7fb8b6c06000 r-xp 00000000 08:01 10748459                   /lib/x86_64-linux-gnu/libjson.so.0.1.0
7fb8b6c06000-7fb8b6e05000 ---p 00009000 08:01 10748459                   /lib/x86_64-linux-gnu/libjson.so.0.1.0
7fb8b6e05000-7fb8b6e06000 r--p 00008000 08:01 10748459                   /lib/x86_64-linux-gnu/libjson.so.0.1.0
7fb8b6e06000-7fb8b6e07000 rw-p 00009000 08:01 10748459                   /lib/x86_64-linux-gnu/libjson.so.0.1.0
7fb8b6e07000-7fb8b6e50000 r-xp 00000000 08:01 8661041                    /usr/lib/x86_64-linux-gnu/libpulse.so.0.14.2
7fb8b6e50000-7fb8b704f000 ---p 00049000 08:01 8661041                    /usr/lib/x86_64-linux-gnu/libpulse.so.0.14.2
7fb8b704f000-7fb8b7050000 r--p 00048000 08:01 8661041                    /usr/lib/x86_64-linux-gnu/libpulse.so.0.14.2
7fb8b7050000-7fb8b7051000 rw-p 00049000 08:01 8661041                    /usr/lib/x86_64-linux-gnu/libpulse.so.0.14.2
7fb8b706a000-7fb8b7071000 r--s 00000000 08:01 8671037                    /usr/lib/x86_64-linux-gnu/gconv/gconv-modules.cache
7fb8b7071000-7fb8b70c6000 r-xp 00000000 08:01 1185405                    /home/freemac/workspaceLWJGL/Arc2D/libopenal64.so
7fb8b70c6000-7fb8b72c5000 ---p 00055000 08:01 1185405                    /home/freemac/workspaceLWJGL/Arc2D/libopenal64.so
7fb8b72c5000-7fb8b72c8000 r--p 00054000 08:01 1185405                    /home/freemac/workspaceLWJGL/Arc2D/libopenal64.so
7fb8b72c8000-7fb8b72c9000 rw-p 00057000 08:01 1185405                    /home/freemac/workspaceLWJGL/Arc2D/libopenal64.so
7fb8b72c9000-7fb8b72ca000 rw-p 00000000 00:00 0 
7fb8b72ca000-7fb8b74ca000 rw-s 53316000 00:05 6200                       /dev/nvidia0
7fb8b74ca000-7fb8b75ca000 rw-s aab75000 00:05 6200                       /dev/nvidia0
7fb8b75ca000-7fb8b7668000 rw-p 00000000 00:00 0 
7fb8b7668000-7fb8b7825000 rw-s 00000000 00:04 4620292                    /SYSV00000000 (deleted)
7fb8b7825000-7fb8b789a000 rw-p 00000000 00:00 0 
7fb8b789a000-7fb8b789b000 rw-p 00000000 00:00 0 
7fb8b789b000-7fb8b789d000 rw-s 00000000 08:01 7471822                    /tmp/gljAJU8r (deleted)
7fb8b789d000-7fb8b78a1000 rw-s aa394000 00:05 6200                       /dev/nvidia0
7fb8b78a1000-7fb8b78a5000 rw-s 274e1000 00:05 6200                       /dev/nvidia0
7fb8b78a5000-7fb8b78a6000 rw-s fdc08000 00:05 6200                       /dev/nvidia0
7fb8b78a6000-7fb8b78e6000 rw-s 375e7000 00:05 6200                       /dev/nvidia0
7fb8b7906000-7fb8b7923000 rw-s a907c000 00:05 6200                       /dev/nvidia0
7fb8b7923000-7fb8b792b000 r-xp 00000000 08:01 9573729                    /usr/lib/jvm/java-6-openjdk-amd64/jre/lib/amd64/libnio.so
7fb8b792b000-7fb8b7b2a000 ---p 00008000 08:01 9573729                    /usr/lib/jvm/java-6-openjdk-amd64/jre/lib/amd64/libnio.so
7fb8b7b2a000-7fb8b7b2b000 rw-p 00007000 08:01 9573729                    /usr/lib/jvm/java-6-openjdk-amd64/jre/lib/amd64/libnio.so
7fb8b7b2b000-7fb8b7b40000 r-xp 00000000 08:01 9573895                    /usr/lib/jvm/java-6-openjdk-amd64/jre/lib/amd64/libnet.so
7fb8b7b40000-7fb8b7d40000 ---p 00015000 08:01 9573895                    /usr/lib/jvm/java-6-openjdk-amd64/jre/lib/amd64/libnet.so
7fb8b7d40000-7fb8b7d41000 rw-p 00015000 08:01 9573895                    /usr/lib/jvm/java-6-openjdk-amd64/jre/lib/amd64/libnet.so
7fb8b7d41000-7fb8b7d44000 ---p 00000000 00:00 0 
7fb8b7d44000-7fb8b7e42000 rw-p 00000000 00:00 0 
7fb8b7e42000-7fb8b7e44000 r--s 00015000 08:01 1185397                    /home/freemac/workspaceLWJGL/Arc2D/lib/tinylinepp.jar
7fb8b7e44000-7fb8b7e4f000 r--s 00099000 08:01 1185396                    /home/freemac/workspaceLWJGL/Arc2D/lib/slick.jar
7fb8b7e4f000-7fb8b981f000 r-xp 00000000 08:01 8655813                    /usr/lib/x86_64-linux-gnu/libnvidia-glcore.so.304.117
7fb8b981f000-7fb8b9a1e000 ---p 019d0000 08:01 8655813                    /usr/lib/x86_64-linux-gnu/libnvidia-glcore.so.304.117
7fb8b9a1e000-7fb8ba21f000 rwxp 019cf000 08:01 8655813                    /usr/lib/x86_64-linux-gnu/libnvidia-glcore.so.304.117
7fb8ba21f000-7fb8ba239000 rwxp 00000000 00:00 0 
7fb8ba239000-7fb8ba23c000 r-xp 00000000 08:01 8655811                    /usr/lib/x86_64-linux-gnu/tls/libnvidia-tls.so.304.117
7fb8ba23c000-7fb8ba43b000 ---p 00003000 08:01 8655811                    /usr/lib/x86_64-linux-gnu/tls/libnvidia-tls.so.304.117
7fb8ba43b000-7fb8ba43c000 rw-p 00002000 08:01 8655811                    /usr/lib/x86_64-linux-gnu/tls/libnvidia-tls.so.304.117
7fb8ba43c000-7fb8ba506000 r-xp 00000000 08:01 8655815                    /usr/lib/x86_64-linux-gnu/nvidia/current/libGL.so.304.117
7fb8ba506000-7fb8ba706000 ---p 000ca000 08:01 8655815                    /usr/lib/x86_64-linux-gnu/nvidia/current/libGL.so.304.117
7fb8ba706000-7fb8ba743000 rwxp 000ca000 08:01 8655815                    /usr/lib/x86_64-linux-gnu/nvidia/current/libGL.so.304.117
7fb8ba743000-7fb8ba759000 rwxp 00000000 00:00 0 
7fb8ba759000-7fb8ba75c000 ---p 00000000 00:00 0 
7fb8ba75c000-7fb8ba85a000 rw-p 00000000 00:00 0 
7fb8ba85a000-7fb8ba85e000 r-xp 00000000 08:01 8657992                    /usr/lib/x86_64-linux-gnu/libXxf86vm.so.1.0.0
7fb8ba85e000-7fb8baa5e000 ---p 00004000 08:01 8657992                    /usr/lib/x86_64-linux-gnu/libXxf86vm.so.1.0.0
7fb8baa5e000-7fb8baa5f000 r--p 00004000 08:01 8657992                    /usr/lib/x86_64-linux-gnu/libXxf86vm.so.1.0.0
7fb8baa5f000-7fb8baa60000 rw-p 00005000 08:01 8657992                    /usr/lib/x86_64-linux-gnu/libXxf86vm.so.1.0.0
7fb8baa60000-7fb8baa67000 r-xp 00000000 08:01 8658298                    /usr/lib/x86_64-linux-gnu/libXrandr.so.2.2.0
7fb8baa67000-7fb8bac67000 ---p 00007000 08:01 8658298                    /usr/lib/x86_64-linux-gnu/libXrandr.so.2.2.0
7fb8bac67000-7fb8bac68000 rw-p 00007000 08:01 8658298                    /usr/lib/x86_64-linux-gnu/libXrandr.so.2.2.0
7fb8bac68000-7fb8bacd2000 r-xp 00000000 08:01 1185403                    /home/freemac/workspaceLWJGL/Arc2D/liblwjgl64.so
7fb8bacd2000-7fb8baed2000 ---p 0006a000 08:01 1185403                    /home/freemac/workspaceLWJGL/Arc2D/liblwjgl64.so
7fb8baed2000-7fb8baed4000 r--p 0006a000 08:01 1185403                    /home/freemac/workspaceLWJGL/Arc2D/liblwjgl64.so
7fb8baed4000-7fb8baed5000 rw-p 0006c000 08:01 1185403                    /home/freemac/workspaceLWJGL/Arc2D/liblwjgl64.so
7fb8baed5000-7fb8baed6000 r-xp 00000000 08:01 9573922                    /usr/lib/jvm/java-6-openjdk-amd64/jre/lib/amd64/libjawt.so
7fb8baed6000-7fb8bb0d5000 ---p 00001000 08:01 9573922                    /usr/lib/jvm/java-6-openjdk-amd64/jre/lib/amd64/libjawt.so
7fb8bb0d5000-7fb8bb0d6000 rw-p 00000000 08:01 9573922                    /usr/lib/jvm/java-6-openjdk-amd64/jre/lib/amd64/libjawt.so
7fb8bb0d6000-7fb8bb0d9000 ---p 00000000 00:00 0 
7fb8bb0d9000-7fb8bb1d7000 rw-p 00000000 00:00 0 
7fb8bb1d7000-7fb8bb1dc000 r-xp 00000000 08:01 8657962                    /usr/lib/x86_64-linux-gnu/libXfixes.so.3.1.0
7fb8bb1dc000-7fb8bb3db000 ---p 00005000 08:01 8657962                    /usr/lib/x86_64-linux-gnu/libXfixes.so.3.1.0
7fb8bb3db000-7fb8bb3dc000 r--p 00004000 08:01 8657962                    /usr/lib/x86_64-linux-gnu/libXfixes.so.3.1.0
7fb8bb3dc000-7fb8bb3dd000 rw-p 00005000 08:01 8657962                    /usr/lib/x86_64-linux-gnu/libXfixes.so.3.1.0
7fb8bb3dd000-7fb8bb3e7000 r-xp 00000000 08:01 8658286                    /usr/lib/x86_64-linux-gnu/libXcursor.so.1.0.2
7fb8bb3e7000-7fb8bb5e6000 ---p 0000a000 08:01 8658286                    /usr/lib/x86_64-linux-gnu/libXcursor.so.1.0.2
7fb8bb5e6000-7fb8bb5e7000 rw-p 00009000 08:01 8658286                    /usr/lib/x86_64-linux-gnu/libXcursor.so.1.0.2
7fb8bb5e8000-7fb8bb5e9000 rw-s e8005000 00:05 6200                       /dev/nvidia0
7fb8bb5e9000-7fb8bb5ea000 rw-s 274e6000 00:05 6200                       /dev/nvidia0
7fb8bb5ea000-7fb8bb5eb000 r--s 00001000 08:01 1185395                    /home/freemac/workspaceLWJGL/Arc2D/lib/slick-examples.jar
7fb8bb5eb000-7fb8bb5ec000 r--s 000b4000 08:01 1185394                    /home/freemac/workspaceLWJGL/Arc2D/lib/natives-windows.jar
7fb8bb5ec000-7fb8bb5ee000 r--s 0000d000 08:01 1185385                    /home/freemac/workspaceLWJGL/Arc2D/lib/jorbis-0.0.15.jar
7fb8bb5ee000-7fb8bb5ef000 r--s 00001000 08:01 1185384                    /home/freemac/workspaceLWJGL/Arc2D/lib/jogg-0.0.7.jar
7fb8bb5ef000-7fb8bb5f0000 r--s 00001000 08:01 1185383                    /home/freemac/workspaceLWJGL/Arc2D/lib/jnlp.jar
7fb8bb5f0000-7fb8bb5f2000 r--s 00008000 08:01 1185381                    /home/freemac/workspaceLWJGL/Arc2D/lib/ibxm.jar
7fb8bb5f2000-7fb8bb5f4000 r--s 0000c000 08:01 2108608                    /home/freemac/eclipse/plugins/org.hamcrest.core_1.3.0.v201303031735.jar
7fb8bb5f4000-7fb8bb5fa000 r--s 00036000 08:01 2363380                    /home/freemac/eclipse/plugins/org.junit_4.11.0.v201303080030/junit.jar
7fb8bb5fa000-7fb8bb607000 r--s 000e6000 08:01 1185387                    /home/freemac/workspaceLWJGL/Arc2D/lib/lwjgl.jar
7fb8bb607000-7fb8bb60a000 ---p 00000000 00:00 0 
7fb8bb60a000-7fb8bb708000 rw-p 00000000 00:00 0 
7fb8bb708000-7fb8bb7a1000 r-xp 00000000 08:01 8654482                    /usr/lib/x86_64-linux-gnu/libfreetype.so.6.8.1
7fb8bb7a1000-7fb8bb9a0000 ---p 00099000 08:01 8654482                    /usr/lib/x86_64-linux-gnu/libfreetype.so.6.8.1
7fb8bb9a0000-7fb8bb9a6000 r--p 00098000 08:01 8654482                    /usr/lib/x86_64-linux-gnu/libfreetype.so.6.8.1
7fb8bb9a6000-7fb8bb9a7000 rw-p 0009e000 08:01 8654482                    /usr/lib/x86_64-linux-gnu/libfreetype.so.6.8.1
7fb8bb9a7000-7fb8bb9f5000 r-xp 00000000 08:01 9573894                    /usr/lib/jvm/java-6-openjdk-amd64/jre/lib/amd64/libfontmanager.so
7fb8bb9f5000-7fb8bbbf5000 ---p 0004e000 08:01 9573894                    /usr/lib/jvm/java-6-openjdk-amd64/jre/lib/amd64/libfontmanager.so
7fb8bbbf5000-7fb8bbbf8000 rw-p 0004e000 08:01 9573894                    /usr/lib/jvm/java-6-openjdk-amd64/jre/lib/amd64/libfontmanager.so
7fb8bbbf8000-7fb8bbbfd000 r-xp 00000000 08:01 8654504                    /usr/lib/x86_64-linux-gnu/libXdmcp.so.6.0.0
7fb8bbbfd000-7fb8bbdfc000 ---p 00005000 08:01 8654504                    /usr/lib/x86_64-linux-gnu/libXdmcp.so.6.0.0
7fb8bbdfc000-7fb8bbdfd000 rw-p 00004000 08:01 8654504                    /usr/lib/x86_64-linux-gnu/libXdmcp.so.6.0.0
7fb8bbdfd000-7fb8bbdff000 r-xp 00000000 08:01 8654500                    /usr/lib/x86_64-linux-gnu/libXau.so.6.0.0
7fb8bbdff000-7fb8bbfff000 ---p 00002000 08:01 8654500                    /usr/lib/x86_64-linux-gnu/libXau.so.6.0.0
7fb8bbfff000-7fb8bc000000 rw-p 00002000 08:01 8654500                    /usr/lib/x86_64-linux-gnu/libXau.so.6.0.0
7fb8bc000000-7fb8c0000000 rw-p 00000000 00:00 0 
7fb8c0000000-7fb8c0007000 r--s 00054000 08:01 9573484                    /usr/lib/jvm/java-6-openjdk-common/jre/lib/resources.jar
7fb8c0007000-7fb8c0010000 r--s 00000000 08:01 10883129                   /var/cache/fontconfig/945677eb7aeaf62f1d50efc3fb3ec7d8-le64.cache-3
7fb8c0010000-7fb8c0019000 r--s 00000000 08:01 10883148                   /var/cache/fontconfig/6d41288fd70b0be22e8c3a91e032eec0-le64.cache-3
7fb8c0019000-7fb8c001c000 r--s 00000000 08:01 10883146                   /var/cache/fontconfig/c57959a16110560c8d0fcea73374aeeb-le64.cache-3
7fb8c001c000-7fb8c0021000 r--s 00000000 08:01 10883145                   /var/cache/fontconfig/3047814df9a2f067bd2d96a2b9c36e5a-le64.cache-3
7fb8c0021000-7fb8c0032000 r--s 00000000 08:01 10882105                   /var/cache/fontconfig/d52a8644073d54c13679302ca1180695-le64.cache-3
7fb8c0032000-7fb8c0039000 r--s 00000000 08:01 10883128                   /var/cache/fontconfig/3f7329c5293ffd510edef78f73874cfd-le64.cache-3
7fb8c0039000-7fb8c0043000 r--s 00000000 08:01 10883141                   /var/cache/fontconfig/83bf95040141907cd45bb53cf7c1c148-le64.cache-3
7fb8c0043000-7fb8c004e000 r--s 00000000 08:01 10885459                   /var/cache/fontconfig/e13b20fdb08344e0e664864cc2ede53d-le64.cache-3
7fb8c004e000-7fb8c0057000 r--s 00000000 08:01 10883129                   /var/cache/fontconfig/945677eb7aeaf62f1d50efc3fb3ec7d8-le64.cache-3
7fb8c0057000-7fb8c0060000 r--s 00000000 08:01 10883148                   /var/cache/fontconfig/6d41288fd70b0be22e8c3a91e032eec0-le64.cache-3
7fb8c0060000-7fb8c0063000 r--s 00000000 08:01 10883146                   /var/cache/fontconfig/c57959a16110560c8d0fcea73374aeeb-le64.cache-3
7fb8c0063000-7fb8c0068000 r--s 00000000 08:01 10883145                   /var/cache/fontconfig/3047814df9a2f067bd2d96a2b9c36e5a-le64.cache-3
7fb8c0068000-7fb8c0079000 r--s 00000000 08:01 10882105                   /var/cache/fontconfig/d52a8644073d54c13679302ca1180695-le64.cache-3
7fb8c0079000-7fb8c0098000 r-xp 00000000 08:01 8654506                    /usr/lib/x86_64-linux-gnu/libxcb.so.1.1.0
7fb8c0098000-7fb8c0297000 ---p 0001f000 08:01 8654506                    /usr/lib/x86_64-linux-gnu/libxcb.so.1.1.0
7fb8c0297000-7fb8c0298000 r--p 0001e000 08:01 8654506                    /usr/lib/x86_64-linux-gnu/libxcb.so.1.1.0
7fb8c0298000-7fb8c0299000 rw-p 0001f000 08:01 8654506                    /usr/lib/x86_64-linux-gnu/libxcb.so.1.1.0
7fb8c0299000-7fb8c02a7000 r-xp 00000000 08:01 8658290                    /usr/lib/x86_64-linux-gnu/libXi.so.6.1.0
7fb8c02a7000-7fb8c04a7000 ---p 0000e000 08:01 8658290                    /usr/lib/x86_64-linux-gnu/libXi.so.6.1.0
7fb8c04a7000-7fb8c04a8000 rw-p 0000e000 08:01 8658290                    /usr/lib/x86_64-linux-gnu/libXi.so.6.1.0
7fb8c04a8000-7fb8c04ad000 r-xp 00000000 08:01 8660917                    /usr/lib/x86_64-linux-gnu/libXtst.so.6.1.0
7fb8c04ad000-7fb8c06ac000 ---p 00005000 08:01 8660917                    /usr/lib/x86_64-linux-gnu/libXtst.so.6.1.0
7fb8c06ac000-7fb8c06ad000 rw-p 00004000 08:01 8660917                    /usr/lib/x86_64-linux-gnu/libXtst.so.6.1.0
7fb8c06ad000-7fb8c06b6000 r-xp 00000000 08:01 8656064                    /usr/lib/x86_64-linux-gnu/libXrender.so.1.3.0
7fb8c06b6000-7fb8c08b5000 ---p 00009000 08:01 8656064                    /usr/lib/x86_64-linux-gnu/libXrender.so.1.3.0
7fb8c08b5000-7fb8c08b6000 rw-p 00008000 08:01 8656064                    /usr/lib/x86_64-linux-gnu/libXrender.so.1.3.0
7fb8c08b6000-7fb8c09eb000 r-xp 00000000 08:01 8654511                    /usr/lib/x86_64-linux-gnu/libX11.so.6.3.0
7fb8c09eb000-7fb8c0beb000 ---p 00135000 08:01 8654511                    /usr/lib/x86_64-linux-gnu/libX11.so.6.3.0
7fb8c0beb000-7fb8c0bf1000 rw-p 00135000 08:01 8654511                    /usr/lib/x86_64-linux-gnu/libX11.so.6.3.0
7fb8c0bf1000-7fb8c0c02000 r-xp 00000000 08:01 8657970                    /usr/lib/x86_64-linux-gnu/libXext.so.6.4.0
7fb8c0c02000-7fb8c0e02000 ---p 00011000 08:01 8657970                    /usr/lib/x86_64-linux-gnu/libXext.so.6.4.0
7fb8c0e02000-7fb8c0e03000 rw-p 00011000 08:01 8657970                    /usr/lib/x86_64-linux-gnu/libXext.so.6.4.0
7fb8c0e03000-7fb8c0e04000 rw-s fd641000 00:05 6200                       /dev/nvidia0
7fb8c0e04000-7fb8c0e05000 rw-s aace6000 00:05 6200                       /dev/nvidia0
7fb8c0e05000-7fb8c0e06000 rw-s a9605000 00:05 6200                       /dev/nvidia0
7fb8c0e06000-7fb8c0e07000 rw-s fd060000 00:05 6200                       /dev/nvidia0
7fb8c0e07000-7fb8c0e0e000 r--s 00000000 08:01 10883128                   /var/cache/fontconfig/3f7329c5293ffd510edef78f73874cfd-le64.cache-3
7fb8c0e0e000-7fb8c0e18000 r--s 00000000 08:01 10883141                   /var/cache/fontconfig/83bf95040141907cd45bb53cf7c1c148-le64.cache-3
7fb8c0e18000-7fb8c0e23000 r--s 00000000 08:01 10885459                   /var/cache/fontconfig/e13b20fdb08344e0e664864cc2ede53d-le64.cache-3
7fb8c0e23000-7fb8c0e70000 r-xp 00000000 08:01 9568288                    /usr/lib/jvm/java-6-openjdk-amd64/jre/lib/amd64/xawt/libmawt.so
7fb8c0e70000-7fb8c106f000 ---p 0004d000 08:01 9568288                    /usr/lib/jvm/java-6-openjdk-amd64/jre/lib/amd64/xawt/libmawt.so
7fb8c106f000-7fb8c1073000 rw-p 0004c000 08:01 9568288                    /usr/lib/jvm/java-6-openjdk-amd64/jre/lib/amd64/xawt/libmawt.so
7fb8c1073000-7fb8c1074000 rw-p 00000000 00:00 0 
7fb8c1074000-7fb8c1114000 r-xp 00000000 08:01 9573899                    /usr/lib/jvm/java-6-openjdk-amd64/jre/lib/amd64/libawt.so
7fb8c1114000-7fb8c1314000 ---p 000a0000 08:01 9573899                    /usr/lib/jvm/java-6-openjdk-amd64/jre/lib/amd64/libawt.so
7fb8c1314000-7fb8c131f000 rw-p 000a0000 08:01 9573899                    /usr/lib/jvm/java-6-openjdk-amd64/jre/lib/amd64/libawt.so
7fb8c131f000-7fb8c1344000 rw-p 00000000 00:00 0 
7fb8c1344000-7fb8c1352000 r--s 000e9000 08:01 1185386                    /home/freemac/workspaceLWJGL/Arc2D/lib/lwjgl-debug.jar
7fb8c1352000-7fb8c1353000 ---p 00000000 00:00 0 
7fb8c1353000-7fb8c1453000 rw-p 00000000 00:00 0 
7fb8c1453000-7fb8c1456000 ---p 00000000 00:00 0 
7fb8c1456000-7fb8c1554000 rw-p 00000000 00:00 0 
7fb8c1554000-7fb8c1557000 ---p 00000000 00:00 0 
7fb8c1557000-7fb8c1655000 rw-p 00000000 00:00 0 
7fb8c1655000-7fb8c1658000 ---p 00000000 00:00 0 
7fb8c1658000-7fb8c1756000 rw-p 00000000 00:00 0 
7fb8c1756000-7fb8c1759000 ---p 00000000 00:00 0 
7fb8c1759000-7fb8c1857000 rw-p 00000000 00:00 0 
7fb8c1857000-7fb8c19ce000 r--p 00000000 08:01 8653610                    /usr/lib/locale/locale-archive
7fb8c19ce000-7fb8c19d1000 ---p 00000000 00:00 0 
7fb8c19d1000-7fb8c1acf000 rw-p 00000000 00:00 0 
7fb8c1acf000-7fb8c1ad2000 ---p 00000000 00:00 0 
7fb8c1ad2000-7fb8c1bd0000 rw-p 00000000 00:00 0 
7fb8c1bd0000-7fb8c1bd1000 ---p 00000000 00:00 0 
7fb8c1bd1000-7fb8c2670000 rw-p 00000000 00:00 0 
7fb8c2670000-7fb8c2807000 r--s 01a14000 08:01 9573696                    /usr/lib/jvm/java-6-openjdk-amd64/jre/lib/rt.jar
7fb8c2807000-7fb8c49c7000 rw-p 00000000 00:00 0 
7fb8c49c7000-7fb8c49c8000 ---p 00000000 00:00 0 
7fb8c49c8000-7fb8c4ac8000 rw-p 00000000 00:00 0 
7fb8c4ac8000-7fb8c4ac9000 ---p 00000000 00:00 0 
7fb8c4ac9000-7fb8c4bd9000 rw-p 00000000 00:00 0 
7fb8c4bd9000-7fb8c4c1c000 rw-p 00000000 00:00 0 
7fb8c4c1c000-7fb8c4c38000 rw-p 00000000 00:00 0 
7fb8c4c38000-7fb8c4d04000 rw-p 00000000 00:00 0 
7fb8c4d04000-7fb8c4d14000 rw-p 00000000 00:00 0 
7fb8c4d14000-7fb8c4d57000 rw-p 00000000 00:00 0 
7fb8c4d57000-7fb8c4d73000 rw-p 00000000 00:00 0 
7fb8c4d73000-7fb8c4e3e000 rw-p 00000000 00:00 0 
7fb8c4e3e000-7fb8c4eb2000 rw-p 00000000 00:00 0 
7fb8c4eb2000-7fb8c4eb3000 rw-p 00000000 00:00 0 
7fb8c4eb3000-7fb8c5123000 rwxp 00000000 00:00 0 
7fb8c5123000-7fb8c7eb3000 rw-p 00000000 00:00 0 
7fb8c7eb3000-7fb8c7eba000 r-xp 00000000 08:01 9573867                    /usr/lib/jvm/java-6-openjdk-amd64/jre/lib/amd64/libzip.so
7fb8c7eba000-7fb8c80b9000 ---p 00007000 08:01 9573867                    /usr/lib/jvm/java-6-openjdk-amd64/jre/lib/amd64/libzip.so
7fb8c80b9000-7fb8c80ba000 rw-p 00006000 08:01 9573867                    /usr/lib/jvm/java-6-openjdk-amd64/jre/lib/amd64/libzip.so
7fb8c80ba000-7fb8c80c5000 r-xp 00000000 08:01 10751481                   /lib/x86_64-linux-gnu/libnss_files-2.13.so
7fb8c80c5000-7fb8c82c4000 ---p 0000b000 08:01 10751481                   /lib/x86_64-linux-gnu/libnss_files-2.13.so
7fb8c82c4000-7fb8c82c5000 r--p 0000a000 08:01 10751481                   /lib/x86_64-linux-gnu/libnss_files-2.13.so
7fb8c82c5000-7fb8c82c6000 rw-p 0000b000 08:01 10751481                   /lib/x86_64-linux-gnu/libnss_files-2.13.so
7fb8c82c6000-7fb8c82d0000 r-xp 00000000 08:01 10751477                   /lib/x86_64-linux-gnu/libnss_nis-2.13.so
7fb8c82d0000-7fb8c84cf000 ---p 0000a000 08:01 10751477                   /lib/x86_64-linux-gnu/libnss_nis-2.13.so
7fb8c84cf000-7fb8c84d0000 r--p 00009000 08:01 10751477                   /lib/x86_64-linux-gnu/libnss_nis-2.13.so
7fb8c84d0000-7fb8c84d1000 rw-p 0000a000 08:01 10751477                   /lib/x86_64-linux-gnu/libnss_nis-2.13.so
7fb8c84d1000-7fb8c84d8000 r-xp 00000000 08:01 10751470                   /lib/x86_64-linux-gnu/libnss_compat-2.13.so
7fb8c84d8000-7fb8c86d7000 ---p 00007000 08:01 10751470                   /lib/x86_64-linux-gnu/libnss_compat-2.13.so
7fb8c86d7000-7fb8c86d8000 r--p 00006000 08:01 10751470                   /lib/x86_64-linux-gnu/libnss_compat-2.13.so
7fb8c86d8000-7fb8c86d9000 rw-p 00007000 08:01 10751470                   /lib/x86_64-linux-gnu/libnss_compat-2.13.so
7fb8c86d9000-7fb8c86ee000 r-xp 00000000 08:01 10751475                   /lib/x86_64-linux-gnu/libnsl-2.13.so
7fb8c86ee000-7fb8c88ed000 ---p 00015000 08:01 10751475                   /lib/x86_64-linux-gnu/libnsl-2.13.so
7fb8c88ed000-7fb8c88ee000 r--p 00014000 08:01 10751475                   /lib/x86_64-linux-gnu/libnsl-2.13.so
7fb8c88ee000-7fb8c88ef000 rw-p 00015000 08:01 10751475                   /lib/x86_64-linux-gnu/libnsl-2.13.so
7fb8c88ef000-7fb8c88f1000 rw-p 00000000 00:00 0 
7fb8c88f1000-7fb8c891f000 r-xp 00000000 08:01 9573896                    /usr/lib/jvm/java-6-openjdk-amd64/jre/lib/amd64/libjava.so
7fb8c891f000-7fb8c8b1e000 ---p 0002e000 08:01 9573896                    /usr/lib/jvm/java-6-openjdk-amd64/jre/lib/amd64/libjava.so
7fb8c8b1e000-7fb8c8b22000 rw-p 0002d000 08:01 9573896                    /usr/lib/jvm/java-6-openjdk-amd64/jre/lib/amd64/libjava.so
7fb8c8b22000-7fb8c8b31000 r-xp 00000000 08:01 9573897                    /usr/lib/jvm/java-6-openjdk-amd64/jre/lib/amd64/libverify.so
7fb8c8b31000-7fb8c8d30000 ---p 0000f000 08:01 9573897                    /usr/lib/jvm/java-6-openjdk-amd64/jre/lib/amd64/libverify.so
7fb8c8d30000-7fb8c8d32000 rw-p 0000e000 08:01 9573897                    /usr/lib/jvm/java-6-openjdk-amd64/jre/lib/amd64/libverify.so
7fb8c8d32000-7fb8c8d39000 r-xp 00000000 08:01 10751485                   /lib/x86_64-linux-gnu/librt-2.13.so
7fb8c8d39000-7fb8c8f38000 ---p 00007000 08:01 10751485                   /lib/x86_64-linux-gnu/librt-2.13.so
7fb8c8f38000-7fb8c8f39000 r--p 00006000 08:01 10751485                   /lib/x86_64-linux-gnu/librt-2.13.so
7fb8c8f39000-7fb8c8f3a000 rw-p 00007000 08:01 10751485                   /lib/x86_64-linux-gnu/librt-2.13.so
7fb8c8f3a000-7fb8c8f4f000 r-xp 00000000 08:01 10747908                   /lib/x86_64-linux-gnu/libgcc_s.so.1
7fb8c8f4f000-7fb8c914f000 ---p 00015000 08:01 10747908                   /lib/x86_64-linux-gnu/libgcc_s.so.1
7fb8c914f000-7fb8c9150000 rw-p 00015000 08:01 10747908                   /lib/x86_64-linux-gnu/libgcc_s.so.1
7fb8c9150000-7fb8c91d1000 r-xp 00000000 08:01 10751472                   /lib/x86_64-linux-gnu/libm-2.13.so
7fb8c91d1000-7fb8c93d0000 ---p 00081000 08:01 10751472                   /lib/x86_64-linux-gnu/libm-2.13.so
7fb8c93d0000-7fb8c93d1000 r--p 00080000 08:01 10751472                   /lib/x86_64-linux-gnu/libm-2.13.so
7fb8c93d1000-7fb8c93d2000 rw-p 00081000 08:01 10751472                   /lib/x86_64-linux-gnu/libm-2.13.so
7fb8c93d2000-7fb8c94ba000 r-xp 00000000 08:01 8654705                    /usr/lib/x86_64-linux-gnu/libstdc++.so.6.0.17
7fb8c94ba000-7fb8c96ba000 ---p 000e8000 08:01 8654705                    /usr/lib/x86_64-linux-gnu/libstdc++.so.6.0.17
7fb8c96ba000-7fb8c96c2000 r--p 000e8000 08:01 8654705                    /usr/lib/x86_64-linux-gnu/libstdc++.so.6.0.17
7fb8c96c2000-7fb8c96c4000 rw-p 000f0000 08:01 8654705                    /usr/lib/x86_64-linux-gnu/libstdc++.so.6.0.17
7fb8c96c4000-7fb8c96d9000 rw-p 00000000 00:00 0 
7fb8c96d9000-7fb8ca0ca000 r-xp 00000000 08:01 9573732                    /usr/lib/jvm/java-6-openjdk-amd64/jre/lib/amd64/server/libjvm.so
7fb8ca0ca000-7fb8ca2c9000 ---p 009f1000 08:01 9573732                    /usr/lib/jvm/java-6-openjdk-amd64/jre/lib/amd64/server/libjvm.so
7fb8ca2c9000-7fb8ca36a000 rw-p 009f0000 08:01 9573732                    /usr/lib/jvm/java-6-openjdk-amd64/jre/lib/amd64/server/libjvm.so
7fb8ca36a000-7fb8ca395000 rw-p 00000000 00:00 0 
7fb8ca395000-7fb8ca517000 r-xp 00000000 08:01 10749058                   /lib/x86_64-linux-gnu/libc-2.13.so
7fb8ca517000-7fb8ca716000 ---p 00182000 08:01 10749058                   /lib/x86_64-linux-gnu/libc-2.13.so
7fb8ca716000-7fb8ca71a000 r--p 00181000 08:01 10749058                   /lib/x86_64-linux-gnu/libc-2.13.so
7fb8ca71a000-7fb8ca71b000 rw-p 00185000 08:01 10749058                   /lib/x86_64-linux-gnu/libc-2.13.so
7fb8ca71b000-7fb8ca720000 rw-p 00000000 00:00 0 
7fb8ca720000-7fb8ca722000 r-xp 00000000 08:01 10751479                   /lib/x86_64-linux-gnu/libdl-2.13.so
7fb8ca722000-7fb8ca922000 ---p 00002000 08:01 10751479                   /lib/x86_64-linux-gnu/libdl-2.13.so
7fb8ca922000-7fb8ca923000 r--p 00002000 08:01 10751479                   /lib/x86_64-linux-gnu/libdl-2.13.so
7fb8ca923000-7fb8ca924000 rw-p 00003000 08:01 10751479                   /lib/x86_64-linux-gnu/libdl-2.13.so
7fb8ca924000-7fb8ca928000 r-xp 00000000 08:01 9573865                    /usr/lib/jvm/java-6-openjdk-amd64/jre/lib/amd64/jli/libjli.so
7fb8ca928000-7fb8cab27000 ---p 00004000 08:01 9573865                    /usr/lib/jvm/java-6-openjdk-amd64/jre/lib/amd64/jli/libjli.so
7fb8cab27000-7fb8cab28000 rw-p 00003000 08:01 9573865                    /usr/lib/jvm/java-6-openjdk-amd64/jre/lib/amd64/jli/libjli.so
7fb8cab28000-7fb8cab3f000 r-xp 00000000 08:01 10751483                   /lib/x86_64-linux-gnu/libpthread-2.13.so
7fb8cab3f000-7fb8cad3e000 ---p 00017000 08:01 10751483                   /lib/x86_64-linux-gnu/libpthread-2.13.so
7fb8cad3e000-7fb8cad3f000 r--p 00016000 08:01 10751483                   /lib/x86_64-linux-gnu/libpthread-2.13.so
7fb8cad3f000-7fb8cad40000 rw-p 00017000 08:01 10751483                   /lib/x86_64-linux-gnu/libpthread-2.13.so
7fb8cad40000-7fb8cad44000 rw-p 00000000 00:00 0 
7fb8cad44000-7fb8cad5a000 r-xp 00000000 08:01 10747994                   /lib/x86_64-linux-gnu/libz.so.1.2.7
7fb8cad5a000-7fb8caf59000 ---p 00016000 08:01 10747994                   /lib/x86_64-linux-gnu/libz.so.1.2.7
7fb8caf59000-7fb8caf5a000 r--p 00015000 08:01 10747994                   /lib/x86_64-linux-gnu/libz.so.1.2.7
7fb8caf5a000-7fb8caf5b000 rw-p 00016000 08:01 10747994                   /lib/x86_64-linux-gnu/libz.so.1.2.7
7fb8caf5b000-7fb8caf7b000 r-xp 00000000 08:01 2625157                    /lib64/ld-2.13.so
7fb8caf7b000-7fb8caf7c000 r--s 00001000 08:01 1185391                    /home/freemac/workspaceLWJGL/Arc2D/lib/lzma.jar
7fb8caf7c000-7fb8caf7d000 r--s 00000000 08:01 10883151                   /var/cache/fontconfig/c05880de57d1f5e948fdfacc138775d9-le64.cache-3
7fb8caf7d000-7fb8caf7e000 r--s 00000000 08:01 10883147                   /var/cache/fontconfig/4794a0821666d79190d59a36cb4f44b5-le64.cache-3
7fb8caf7e000-7fb8caf7f000 r--s 00000000 08:01 10883151                   /var/cache/fontconfig/c05880de57d1f5e948fdfacc138775d9-le64.cache-3
7fb8caf7f000-7fb8caf80000 r--s 00000000 08:01 10883147                   /var/cache/fontconfig/4794a0821666d79190d59a36cb4f44b5-le64.cache-3
7fb8caf80000-7fb8caf84000 r--s 0003c000 08:01 9573493                    /usr/lib/jvm/java-6-openjdk-common/jre/lib/jsse.jar
7fb8caf84000-7fb8caf88000 r--s 00027000 08:01 1185389                    /home/freemac/workspaceLWJGL/Arc2D/lib/lwjgl_util.jar
7fb8caf88000-7fb8caf89000 r--s 00008000 08:01 1185390                    /home/freemac/workspaceLWJGL/Arc2D/lib/lwjgl_util_applet.jar
7fb8caf89000-7fb8caf8e000 r--s 00041000 08:01 1185388                    /home/freemac/workspaceLWJGL/Arc2D/lib/lwjgl_test.jar
7fb8caf8e000-7fb8caf93000 r--s 00030000 08:01 1185382                    /home/freemac/workspaceLWJGL/Arc2D/lib/jinput.jar
7fb8caf93000-7fb8caf9d000 rw-p 00000000 00:00 0 
7fb8caf9d000-7fb8cb053000 rw-p 00000000 00:00 0 
7fb8cb053000-7fb8cb056000 ---p 00000000 00:00 0 
7fb8cb056000-7fb8cb159000 rw-p 00000000 00:00 0 
7fb8cb159000-7fb8cb15e000 r--s 0004a000 08:01 1185380                    /home/freemac/workspaceLWJGL/Arc2D/lib/asm-debug-all.jar
7fb8cb15e000-7fb8cb160000 r--s 00000000 08:01 1185379                    /home/freemac/workspaceLWJGL/Arc2D/lib/AppleJavaExtensions.jar
7fb8cb160000-7fb8cb161000 r--s 00007000 08:01 9440938                    /usr/share/java/java-atk-wrapper.jar
7fb8cb161000-7fb8cb164000 r--s 00031000 08:01 9573478                    /usr/lib/jvm/java-6-openjdk-common/jre/lib/ext/sunjce_provider.jar
7fb8cb164000-7fb8cb168000 r--s 00039000 08:01 9573477                    /usr/lib/jvm/java-6-openjdk-common/jre/lib/ext/sunpkcs11.jar
7fb8cb168000-7fb8cb16b000 r--s 00077000 08:01 9573475                    /usr/lib/jvm/java-6-openjdk-common/jre/lib/ext/localedata.jar
7fb8cb16b000-7fb8cb16d000 r--s 0000f000 08:01 9573479                    /usr/lib/jvm/java-6-openjdk-common/jre/lib/ext/pulse-java.jar
7fb8cb16d000-7fb8cb16f000 r--s 00001000 08:01 9573476                    /usr/lib/jvm/java-6-openjdk-common/jre/lib/ext/dnsns.jar
7fb8cb16f000-7fb8cb177000 rw-s 00000000 08:01 7733265                    /tmp/hsperfdata_freemac/5209 (deleted)
7fb8cb177000-7fb8cb178000 rw-p 00000000 00:00 0 
7fb8cb178000-7fb8cb179000 ---p 00000000 00:00 0 
7fb8cb179000-7fb8cb17a000 rw-p 00000000 00:00 0 
7fb8cb17a000-7fb8cb17b000 r--p 0001f000 08:01 2625157                    /lib64/ld-2.13.so
7fb8cb17b000-7fb8cb17c000 rw-p 00020000 08:01 2625157                    /lib64/ld-2.13.so
7fb8cb17c000-7fb8cb17d000 rw-p 00000000 00:00 0 
7fff06037000-7fff06058000 rw-p 00000000 00:00 0                          [stack]
7fff061ff000-7fff06200000 r-xp 00000000 00:00 0                          [vdso]
ffffffffff600000-ffffffffff601000 r-xp 00000000 00:00 0                  [vsyscall]

VM Arguments:
jvm_args: -Djava.library.path=/home/freemac/workspaceLWJGL/Arc2D -Dfile.encoding=UTF-8 
java_command: net.stinfoservices.helias.renaud.tempest.TempestMain
Launcher Type: SUN_STANDARD

Environment Variables:
JAVA_HOME=/usr/java/jdk1.7.0_51/
PATH=/usr/java/jdk1.7.0_51/bin:/usr/java/jdk1.7.0_51/bin:/usr/local/bin:/usr/bin:/bin:/usr/local/games:/usr/games
LD_LIBRARY_PATH=/usr/lib/jvm/java-6-openjdk-amd64/jre/lib/amd64/server:/usr/lib/jvm/java-6-openjdk-amd64/jre/lib/amd64:/usr/lib/jvm/java-6-openjdk-amd64/jre/../lib/amd64
SHELL=/bin/bash
DISPLAY=:0

Signal Handlers:
SIGSEGV: [libjvm.so+0x84e640], sa_mask[0]=0x7ffbfeff, sa_flags=0x10000004
SIGBUS: [libjvm.so+0x84e640], sa_mask[0]=0x7ffbfeff, sa_flags=0x10000004
SIGFPE: [libjvm.so+0x6f1a20], sa_mask[0]=0x7ffbfeff, sa_flags=0x10000004
SIGPIPE: [libjvm.so+0x6f1a20], sa_mask[0]=0x7ffbfeff, sa_flags=0x10000004
SIGXFSZ: [libjvm.so+0x6f1a20], sa_mask[0]=0x7ffbfeff, sa_flags=0x10000004
SIGILL: [libjvm.so+0x6f1a20], sa_mask[0]=0x7ffbfeff, sa_flags=0x10000004
SIGUSR1: SIG_DFL, sa_mask[0]=0x00000000, sa_flags=0x00000000
SIGUSR2: [libjvm.so+0x6f1dd0], sa_mask[0]=0x00000004, sa_flags=0x10000004
SIGHUP: [libjvm.so+0x6f1f10], sa_mask[0]=0x7ffbfeff, sa_flags=0x10000004
SIGINT: [libjvm.so+0x6f1f10], sa_mask[0]=0x7ffbfeff, sa_flags=0x10000004
SIGTERM: [libjvm.so+0x6f1f10], sa_mask[0]=0x7ffbfeff, sa_flags=0x10000004
SIGQUIT: [libjvm.so+0x6f1f10], sa_mask[0]=0x7ffbfeff, sa_flags=0x10000004


---------------  S Y S T E M  ---------------

OS:7.5

uname:Linux 3.2.0-4-amd64 #1 SMP Debian 3.2.57-3 x86_64
libc:glibc 2.13 NPTL 2.13 
rlimit: STACK 8192k, CORE 0k, NPROC 22051, NOFILE 4096, AS infinity
load average:1.44 0.70 0.53

/proc/meminfo:
MemTotal:        2834708 kB
MemFree:           78104 kB
Buffers:            1376 kB
Cached:            76064 kB
SwapCached:        36636 kB
Active:          2089348 kB
Inactive:         548228 kB
Active(anon):    2049364 kB
Inactive(anon):   514228 kB
Active(file):      39984 kB
Inactive(file):    34000 kB
Unevictable:           0 kB
Mlocked:               0 kB
SwapTotal:       5763068 kB
SwapFree:        5598504 kB
Dirty:                48 kB
Writeback:             0 kB
AnonPages:       2533196 kB
Mapped:            74756 kB
Shmem:              3168 kB
Slab:              41808 kB
SReclaimable:      20552 kB
SUnreclaim:        21256 kB
KernelStack:        2488 kB
PageTables:        17940 kB
NFS_Unstable:          0 kB
Bounce:                0 kB
WritebackTmp:          0 kB
CommitLimit:     7180420 kB
Committed_AS:    2428916 kB
VmallocTotal:   34359738367 kB
VmallocUsed:      120448 kB
VmallocChunk:   34359610876 kB
HardwareCorrupted:     0 kB
AnonHugePages:         0 kB
HugePages_Total:       0
HugePages_Free:        0
HugePages_Rsvd:        0
HugePages_Surp:        0
Hugepagesize:       2048 kB
DirectMap4k:       99968 kB
DirectMap2M:     2783232 kB


CPU:total 2 (2 cores per cpu, 1 threads per core) family 15 model 107 stepping 2, cmov, cx8, fxsr, mmx, sse, sse2, sse3, mmxext, 3dnowpref, tsc

/proc/cpuinfo:
processor	: 0
vendor_id	: AuthenticAMD
cpu family	: 15
model		: 107
model name	: AMD Athlon(tm) Dual Core Processor 4450e
stepping	: 2
microcode	: 0x83
cpu MHz		: 1000.000
cache size	: 512 KB
physical id	: 0
siblings	: 2
core id		: 0
cpu cores	: 2
apicid		: 0
initial apicid	: 0
fpu		: yes
fpu_exception	: yes
cpuid level	: 1
wp		: yes
flags		: fpu vme de pse tsc msr pae mce cx8 apic sep mtrr pge mca cmov pat pse36 clflush mmx fxsr sse sse2 ht syscall nx mmxext fxsr_opt rdtscp lm 3dnowext 3dnow rep_good nopl extd_apicid pni cx16 lahf_lm cmp_legacy svm extapic cr8_legacy 3dnowprefetch lbrv
bogomips	: 1999.55
TLB size	: 1024 4K pages
clflush size	: 64
cache_alignment	: 64
address sizes	: 40 bits physical, 48 bits virtual
power management: ts fid vid ttp tm stc 100mhzsteps

processor	: 1
vendor_id	: AuthenticAMD
cpu family	: 15
model		: 107
model name	: AMD Athlon(tm) Dual Core Processor 4450e
stepping	: 2
microcode	: 0x83
cpu MHz		: 1000.000
cache size	: 512 KB
physical id	: 0
siblings	: 2
core id		: 1
cpu cores	: 2
apicid		: 1
initial apicid	: 1
fpu		: yes
fpu_exception	: yes
cpuid level	: 1
wp		: yes
flags		: fpu vme de pse tsc msr pae mce cx8 apic sep mtrr pge mca cmov pat pse36 clflush mmx fxsr sse sse2 ht syscall nx mmxext fxsr_opt rdtscp lm 3dnowext 3dnow rep_good nopl extd_apicid pni cx16 lahf_lm cmp_legacy svm extapic cr8_legacy 3dnowprefetch lbrv
bogomips	: 1999.55
TLB size	: 1024 4K pages
clflush size	: 64
cache_alignment	: 64
address sizes	: 40 bits physical, 48 bits virtual
power management: ts fid vid ttp tm stc 100mhzsteps



Memory: 4k page, physical 2834708k(78104k free), swap 5763068k(5598504k free)

vm_info: OpenJDK 64-Bit Server VM (23.25-b01) for linux-amd64 JRE (1.6.0_31-b31), built on Apr 24 2014 11:42:30 by "buildd" with gcc 4.7.2

time: Sat May 10 18:39:33 2014
elapsed time: 61 seconds

