#
# A fatal error has been detected by the Java Runtime Environment:
#
#  SIGSEGV (0xb) at pc=0x00007f57fafb5548, pid=11338, tid=140016142038784
#
# JRE version: Java(TM) SE Runtime Environment (7.0_51-b13) (build 1.7.0_51-b13)
# Java VM: Java HotSpot(TM) 64-Bit Server VM (24.51-b03 mixed mode linux-amd64 compressed oops)
# Problematic frame:
# C  [libnvidia-glcore.so.304.88+0x139f548]  _nv005glcore+0x4a868
#
# Failed to write core dump. Core dumps have been disabled. To enable core dumping, try "ulimit -c unlimited" before starting Java again
#
# If you would like to submit a bug report, please visit:
#   http://bugreport.sun.com/bugreport/crash.jsp
# The crash happened outside the Java Virtual Machine in native code.
# See problematic frame for where to report the bug.
#

---------------  T H R E A D  ---------------

Current thread (0x00000000024c3000):  JavaThread "main" [_thread_in_native, id=11343, stack(0x00007f580c58b000,0x00007f580c68c000)]

siginfo:si_signo=SIGSEGV: si_errno=0, si_code=2 (SEGV_ACCERR), si_addr=0x00007f57fd389000

Registers:
RAX=0x00007f57f1004490, RBX=0x7fffffffffffffff, RCX=0x000000000000004b, RDX=0x0000000000000018
RSP=0x00007f580c68a4d8, RBP=0x0000000000000000, RSI=0x00007f57fd388ff8, RDI=0x00007f57f10043d0
R8 =0x000000000000003b, R9 =0x00007f57f94b0d84, R10=0x0000000000000000, R11=0x00000000f4543f80
R12=0x000000004180d000, R13=0x00000000ffffffff, R14=0x00007f580002c010, R15=0x00007f57f10043d0
RIP=0x00007f57fafb5548, EFLAGS=0x0000000000010202, CSGSFS=0x0000000000000033, ERR=0x0000000000000004
  TRAPNO=0x000000000000000e

Top of Stack: (sp=0x00007f580c68a4d8)
0x00007f580c68a4d8:   00007f57fb1109dd 000000f800000000
0x00007f580c68a4e8:   000000004180d000 00000000000002f0
0x00007f580c68a4f8:   000000910000004b 000000004180d000
0x00007f580c68a508:   00007f57f94b0dcc 00000000000002e0
0x00007f580c68a518:   0000000021fbf754 0000000041853618
0x00007f580c68a528:   0000000000000001 07007f57f94b0690
0x00007f580c68a538:   00000000000002e0 00007f58000b0638
0x00007f580c68a548:   00000000000002e0 0000000000000003
0x00007f580c68a558:   1080000000000000 0000000000000700
0x00007f580c68a568:   000000004180d000 0000000041853d1c
0x00007f580c68a578:   000000004180d000 00000000ffffffff
0x00007f580c68a588:   00007f580002c010 00000000000000b7
0x00007f580c68a598:   00007f57fb1125d7 00007f580c68a5dc
0x00007f580c68a5a8:   00007f580c68a5d8 0000140500000000
0x00007f580c68a5b8:   0000000400000000 00000000024c3000
0x00007f580c68a5c8:   00000000024c3000 00007f580c68a630
0x00007f580c68a5d8:   000000910000004b 00000000024c3000
0x00007f580c68a5e8:   000000004180d000 0000000041849048
0x00007f580c68a5f8:   0000000000000004 00000000000000b7
0x00007f580c68a608:   0000000000001405 00007f57fd3887f0
0x00007f580c68a618:   00007f57fadc29a4 00007f57fd3887f0
0x00007f580c68a628:   00000000d01adb68 00007f580c68a6b0
0x00007f580c68a638:   0000000000000000 00007f580c68a710
0x00007f580c68a648:   00007f580c68a698 00000000024c3000
0x00007f580c68a658:   00007f5806a6ff68 00007f580061ff40
0x00007f580c68a668:   00007f5806a28511 00007f580c68a6d0
0x00007f580c68a678:   0000000000000000 00000000f4543f80
0x00007f580c68a688:   00007f5806a6575c f19ebee0000000b7
0x00007f580c68a698:   00000000d505b330 00000000000002dc
0x00007f580c68a6a8:   00000001f4543f38 0000000000000010
0x00007f580c68a6b8:   00007f5806a73eec 0000000000000004
0x00007f580c68a6c8:   00000000f4543f80 00007f580061ff40 

Instructions: (pc=0x00007f57fafb5548)
0x00007f57fafb5528:   0f 1f 84 00 00 00 00 00 48 63 d2 48 89 f8 41 89
0x00007f57fafb5538:   c8 0f 1f 80 00 00 00 00 f2 0f 5a 06 f3 0f 11 00
0x00007f57fafb5548:   f2 0f 5a 46 08 f3 0f 11 40 04 f2 0f 5a 46 10 48
0x00007f57fafb5558:   01 d6 f3 0f 11 40 08 48 83 c0 0c 41 ff c8 75 d8 

Register to memory mapping:

RAX=0x00007f57f1004490 is an unknown value
RBX=0x7fffffffffffffff is an unknown value
RCX=0x000000000000004b is an unknown value
RDX=0x0000000000000018 is an unknown value
RSP=0x00007f580c68a4d8 is pointing into the stack for thread: 0x00000000024c3000
RBP=0x0000000000000000 is an unknown value
RSI=0x00007f57fd388ff8 is an unknown value
RDI=0x00007f57f10043d0 is an unknown value
R8 =0x000000000000003b is an unknown value
R9 =0x00007f57f94b0d84 is an unknown value
R10=0x0000000000000000 is an unknown value
R11=0x00000000f4543f80 is an oop
java.nio.DirectIntBufferU 
 - klass: 'java/nio/DirectIntBufferU'
R12=0x000000004180d000 is an unknown value
R13=0x00000000ffffffff is an unallocated location in the heap
R14=0x00007f580002c010 is an unknown value
R15=0x00007f57f10043d0 is an unknown value


Stack: [0x00007f580c58b000,0x00007f580c68c000],  sp=0x00007f580c68a4d8,  free space=1021k
Native frames: (J=compiled Java code, j=interpreted, Vv=VM code, C=native code)
C  [libnvidia-glcore.so.304.88+0x139f548]  _nv005glcore+0x4a868

[error occurred during error reporting (printing native stack), id 0xb]

Java frames: (J=compiled Java code, j=interpreted, Vv=VM code)
J  org.lwjgl.opengl.GL11.nglDrawElements(IIIJJ)V
J  org.lwjgl.opengl.GL11.glDrawElements(ILjava/nio/IntBuffer;)V
j  net.stinfoservices.helias.renaud.tempest.tools.Image3D.render(I)Z+68
j  net.stinfoservices.helias.renaud.tempest.agent.Circle3DRenderer.render(I)Z+5
j  net.stinfoservices.helias.renaud.tempest.agent.projectile.Missile3D.render(I)Z+22
J  net.stinfoservices.helias.renaud.tempest.TempestMain.matrixUpdate()V
j  net.stinfoservices.helias.renaud.tempest.TempestMain.start()V+204
j  net.stinfoservices.helias.renaud.tempest.TempestMain.main([Ljava/lang/String;)V+9
v  ~StubRoutines::call_stub

---------------  P R O C E S S  ---------------

Java Threads: ( => current thread )
  0x000000000277c000 JavaThread "process reaper" daemon [_thread_blocked, id=11361, stack(0x00007f5800644000,0x00007f580067d000)]
  0x000000000270d800 JavaThread "AWT-EventQueue-0" [_thread_blocked, id=11358, stack(0x00007f58015d0000,0x00007f58016d1000)]
  0x00007f57fc044000 JavaThread "AWT-Shutdown" [_thread_blocked, id=11357, stack(0x00007f58016d1000,0x00007f58017d2000)]
  0x00000000026ad800 JavaThread "AWT-XAWT" daemon [_thread_in_native, id=11356, stack(0x00007f58017d2000,0x00007f58018d3000)]
  0x000000000268c000 JavaThread "Java2D Disposer" daemon [_thread_blocked, id=11355, stack(0x00007f5801d03000,0x00007f5801e04000)]
  0x0000000002559800 JavaThread "Service Thread" daemon [_thread_blocked, id=11352, stack(0x00007f580360f000,0x00007f5803710000)]
  0x000000000254e800 JavaThread "C2 CompilerThread1" daemon [_thread_in_native, id=11351, stack(0x00007f5803710000,0x00007f5803811000)]
  0x000000000254b800 JavaThread "C2 CompilerThread0" daemon [_thread_blocked, id=11350, stack(0x00007f5803811000,0x00007f5803912000)]
  0x0000000002541800 JavaThread "Signal Dispatcher" daemon [_thread_blocked, id=11349, stack(0x00007f5803912000,0x00007f5803a13000)]
  0x0000000002524800 JavaThread "Finalizer" daemon [_thread_blocked, id=11348, stack(0x00007f5803b8a000,0x00007f5803c8b000)]
  0x0000000002520800 JavaThread "Reference Handler" daemon [_thread_blocked, id=11347, stack(0x00007f5803c8b000,0x00007f5803d8c000)]
=>0x00000000024c3000 JavaThread "main" [_thread_in_native, id=11343, stack(0x00007f580c58b000,0x00007f580c68c000)]

Other Threads:
  0x000000000251e000 VMThread [stack: 0x00007f5803d8c000,0x00007f5803e8d000] [id=11346]
  0x0000000002564000 WatcherThread [stack: 0x00007f580350e000,0x00007f580360f000] [id=11353]

VM state:not at safepoint (normal execution)

VM Mutex/Monitor currently owned by a thread: None

Heap
 PSYoungGen      total 48640K, used 46154K [0x00000000f1880000, 0x00000000f4980000, 0x0000000100000000)
  eden space 47104K, 97% used [0x00000000f1880000,0x00000000f4592830,0x00000000f4680000)
  from space 1536K, 0% used [0x00000000f4800000,0x00000000f4800000,0x00000000f4980000)
  to   space 1536K, 0% used [0x00000000f4680000,0x00000000f4680000,0x00000000f4800000)
 ParOldGen       total 33792K, used 7418K [0x00000000d4a00000, 0x00000000d6b00000, 0x00000000f1880000)
  object space 33792K, 21% used [0x00000000d4a00000,0x00000000d513eb68,0x00000000d6b00000)
 PSPermGen       total 24064K, used 12308K [0x00000000cf800000, 0x00000000d0f80000, 0x00000000d4a00000)
  object space 24064K, 51% used [0x00000000cf800000,0x00000000d04052a8,0x00000000d0f80000)

Card table byte_map: [0x00007f58067d1000,0x00007f5806956000] byte_map_base: 0x00007f5806155000

Polling page: 0x00007f580c6b0000

Code Cache  [0x00007f5806956000, 0x00007f5806bc6000, 0x00007f5809956000)
 total_blobs=823 nmethods=280 adapters=497 free_code_cache=47880Kb largest_free_block=49000576

Compilation events (10 events):
Event: 6,103 Thread 0x000000000254b800  278             java.util.regex.Pattern$Curly::match (86 bytes)
Event: 6,118 Thread 0x000000000254e800 nmethod 276 0x00007f5806a7f550 code [0x00007f5806a7f780, 0x00007f5806a80018]
Event: 6,120 Thread 0x000000000254b800 nmethod 278 0x00007f5806a8dbd0 code [0x00007f5806a8dda0, 0x00007f5806a8e210]
Event: 6,136 Thread 0x000000000254e800  279 % !         java.io.BufferedReader::readLine @ 131 (304 bytes)
Event: 6,143 Thread 0x000000000254b800  280             java.lang.Number::<init> (5 bytes)
Event: 6,143 Thread 0x000000000254b800 nmethod 280 0x00007f5806a7d110 code [0x00007f5806a7d240, 0x00007f5806a7d298]
Event: 6,144 Thread 0x000000000254b800  281             java.util.regex.Pattern$GroupHead::match (47 bytes)
Event: 6,150 Thread 0x000000000254b800 nmethod 281 0x00007f5806a7f150 code [0x00007f5806a7f2a0, 0x00007f5806a7f3d8]
Event: 6,151 Thread 0x000000000254b800  282             java.lang.CharacterDataLatin1::getProperties (11 bytes)
Event: 6,151 Thread 0x000000000254b800 nmethod 282 0x00007f5806a8ea10 code [0x00007f5806a8eb40, 0x00007f5806a8ebb8]

GC Heap History (10 events):
Event: 1,471 GC heap before
{Heap before GC invocations=1 (full 0):
 PSYoungGen      total 13312K, used 9005K [0x00000000f1880000, 0x00000000f2700000, 0x0000000100000000)
  eden space 11776K, 76% used [0x00000000f1880000,0x00000000f214b530,0x00000000f2400000)
  from space 1536K, 0% used [0x00000000f2580000,0x00000000f2580000,0x00000000f2700000)
  to   space 1536K, 0% used [0x00000000f2400000,0x00000000f2400000,0x00000000f2580000)
 ParOldGen       total 29184K, used 0K [0x00000000d4a00000, 0x00000000d6680000, 0x00000000f1880000)
  object space 29184K, 0% used [0x00000000d4a00000,0x00000000d4a00000,0x00000000d6680000)
 PSPermGen       total 21504K, used 11202K [0x00000000cf800000, 0x00000000d0d00000, 0x00000000d4a00000)
  object space 21504K, 52% used [0x00000000cf800000,0x00000000d02f0800,0x00000000d0d00000)
Event: 1,501 GC heap after
Heap after GC invocations=1 (full 0):
 PSYoungGen      total 13312K, used 1508K [0x00000000f1880000, 0x00000000f3280000, 0x0000000100000000)
  eden space 11776K, 0% used [0x00000000f1880000,0x00000000f1880000,0x00000000f2400000)
  from space 1536K, 98% used [0x00000000f2400000,0x00000000f2579050,0x00000000f2580000)
  to   space 1536K, 0% used [0x00000000f3100000,0x00000000f3100000,0x00000000f3280000)
 ParOldGen       total 29184K, used 2502K [0x00000000d4a00000, 0x00000000d6680000, 0x00000000f1880000)
  object space 29184K, 8% used [0x00000000d4a00000,0x00000000d4c71ae8,0x00000000d6680000)
 PSPermGen       total 21504K, used 11202K [0x00000000cf800000, 0x00000000d0d00000, 0x00000000d4a00000)
  object space 21504K, 52% used [0x00000000cf800000,0x00000000d02f0800,0x00000000d0d00000)
}
Event: 1,718 GC heap before
{Heap before GC invocations=2 (full 0):
 PSYoungGen      total 13312K, used 13284K [0x00000000f1880000, 0x00000000f3280000, 0x0000000100000000)
  eden space 11776K, 100% used [0x00000000f1880000,0x00000000f2400000,0x00000000f2400000)
  from space 1536K, 98% used [0x00000000f2400000,0x00000000f2579050,0x00000000f2580000)
  to   space 1536K, 0% used [0x00000000f3100000,0x00000000f3100000,0x00000000f3280000)
 ParOldGen       total 29184K, used 2502K [0x00000000d4a00000, 0x00000000d6680000, 0x00000000f1880000)
  object space 29184K, 8% used [0x00000000d4a00000,0x00000000d4c71ae8,0x00000000d6680000)
 PSPermGen       total 21504K, used 11203K [0x00000000cf800000, 0x00000000d0d00000, 0x00000000d4a00000)
  object space 21504K, 52% used [0x00000000cf800000,0x00000000d02f0e18,0x00000000d0d00000)
Event: 1,737 GC heap after
Heap after GC invocations=2 (full 0):
 PSYoungGen      total 25088K, used 1507K [0x00000000f1880000, 0x00000000f3280000, 0x0000000100000000)
  eden space 23552K, 0% used [0x00000000f1880000,0x00000000f1880000,0x00000000f2f80000)
  from space 1536K, 98% used [0x00000000f3100000,0x00000000f3278c30,0x00000000f3280000)
  to   space 1536K, 0% used [0x00000000f2f80000,0x00000000f2f80000,0x00000000f3100000)
 ParOldGen       total 29184K, used 9709K [0x00000000d4a00000, 0x00000000d6680000, 0x00000000f1880000)
  object space 29184K, 33% used [0x00000000d4a00000,0x00000000d537b638,0x00000000d6680000)
 PSPermGen       total 21504K, used 11203K [0x00000000cf800000, 0x00000000d0d00000, 0x00000000d4a00000)
  object space 21504K, 52% used [0x00000000cf800000,0x00000000d02f0e18,0x00000000d0d00000)
}
Event: 3,011 GC heap before
{Heap before GC invocations=3 (full 0):
 PSYoungGen      total 25088K, used 24649K [0x00000000f1880000, 0x00000000f3280000, 0x0000000100000000)
  eden space 23552K, 98% used [0x00000000f1880000,0x00000000f2f19b10,0x00000000f2f80000)
  from space 1536K, 98% used [0x00000000f3100000,0x00000000f3278c30,0x00000000f3280000)
  to   space 1536K, 0% used [0x00000000f2f80000,0x00000000f2f80000,0x00000000f3100000)
 ParOldGen       total 29184K, used 9709K [0x00000000d4a00000, 0x00000000d6680000, 0x00000000f1880000)
  object space 29184K, 33% used [0x00000000d4a00000,0x00000000d537b638,0x00000000d6680000)
 PSPermGen       total 21504K, used 11875K [0x00000000cf800000, 0x00000000d0d00000, 0x00000000d4a00000)
  object space 21504K, 55% used [0x00000000cf800000,0x00000000d0398e88,0x00000000d0d00000)
Event: 3,029 GC heap after
Heap after GC invocations=3 (full 0):
 PSYoungGen      total 25088K, used 1510K [0x00000000f1880000, 0x00000000f4980000, 0x0000000100000000)
  eden space 23552K, 0% used [0x00000000f1880000,0x00000000f1880000,0x00000000f2f80000)
  from space 1536K, 98% used [0x00000000f2f80000,0x00000000f30f9830,0x00000000f3100000)
  to   space 1536K, 0% used [0x00000000f4800000,0x00000000f4800000,0x00000000f4980000)
 ParOldGen       total 29184K, used 16801K [0x00000000d4a00000, 0x00000000d6680000, 0x00000000f1880000)
  object space 29184K, 57% used [0x00000000d4a00000,0x00000000d5a68720,0x00000000d6680000)
 PSPermGen       total 21504K, used 11875K [0x00000000cf800000, 0x00000000d0d00000, 0x00000000d4a00000)
  object space 21504K, 55% used [0x00000000cf800000,0x00000000d0398e88,0x00000000d0d00000)
}
Event: 3,775 GC heap before
{Heap before GC invocations=4 (full 0):
 PSYoungGen      total 25088K, used 24577K [0x00000000f1880000, 0x00000000f4980000, 0x0000000100000000)
  eden space 23552K, 97% used [0x00000000f1880000,0x00000000f2f06f60,0x00000000f2f80000)
  from space 1536K, 98% used [0x00000000f2f80000,0x00000000f30f9830,0x00000000f3100000)
  to   space 1536K, 0% used [0x00000000f4800000,0x00000000f4800000,0x00000000f4980000)
 ParOldGen       total 29184K, used 16801K [0x00000000d4a00000, 0x00000000d6680000, 0x00000000f1880000)
  object space 29184K, 57% used [0x00000000d4a00000,0x00000000d5a68720,0x00000000d6680000)
 PSPermGen       total 21504K, used 11900K [0x00000000cf800000, 0x00000000d0d00000, 0x00000000d4a00000)
  object space 21504K, 55% used [0x00000000cf800000,0x00000000d039f008,0x00000000d0d00000)
Event: 3,791 GC heap after
Heap after GC invocations=4 (full 0):
 PSYoungGen      total 48640K, used 1504K [0x00000000f1880000, 0x00000000f4980000, 0x0000000100000000)
  eden space 47104K, 0% used [0x00000000f1880000,0x00000000f1880000,0x00000000f4680000)
  from space 1536K, 97% used [0x00000000f4800000,0x00000000f4978010,0x00000000f4980000)
  to   space 1536K, 0% used [0x00000000f4680000,0x00000000f4680000,0x00000000f4800000)
 ParOldGen       total 29184K, used 23668K [0x00000000d4a00000, 0x00000000d6680000, 0x00000000f1880000)
  object space 29184K, 81% used [0x00000000d4a00000,0x00000000d611d0f0,0x00000000d6680000)
 PSPermGen       total 21504K, used 11900K [0x00000000cf800000, 0x00000000d0d00000, 0x00000000d4a00000)
  object space 21504K, 55% used [0x00000000cf800000,0x00000000d039f008,0x00000000d0d00000)
}
Event: 3,791 GC heap before
{Heap before GC invocations=5 (full 1):
 PSYoungGen      total 48640K, used 1504K [0x00000000f1880000, 0x00000000f4980000, 0x0000000100000000)
  eden space 47104K, 0% used [0x00000000f1880000,0x00000000f1880000,0x00000000f4680000)
  from space 1536K, 97% used [0x00000000f4800000,0x00000000f4978010,0x00000000f4980000)
  to   space 1536K, 0% used [0x00000000f4680000,0x00000000f4680000,0x00000000f4800000)
 ParOldGen       total 29184K, used 23668K [0x00000000d4a00000, 0x00000000d6680000, 0x00000000f1880000)
  object space 29184K, 81% used [0x00000000d4a00000,0x00000000d611d0f0,0x00000000d6680000)
 PSPermGen       total 21504K, used 11900K [0x00000000cf800000, 0x00000000d0d00000, 0x00000000d4a00000)
  object space 21504K, 55% used [0x00000000cf800000,0x00000000d039f008,0x00000000d0d00000)
Event: 3,868 GC heap after
Heap after GC invocations=5 (full 1):
 PSYoungGen      total 48640K, used 0K [0x00000000f1880000, 0x00000000f4980000, 0x0000000100000000)
  eden space 47104K, 0% used [0x00000000f1880000,0x00000000f1880000,0x00000000f4680000)
  from space 1536K, 0% used [0x00000000f4800000,0x00000000f4800000,0x00000000f4980000)
  to   space 1536K, 0% used [0x00000000f4680000,0x00000000f4680000,0x00000000f4800000)
 ParOldGen       total 33792K, used 7418K [0x00000000d4a00000, 0x00000000d6b00000, 0x00000000f1880000)
  object space 33792K, 21% used [0x00000000d4a00000,0x00000000d513eb68,0x00000000d6b00000)
 PSPermGen       total 24064K, used 11897K [0x00000000cf800000, 0x00000000d0f80000, 0x00000000d4a00000)
  object space 24064K, 49% used [0x00000000cf800000,0x00000000d039e5b0,0x00000000d0f80000)
}

Deoptimization events (10 events):
Event: 0,632 Thread 0x000000000270d800 Uncommon trap: reason=class_check action=maybe_recompile pc=0x00007f58069d91a8 method=java.util.Properties$LineReader.readLine()I @ 62
Event: 0,633 Thread 0x000000000270d800 Uncommon trap: reason=class_check action=maybe_recompile pc=0x00007f58069d91a8 method=java.util.Properties$LineReader.readLine()I @ 62
Event: 2,107 Thread 0x00000000024c3000 Uncommon trap: reason=unreached action=reinterpret pc=0x00007f58069ff13c method=com.jcraft.jogg.StreamState.init(I)V @ 59
Event: 2,611 Thread 0x00000000024c3000 Uncommon trap: reason=class_check action=maybe_recompile pc=0x00007f5806a185ec method=com.jcraft.jorbis.Mapping0.inverse(Lcom/jcraft/jorbis/Block;Ljava/lang/Object;)I @ 459
Event: 2,614 Thread 0x00000000024c3000 Uncommon trap: reason=class_check action=maybe_recompile pc=0x00007f5806a185ec method=com.jcraft.jorbis.Mapping0.inverse(Lcom/jcraft/jorbis/Block;Ljava/lang/Object;)I @ 459
Event: 2,615 Thread 0x00000000024c3000 Uncommon trap: reason=class_check action=maybe_recompile pc=0x00007f5806a185ec method=com.jcraft.jorbis.Mapping0.inverse(Lcom/jcraft/jorbis/Block;Ljava/lang/Object;)I @ 459
Event: 2,616 Thread 0x00000000024c3000 Uncommon trap: reason=class_check action=maybe_recompile pc=0x00007f5806a185ec method=com.jcraft.jorbis.Mapping0.inverse(Lcom/jcraft/jorbis/Block;Ljava/lang/Object;)I @ 459
Event: 4,689 Thread 0x00000000026ad800 Uncommon trap: reason=unreached action=reinterpret pc=0x00007f5806a51b58 method=java.util.HashMap.get(Ljava/lang/Object;)Ljava/lang/Object; @ 17
Event: 4,689 Thread 0x00000000026ad800 Uncommon trap: reason=unreached action=reinterpret pc=0x00007f5806a54ef0 method=java.lang.ref.Reference.<init>(Ljava/lang/Object;Ljava/lang/ref/ReferenceQueue;)V @ 11
Event: 6,127 Thread 0x00000000024c3000 Uncommon trap: reason=unloaded action=reinterpret pc=0x00007f5806a35fc4 method=java.io.BufferedReader.readLine(Z)Ljava/lang/String; @ 268

Internal exceptions (10 events):
Event: 3,932 Thread 0x00000000024c3000 Threw 0x00000000f197cfb0 at /HUDSON/workspace/7u-2-build-linux-amd64@2/jdk7u51/527/hotspot/src/share/vm/prims/jvm.cpp:1244
Event: 3,933 Thread 0x00000000024c3000 Threw 0x00000000f197ed98 at /HUDSON/workspace/7u-2-build-linux-amd64@2/jdk7u51/527/hotspot/src/share/vm/prims/jvm.cpp:1244
Event: 3,935 Thread 0x00000000024c3000 Threw 0x00000000f19841f0 at /HUDSON/workspace/7u-2-build-linux-amd64@2/jdk7u51/527/hotspot/src/share/vm/prims/jvm.cpp:1244
Event: 3,938 Thread 0x00000000024c3000 Threw 0x00000000f19924d8 at /HUDSON/workspace/7u-2-build-linux-amd64@2/jdk7u51/527/hotspot/src/share/vm/prims/jvm.cpp:1244
Event: 3,971 Thread 0x00000000024c3000 Threw 0x00000000f19c4948 at /HUDSON/workspace/7u-2-build-linux-amd64@2/jdk7u51/527/hotspot/src/share/vm/prims/jvm.cpp:1244
Event: 4,274 Thread 0x00000000024c3000 Threw 0x00000000f1b03ff8 at /HUDSON/workspace/7u-2-build-linux-amd64@2/jdk7u51/527/hotspot/src/share/vm/prims/jvm.cpp:1244
Event: 4,275 Thread 0x00000000024c3000 Threw 0x00000000f1b07b80 at /HUDSON/workspace/7u-2-build-linux-amd64@2/jdk7u51/527/hotspot/src/share/vm/prims/jvm.cpp:1244
Event: 5,126 Thread 0x00000000024c3000 Threw 0x00000000f27e1a58 at /HUDSON/workspace/7u-2-build-linux-amd64@2/jdk7u51/527/hotspot/src/share/vm/prims/jvm.cpp:1244
Event: 6,086 Thread 0x00000000024c3000 Threw 0x00000000f4246fa0 at /HUDSON/workspace/7u-2-build-linux-amd64@2/jdk7u51/527/hotspot/src/share/vm/prims/jvm.cpp:1244
Event: 6,088 Thread 0x00000000024c3000 Threw 0x00000000f4249308 at /HUDSON/workspace/7u-2-build-linux-amd64@2/jdk7u51/527/hotspot/src/share/vm/prims/jvm.cpp:1244

Events (10 events):
Event: 5,141 Thread 0x000000000254e800 flushing nmethod 0x00007f58069d89d0
Event: 6,086 loading class 0x00000000027d9300
Event: 6,086 loading class 0x00000000027d9300 done
Event: 6,087 loading class 0x0000000003479520
Event: 6,087 loading class 0x0000000003479520 done
Event: 6,127 Thread 0x00000000024c3000 Uncommon trap: trap_request=0x00000056 fr.pc=0x00007f5806a35fc4
Event: 6,127 Executing VM operation: RevokeBias
Event: 6,127 Executing VM operation: RevokeBias done
Event: 6,127 Thread 0x00000000024c3000 DEOPT PACKING pc=0x00007f5806a35fc4 sp=0x00007f580c68a4b0
Event: 6,127 Thread 0x00000000024c3000 DEOPT UNPACKING pc=0x00007f580698f045 sp=0x00007f580c68a468 mode 2


Dynamic libraries:
00400000-00401000 r-xp 00000000 08:01 8665165                            /usr/java/jdk1.7.0_51/bin/java
00600000-00601000 rw-p 00000000 08:01 8665165                            /usr/java/jdk1.7.0_51/bin/java
024b7000-0469e000 rw-p 00000000 00:00 0                                  [heap]
40ca7000-40ca9000 r-xs 00000000 08:01 7471800                            /tmp/glwQkjT3 (deleted)
4180d000-4188b000 rw-p 00000000 00:00 0 
cf800000-d0f80000 rw-p 00000000 00:00 0 
d0f80000-d4a00000 rw-p 00000000 00:00 0 
d4a00000-d6b00000 rw-p 00000000 00:00 0 
d6b00000-f1880000 rw-p 00000000 00:00 0 
f1880000-f4980000 rw-p 00000000 00:00 0 
f4980000-100000000 rw-p 00000000 00:00 0 
7f57f0c9b000-7f57f109b000 rw-s 7b5d3000 00:05 6413                       /dev/nvidia0
7f57f109b000-7f57f149b000 rw-s 0ca4a000 00:05 6413                       /dev/nvidia0
7f57f149b000-7f57f189b000 rw-s 0c99f000 00:05 6413                       /dev/nvidia0
7f57f189b000-7f57f189c000 ---p 00000000 00:00 0 
7f57f189c000-7f57f199c000 rw-p 00000000 00:00 0 
7f57f199c000-7f57f599d000 rw-s 00000000 00:11 32741                      /run/shm/pulse-shm-4172267172
7f57f599d000-7f57f599e000 ---p 00000000 00:00 0 
7f57f599e000-7f57f619e000 rw-p 00000000 00:00 0 
7f57f619e000-7f57f61b1000 r-xp 00000000 08:01 10749060                   /lib/x86_64-linux-gnu/libresolv-2.13.so
7f57f61b1000-7f57f63b0000 ---p 00013000 08:01 10749060                   /lib/x86_64-linux-gnu/libresolv-2.13.so
7f57f63b0000-7f57f63b1000 r--p 00012000 08:01 10749060                   /lib/x86_64-linux-gnu/libresolv-2.13.so
7f57f63b1000-7f57f63b2000 rw-p 00013000 08:01 10749060                   /lib/x86_64-linux-gnu/libresolv-2.13.so
7f57f63b2000-7f57f63b4000 rw-p 00000000 00:00 0 
7f57f63b4000-7f57f63ba000 r-xp 00000000 08:01 8659035                    /usr/lib/x86_64-linux-gnu/libogg.so.0.8.0
7f57f63ba000-7f57f65b9000 ---p 00006000 08:01 8659035                    /usr/lib/x86_64-linux-gnu/libogg.so.0.8.0
7f57f65b9000-7f57f65ba000 rw-p 00005000 08:01 8659035                    /usr/lib/x86_64-linux-gnu/libogg.so.0.8.0
7f57f65ba000-7f57f65e6000 r-xp 00000000 08:01 8659039                    /usr/lib/x86_64-linux-gnu/libvorbis.so.0.4.5
7f57f65e6000-7f57f67e5000 ---p 0002c000 08:01 8659039                    /usr/lib/x86_64-linux-gnu/libvorbis.so.0.4.5
7f57f67e5000-7f57f67e6000 r--p 0002b000 08:01 8659039                    /usr/lib/x86_64-linux-gnu/libvorbis.so.0.4.5
7f57f67e6000-7f57f67e7000 rw-p 0002c000 08:01 8659039                    /usr/lib/x86_64-linux-gnu/libvorbis.so.0.4.5
7f57f67e7000-7f57f6a9a000 r-xp 00000000 08:01 8661037                    /usr/lib/x86_64-linux-gnu/libvorbisenc.so.2.0.8
7f57f6a9a000-7f57f6c99000 ---p 002b3000 08:01 8661037                    /usr/lib/x86_64-linux-gnu/libvorbisenc.so.2.0.8
7f57f6c99000-7f57f6cb5000 r--p 002b2000 08:01 8661037                    /usr/lib/x86_64-linux-gnu/libvorbisenc.so.2.0.8
7f57f6cb5000-7f57f6cb6000 rw-p 002ce000 08:01 8661037                    /usr/lib/x86_64-linux-gnu/libvorbisenc.so.2.0.8
7f57f6cb6000-7f57f6d01000 r-xp 00000000 08:01 8661035                    /usr/lib/x86_64-linux-gnu/libFLAC.so.8.2.0
7f57f6d01000-7f57f6f00000 ---p 0004b000 08:01 8661035                    /usr/lib/x86_64-linux-gnu/libFLAC.so.8.2.0
7f57f6f00000-7f57f6f01000 r--p 0004a000 08:01 8661035                    /usr/lib/x86_64-linux-gnu/libFLAC.so.8.2.0
7f57f6f01000-7f57f6f02000 rw-p 0004b000 08:01 8661035                    /usr/lib/x86_64-linux-gnu/libFLAC.so.8.2.0
7f57f6f02000-7f57f6f06000 r-xp 00000000 08:01 10747973                   /lib/x86_64-linux-gnu/libuuid.so.1.3.0
7f57f6f06000-7f57f7105000 ---p 00004000 08:01 10747973                   /lib/x86_64-linux-gnu/libuuid.so.1.3.0
7f57f7105000-7f57f7106000 r--p 00003000 08:01 10747973                   /lib/x86_64-linux-gnu/libuuid.so.1.3.0
7f57f7106000-7f57f7107000 rw-p 00004000 08:01 10747973                   /lib/x86_64-linux-gnu/libuuid.so.1.3.0
7f57f7107000-7f57f710b000 r-xp 00000000 08:01 10747932                   /lib/x86_64-linux-gnu/libattr.so.1.1.0
7f57f710b000-7f57f730a000 ---p 00004000 08:01 10747932                   /lib/x86_64-linux-gnu/libattr.so.1.1.0
7f57f730a000-7f57f730b000 r--p 00003000 08:01 10747932                   /lib/x86_64-linux-gnu/libattr.so.1.1.0
7f57f730b000-7f57f730c000 rw-p 00004000 08:01 10747932                   /lib/x86_64-linux-gnu/libattr.so.1.1.0
7f57f730c000-7f57f7311000 r-xp 00000000 08:01 8661033                    /usr/lib/x86_64-linux-gnu/libasyncns.so.0.3.1
7f57f7311000-7f57f7510000 ---p 00005000 08:01 8661033                    /usr/lib/x86_64-linux-gnu/libasyncns.so.0.3.1
7f57f7510000-7f57f7511000 rw-p 00004000 08:01 8661033                    /usr/lib/x86_64-linux-gnu/libasyncns.so.0.3.1
7f57f7511000-7f57f7572000 r-xp 00000000 08:01 8661039                    /usr/lib/x86_64-linux-gnu/libsndfile.so.1.0.25
7f57f7572000-7f57f7771000 ---p 00061000 08:01 8661039                    /usr/lib/x86_64-linux-gnu/libsndfile.so.1.0.25
7f57f7771000-7f57f7773000 r--p 00060000 08:01 8661039                    /usr/lib/x86_64-linux-gnu/libsndfile.so.1.0.25
7f57f7773000-7f57f7774000 rw-p 00062000 08:01 8661039                    /usr/lib/x86_64-linux-gnu/libsndfile.so.1.0.25
7f57f7774000-7f57f7778000 rw-p 00000000 00:00 0 
7f57f7778000-7f57f7781000 r-xp 00000000 08:01 10748412                   /lib/x86_64-linux-gnu/libwrap.so.0.7.6
7f57f7781000-7f57f7980000 ---p 00009000 08:01 10748412                   /lib/x86_64-linux-gnu/libwrap.so.0.7.6
7f57f7980000-7f57f7981000 r--p 00008000 08:01 10748412                   /lib/x86_64-linux-gnu/libwrap.so.0.7.6
7f57f7981000-7f57f7982000 rw-p 00009000 08:01 10748412                   /lib/x86_64-linux-gnu/libwrap.so.0.7.6
7f57f7982000-7f57f7983000 rw-p 00000000 00:00 0 
7f57f7983000-7f57f798a000 r-xp 00000000 08:01 8659581                    /usr/lib/x86_64-linux-gnu/libSM.so.6.0.1
7f57f798a000-7f57f7b89000 ---p 00007000 08:01 8659581                    /usr/lib/x86_64-linux-gnu/libSM.so.6.0.1
7f57f7b89000-7f57f7b8a000 rw-p 00006000 08:01 8659581                    /usr/lib/x86_64-linux-gnu/libSM.so.6.0.1
7f57f7b8a000-7f57f7ba1000 r-xp 00000000 08:01 8659579                    /usr/lib/x86_64-linux-gnu/libICE.so.6.3.0
7f57f7ba1000-7f57f7da0000 ---p 00017000 08:01 8659579                    /usr/lib/x86_64-linux-gnu/libICE.so.6.3.0
7f57f7da0000-7f57f7da2000 rw-p 00016000 08:01 8659579                    /usr/lib/x86_64-linux-gnu/libICE.so.6.3.0
7f57f7da2000-7f57f7da5000 rw-p 00000000 00:00 0 
7f57f7da5000-7f57f7da6000 r-xp 00000000 08:01 8657984                    /usr/lib/x86_64-linux-gnu/libX11-xcb.so.1.0.0
7f57f7da6000-7f57f7fa5000 ---p 00001000 08:01 8657984                    /usr/lib/x86_64-linux-gnu/libX11-xcb.so.1.0.0
7f57f7fa5000-7f57f7fa6000 rw-p 00000000 08:01 8657984                    /usr/lib/x86_64-linux-gnu/libX11-xcb.so.1.0.0
7f57f7fa6000-7f57f7faa000 r-xp 00000000 08:01 10748393                   /lib/x86_64-linux-gnu/libcap.so.2.22
7f57f7faa000-7f57f81a9000 ---p 00004000 08:01 10748393                   /lib/x86_64-linux-gnu/libcap.so.2.22
7f57f81a9000-7f57f81aa000 rw-p 00003000 08:01 10748393                   /lib/x86_64-linux-gnu/libcap.so.2.22
7f57f81aa000-7f57f81ee000 r-xp 00000000 08:01 10748416                   /lib/x86_64-linux-gnu/libdbus-1.so.3.7.2
7f57f81ee000-7f57f83ee000 ---p 00044000 08:01 10748416                   /lib/x86_64-linux-gnu/libdbus-1.so.3.7.2
7f57f83ee000-7f57f83ef000 r--p 00044000 08:01 10748416                   /lib/x86_64-linux-gnu/libdbus-1.so.3.7.2
7f57f83ef000-7f57f83f0000 rw-p 00045000 08:01 10748416                   /lib/x86_64-linux-gnu/libdbus-1.so.3.7.2
7f57f83f0000-7f57f8451000 r-xp 00000000 08:01 9307022                    /usr/lib/x86_64-linux-gnu/pulseaudio/libpulsecommon-2.0.so
7f57f8451000-7f57f8650000 ---p 00061000 08:01 9307022                    /usr/lib/x86_64-linux-gnu/pulseaudio/libpulsecommon-2.0.so
7f57f8650000-7f57f8651000 r--p 00060000 08:01 9307022                    /usr/lib/x86_64-linux-gnu/pulseaudio/libpulsecommon-2.0.so
7f57f8651000-7f57f8653000 rw-p 00061000 08:01 9307022                    /usr/lib/x86_64-linux-gnu/pulseaudio/libpulsecommon-2.0.so
7f57f8653000-7f57f865c000 r-xp 00000000 08:01 10748459                   /lib/x86_64-linux-gnu/libjson.so.0.1.0
7f57f865c000-7f57f885b000 ---p 00009000 08:01 10748459                   /lib/x86_64-linux-gnu/libjson.so.0.1.0
7f57f885b000-7f57f885c000 r--p 00008000 08:01 10748459                   /lib/x86_64-linux-gnu/libjson.so.0.1.0
7f57f885c000-7f57f885d000 rw-p 00009000 08:01 10748459                   /lib/x86_64-linux-gnu/libjson.so.0.1.0
7f57f885d000-7f57f88a6000 r-xp 00000000 08:01 8661041                    /usr/lib/x86_64-linux-gnu/libpulse.so.0.14.2
7f57f88a6000-7f57f8aa5000 ---p 00049000 08:01 8661041                    /usr/lib/x86_64-linux-gnu/libpulse.so.0.14.2
7f57f8aa5000-7f57f8aa6000 r--p 00048000 08:01 8661041                    /usr/lib/x86_64-linux-gnu/libpulse.so.0.14.2
7f57f8aa6000-7f57f8aa7000 rw-p 00049000 08:01 8661041                    /usr/lib/x86_64-linux-gnu/libpulse.so.0.14.2
7f57f8aa7000-7f57f8ca7000 rw-s aa8a2000 00:05 6413                       /dev/nvidia0
7f57f8ca7000-7f57f8fb6000 rw-p 00000000 00:00 0 
7f57f9062000-7f57f906c000 r--p 00000000 08:01 8668005                    /usr/share/locale/fr/LC_MESSAGES/pulseaudio.mo
7f57f906c000-7f57f90c1000 r-xp 00000000 08:01 1185481                    /home/freemac/workspaceLWJGL/Arc2D/libopenal64.so
7f57f90c1000-7f57f92c0000 ---p 00055000 08:01 1185481                    /home/freemac/workspaceLWJGL/Arc2D/libopenal64.so
7f57f92c0000-7f57f92c3000 r--p 00054000 08:01 1185481                    /home/freemac/workspaceLWJGL/Arc2D/libopenal64.so
7f57f92c3000-7f57f92c4000 rw-p 00057000 08:01 1185481                    /home/freemac/workspaceLWJGL/Arc2D/libopenal64.so
7f57f92c4000-7f57f92c5000 rw-p 00000000 00:00 0 
7f57f92c5000-7f57f94c5000 rw-s 0c407000 00:05 6413                       /dev/nvidia0
7f57f94c5000-7f57f95c5000 rw-s 4f894000 00:05 6413                       /dev/nvidia0
7f57f95c5000-7f57f9605000 rw-s 14c2e000 00:05 6413                       /dev/nvidia0
7f57f9605000-7f57f9786000 rw-s 00000000 00:04 2588678                    /SYSV00000000 (deleted)
7f57f9786000-7f57f97ee000 r-xp 00000000 08:01 10228464                   /usr/java/jdk1.7.0_51/jre/lib/amd64/libt2k.so
7f57f97ee000-7f57f99ee000 ---p 00068000 08:01 10228464                   /usr/java/jdk1.7.0_51/jre/lib/amd64/libt2k.so
7f57f99ee000-7f57f99f5000 rw-p 00068000 08:01 10228464                   /usr/java/jdk1.7.0_51/jre/lib/amd64/libt2k.so
7f57f99f5000-7f57f9a05000 rw-p 00000000 00:00 0 
7f57f9a05000-7f57f9a15000 r-xp 00000000 08:01 10228433                   /usr/java/jdk1.7.0_51/jre/lib/amd64/libnio.so
7f57f9a15000-7f57f9c15000 ---p 00010000 08:01 10228433                   /usr/java/jdk1.7.0_51/jre/lib/amd64/libnio.so
7f57f9c15000-7f57f9c16000 rw-p 00010000 08:01 10228433                   /usr/java/jdk1.7.0_51/jre/lib/amd64/libnio.so
7f57f9c16000-7f57fb5e6000 r-xp 00000000 08:01 8655791                    /usr/lib/x86_64-linux-gnu/libnvidia-glcore.so.304.88
7f57fb5e6000-7f57fb7e5000 ---p 019d0000 08:01 8655791                    /usr/lib/x86_64-linux-gnu/libnvidia-glcore.so.304.88
7f57fb7e5000-7f57fbfe6000 rwxp 019cf000 08:01 8655791                    /usr/lib/x86_64-linux-gnu/libnvidia-glcore.so.304.88
7f57fbfe6000-7f57fc000000 rwxp 00000000 00:00 0 
7f57fc000000-7f57fd38b000 rw-p 00000000 00:00 0 
7f57fd38b000-7f5800000000 ---p 00000000 00:00 0 
7f5800008000-7f580000c000 r--s 0008a000 08:01 10227370                   /usr/java/jdk1.7.0_51/jre/lib/jsse.jar
7f580002c000-7f58000ca000 rw-p 00000000 00:00 0 
7f58000ca000-7f58000e7000 rw-s aac6d000 00:05 6413                       /dev/nvidia0
7f58000e7000-7f5800124000 rw-p 00000000 00:00 0 
7f5800124000-7f5800127000 r-xp 00000000 08:01 8655789                    /usr/lib/x86_64-linux-gnu/tls/libnvidia-tls.so.304.88
7f5800127000-7f5800326000 ---p 00003000 08:01 8655789                    /usr/lib/x86_64-linux-gnu/tls/libnvidia-tls.so.304.88
7f5800326000-7f5800327000 rw-p 00002000 08:01 8655789                    /usr/lib/x86_64-linux-gnu/tls/libnvidia-tls.so.304.88
7f5800327000-7f58003f1000 r-xp 00000000 08:01 8655795                    /usr/lib/x86_64-linux-gnu/nvidia/current/libGL.so.304.88
7f58003f1000-7f58005f1000 ---p 000ca000 08:01 8655795                    /usr/lib/x86_64-linux-gnu/nvidia/current/libGL.so.304.88
7f58005f1000-7f580062e000 rwxp 000ca000 08:01 8655795                    /usr/lib/x86_64-linux-gnu/nvidia/current/libGL.so.304.88
7f580062e000-7f5800644000 rwxp 00000000 00:00 0 
7f5800644000-7f5800647000 ---p 00000000 00:00 0 
7f5800647000-7f58006ae000 rw-p 00000000 00:00 0 
7f58006ae000-7f58006c4000 r-xp 00000000 08:01 10228438                   /usr/java/jdk1.7.0_51/jre/lib/amd64/libnet.so
7f58006c4000-7f58008c4000 ---p 00016000 08:01 10228438                   /usr/java/jdk1.7.0_51/jre/lib/amd64/libnet.so
7f58008c4000-7f58008c5000 rw-p 00016000 08:01 10228438                   /usr/java/jdk1.7.0_51/jre/lib/amd64/libnet.so
7f58008c5000-7f58008da000 r-xp 00000000 08:01 10747908                   /lib/x86_64-linux-gnu/libgcc_s.so.1
7f58008da000-7f5800ada000 ---p 00015000 08:01 10747908                   /lib/x86_64-linux-gnu/libgcc_s.so.1
7f5800ada000-7f5800adb000 rw-p 00015000 08:01 10747908                   /lib/x86_64-linux-gnu/libgcc_s.so.1
7f5800adb000-7f5800b40000 r-xp 00000000 08:01 10228434                   /usr/java/jdk1.7.0_51/jre/lib/amd64/libfontmanager.so
7f5800b40000-7f5800d3f000 ---p 00065000 08:01 10228434                   /usr/java/jdk1.7.0_51/jre/lib/amd64/libfontmanager.so
7f5800d3f000-7f5800d43000 rw-p 00064000 08:01 10228434                   /usr/java/jdk1.7.0_51/jre/lib/amd64/libfontmanager.so
7f5800d43000-7f5800d54000 rw-p 00000000 00:00 0 
7f5800d54000-7f5800d58000 r-xp 00000000 08:01 8657992                    /usr/lib/x86_64-linux-gnu/libXxf86vm.so.1.0.0
7f5800d58000-7f5800f58000 ---p 00004000 08:01 8657992                    /usr/lib/x86_64-linux-gnu/libXxf86vm.so.1.0.0
7f5800f58000-7f5800f59000 r--p 00004000 08:01 8657992                    /usr/lib/x86_64-linux-gnu/libXxf86vm.so.1.0.0
7f5800f59000-7f5800f5a000 rw-p 00005000 08:01 8657992                    /usr/lib/x86_64-linux-gnu/libXxf86vm.so.1.0.0
7f5800f5a000-7f5800f61000 r-xp 00000000 08:01 8658298                    /usr/lib/x86_64-linux-gnu/libXrandr.so.2.2.0
7f5800f61000-7f5801161000 ---p 00007000 08:01 8658298                    /usr/lib/x86_64-linux-gnu/libXrandr.so.2.2.0
7f5801161000-7f5801162000 rw-p 00007000 08:01 8658298                    /usr/lib/x86_64-linux-gnu/libXrandr.so.2.2.0
7f5801162000-7f58011cc000 r-xp 00000000 08:01 1185479                    /home/freemac/workspaceLWJGL/Arc2D/liblwjgl64.so
7f58011cc000-7f58013cc000 ---p 0006a000 08:01 1185479                    /home/freemac/workspaceLWJGL/Arc2D/liblwjgl64.so
7f58013cc000-7f58013ce000 r--p 0006a000 08:01 1185479                    /home/freemac/workspaceLWJGL/Arc2D/liblwjgl64.so
7f58013ce000-7f58013cf000 rw-p 0006c000 08:01 1185479                    /home/freemac/workspaceLWJGL/Arc2D/liblwjgl64.so
7f58013cf000-7f58013d0000 r-xp 00000000 08:01 10228489                   /usr/java/jdk1.7.0_51/jre/lib/amd64/libjawt.so
7f58013d0000-7f58015cf000 ---p 00001000 08:01 10228489                   /usr/java/jdk1.7.0_51/jre/lib/amd64/libjawt.so
7f58015cf000-7f58015d0000 rw-p 00000000 08:01 10228489                   /usr/java/jdk1.7.0_51/jre/lib/amd64/libjawt.so
7f58015d0000-7f58015d3000 ---p 00000000 00:00 0 
7f58015d3000-7f58016d1000 rw-p 00000000 00:00 0 
7f58016d1000-7f58016d4000 ---p 00000000 00:00 0 
7f58016d4000-7f58017d2000 rw-p 00000000 00:00 0 
7f58017d2000-7f58017d5000 ---p 00000000 00:00 0 
7f58017d5000-7f58018d3000 rw-p 00000000 00:00 0 
7f58018d3000-7f58018d8000 r-xp 00000000 08:01 8657962                    /usr/lib/x86_64-linux-gnu/libXfixes.so.3.1.0
7f58018d8000-7f5801ad7000 ---p 00005000 08:01 8657962                    /usr/lib/x86_64-linux-gnu/libXfixes.so.3.1.0
7f5801ad7000-7f5801ad8000 r--p 00004000 08:01 8657962                    /usr/lib/x86_64-linux-gnu/libXfixes.so.3.1.0
7f5801ad8000-7f5801ad9000 rw-p 00005000 08:01 8657962                    /usr/lib/x86_64-linux-gnu/libXfixes.so.3.1.0
7f5801ad9000-7f5801ae3000 r-xp 00000000 08:01 8658286                    /usr/lib/x86_64-linux-gnu/libXcursor.so.1.0.2
7f5801ae3000-7f5801ce2000 ---p 0000a000 08:01 8658286                    /usr/lib/x86_64-linux-gnu/libXcursor.so.1.0.2
7f5801ce2000-7f5801ce3000 rw-p 00009000 08:01 8658286                    /usr/lib/x86_64-linux-gnu/libXcursor.so.1.0.2
7f5801ce5000-7f5801ce8000 rw-p 00000000 00:00 0 
7f5801ce8000-7f5801cea000 rw-s 00000000 08:01 7471800                    /tmp/glwQkjT3 (deleted)
7f5801cea000-7f5801cee000 rw-s 94773000 00:05 6413                       /dev/nvidia0
7f5801cee000-7f5801cef000 rw-s e8005000 00:05 6413                       /dev/nvidia0
7f5801cef000-7f5801cf0000 rw-s 947de000 00:05 6413                       /dev/nvidia0
7f5801cf0000-7f5801cf4000 rw-s 8ba5c000 00:05 6413                       /dev/nvidia0
7f5801cf4000-7f5801cf5000 rw-s fdc08000 00:05 6413                       /dev/nvidia0
7f5801cf5000-7f5801cf6000 rw-s fd641000 00:05 6413                       /dev/nvidia0
7f5801cf6000-7f5801cf7000 rw-s 023cc000 00:05 6413                       /dev/nvidia0
7f5801cf7000-7f5801cf8000 rw-s 7b546000 00:05 6413                       /dev/nvidia0
7f5801cf8000-7f5801d03000 r--s 00099000 08:01 1185472                    /home/freemac/workspaceLWJGL/Arc2D/lib/slick.jar
7f5801d03000-7f5801d06000 ---p 00000000 00:00 0 
7f5801d06000-7f5801e04000 rw-p 00000000 00:00 0 
7f5801e04000-7f5801e27000 r--p 00000000 08:01 8653660                    /usr/share/locale/fr/LC_MESSAGES/libc.mo
7f5801e27000-7f5801e2c000 r-xp 00000000 08:01 8654504                    /usr/lib/x86_64-linux-gnu/libXdmcp.so.6.0.0
7f5801e2c000-7f580202b000 ---p 00005000 08:01 8654504                    /usr/lib/x86_64-linux-gnu/libXdmcp.so.6.0.0
7f580202b000-7f580202c000 rw-p 00004000 08:01 8654504                    /usr/lib/x86_64-linux-gnu/libXdmcp.so.6.0.0
7f580202c000-7f580202e000 r-xp 00000000 08:01 8654500                    /usr/lib/x86_64-linux-gnu/libXau.so.6.0.0
7f580202e000-7f580222e000 ---p 00002000 08:01 8654500                    /usr/lib/x86_64-linux-gnu/libXau.so.6.0.0
7f580222e000-7f580222f000 rw-p 00002000 08:01 8654500                    /usr/lib/x86_64-linux-gnu/libXau.so.6.0.0
7f580222f000-7f580224e000 r-xp 00000000 08:01 8654506                    /usr/lib/x86_64-linux-gnu/libxcb.so.1.1.0
7f580224e000-7f580244d000 ---p 0001f000 08:01 8654506                    /usr/lib/x86_64-linux-gnu/libxcb.so.1.1.0
7f580244d000-7f580244e000 r--p 0001e000 08:01 8654506                    /usr/lib/x86_64-linux-gnu/libxcb.so.1.1.0
7f580244e000-7f580244f000 rw-p 0001f000 08:01 8654506                    /usr/lib/x86_64-linux-gnu/libxcb.so.1.1.0
7f580244f000-7f580245d000 r-xp 00000000 08:01 8658290                    /usr/lib/x86_64-linux-gnu/libXi.so.6.1.0
7f580245d000-7f580265d000 ---p 0000e000 08:01 8658290                    /usr/lib/x86_64-linux-gnu/libXi.so.6.1.0
7f580265d000-7f580265e000 rw-p 0000e000 08:01 8658290                    /usr/lib/x86_64-linux-gnu/libXi.so.6.1.0
7f580265e000-7f5802663000 r-xp 00000000 08:01 8660917                    /usr/lib/x86_64-linux-gnu/libXtst.so.6.1.0
7f5802663000-7f5802862000 ---p 00005000 08:01 8660917                    /usr/lib/x86_64-linux-gnu/libXtst.so.6.1.0
7f5802862000-7f5802863000 rw-p 00004000 08:01 8660917                    /usr/lib/x86_64-linux-gnu/libXtst.so.6.1.0
7f5802863000-7f580286c000 r-xp 00000000 08:01 8656064                    /usr/lib/x86_64-linux-gnu/libXrender.so.1.3.0
7f580286c000-7f5802a6b000 ---p 00009000 08:01 8656064                    /usr/lib/x86_64-linux-gnu/libXrender.so.1.3.0
7f5802a6b000-7f5802a6c000 rw-p 00008000 08:01 8656064                    /usr/lib/x86_64-linux-gnu/libXrender.so.1.3.0
7f5802a6c000-7f5802ba1000 r-xp 00000000 08:01 8654511                    /usr/lib/x86_64-linux-gnu/libX11.so.6.3.0
7f5802ba1000-7f5802da1000 ---p 00135000 08:01 8654511                    /usr/lib/x86_64-linux-gnu/libX11.so.6.3.0
7f5802da1000-7f5802da7000 rw-p 00135000 08:01 8654511                    /usr/lib/x86_64-linux-gnu/libX11.so.6.3.0
7f5802da7000-7f5802db8000 r-xp 00000000 08:01 8657970                    /usr/lib/x86_64-linux-gnu/libXext.so.6.4.0
7f5802db8000-7f5802fb8000 ---p 00011000 08:01 8657970                    /usr/lib/x86_64-linux-gnu/libXext.so.6.4.0
7f5802fb8000-7f5802fb9000 rw-p 00011000 08:01 8657970                    /usr/lib/x86_64-linux-gnu/libXext.so.6.4.0
7f5802fb9000-7f5802fbb000 r--s 00015000 08:01 1185473                    /home/freemac/workspaceLWJGL/Arc2D/lib/tinylinepp.jar
7f5802fbb000-7f5802fbc000 r--s 00001000 08:01 1185471                    /home/freemac/workspaceLWJGL/Arc2D/lib/slick-examples.jar
7f5802fbc000-7f5802fbd000 r--s 000b4000 08:01 1185470                    /home/freemac/workspaceLWJGL/Arc2D/lib/natives-windows.jar
7f5802fbd000-7f5802fbf000 r--s 0000d000 08:01 1185461                    /home/freemac/workspaceLWJGL/Arc2D/lib/jorbis-0.0.15.jar
7f5802fbf000-7f5802fc5000 r--s 00036000 08:01 2363380                    /home/freemac/eclipse/plugins/org.junit_4.11.0.v201303080030/junit.jar
7f5802fc5000-7f5802fd2000 r--s 000e6000 08:01 1185463                    /home/freemac/workspaceLWJGL/Arc2D/lib/lwjgl.jar
7f5802fd2000-7f5802fd9000 r--s 00000000 08:01 8671037                    /usr/lib/x86_64-linux-gnu/gconv/gconv-modules.cache
7f5802fd9000-7f5803029000 r-xp 00000000 08:01 10228476                   /usr/java/jdk1.7.0_51/jre/lib/amd64/xawt/libmawt.so
7f5803029000-7f5803229000 ---p 00050000 08:01 10228476                   /usr/java/jdk1.7.0_51/jre/lib/amd64/xawt/libmawt.so
7f5803229000-7f580322d000 rw-p 00050000 08:01 10228476                   /usr/java/jdk1.7.0_51/jre/lib/amd64/xawt/libmawt.so
7f580322d000-7f580322e000 rw-p 00000000 00:00 0 
7f580322e000-7f58032d0000 r-xp 00000000 08:01 10228446                   /usr/java/jdk1.7.0_51/jre/lib/amd64/libawt.so
7f58032d0000-7f58034d0000 ---p 000a2000 08:01 10228446                   /usr/java/jdk1.7.0_51/jre/lib/amd64/libawt.so
7f58034d0000-7f58034dc000 rw-p 000a2000 08:01 10228446                   /usr/java/jdk1.7.0_51/jre/lib/amd64/libawt.so
7f58034dc000-7f5803500000 rw-p 00000000 00:00 0 
7f5803500000-7f580350e000 r--s 000e9000 08:01 1185462                    /home/freemac/workspaceLWJGL/Arc2D/lib/lwjgl-debug.jar
7f580350e000-7f580350f000 ---p 00000000 00:00 0 
7f580350f000-7f580360f000 rw-p 00000000 00:00 0 
7f580360f000-7f5803612000 ---p 00000000 00:00 0 
7f5803612000-7f5803710000 rw-p 00000000 00:00 0 
7f5803710000-7f5803713000 ---p 00000000 00:00 0 
7f5803713000-7f5803811000 rw-p 00000000 00:00 0 
7f5803811000-7f5803814000 ---p 00000000 00:00 0 
7f5803814000-7f5803912000 rw-p 00000000 00:00 0 
7f5803912000-7f5803915000 ---p 00000000 00:00 0 
7f5803915000-7f5803a13000 rw-p 00000000 00:00 0 
7f5803a13000-7f5803b8a000 r--p 00000000 08:01 8653610                    /usr/lib/locale/locale-archive
7f5803b8a000-7f5803b8d000 ---p 00000000 00:00 0 
7f5803b8d000-7f5803c8b000 rw-p 00000000 00:00 0 
7f5803c8b000-7f5803c8e000 ---p 00000000 00:00 0 
7f5803c8e000-7f5803d8c000 rw-p 00000000 00:00 0 
7f5803d8c000-7f5803d8d000 ---p 00000000 00:00 0 
7f5803d8d000-7f5804844000 rw-p 00000000 00:00 0 
7f5804844000-7f5804a01000 r--s 039bf000 08:01 10228495                   /usr/java/jdk1.7.0_51/jre/lib/rt.jar
7f5804a01000-7f58064be000 rw-p 00000000 00:00 0 
7f58064be000-7f58064bf000 ---p 00000000 00:00 0 
7f58064bf000-7f58065bf000 rw-p 00000000 00:00 0 
7f58065bf000-7f58065c0000 ---p 00000000 00:00 0 
7f58065c0000-7f58066cc000 rw-p 00000000 00:00 0 
7f58066cc000-7f58066e9000 rw-p 00000000 00:00 0 
7f58066e9000-7f58066fa000 rw-p 00000000 00:00 0 
7f58066fa000-7f58067d1000 rw-p 00000000 00:00 0 
7f58067d1000-7f58067dd000 rw-p 00000000 00:00 0 
7f58067dd000-7f58067fa000 rw-p 00000000 00:00 0 
7f58067fa000-7f580680b000 rw-p 00000000 00:00 0 
7f580680b000-7f58068e1000 rw-p 00000000 00:00 0 
7f58068e1000-7f58068fa000 rw-p 00000000 00:00 0 
7f58068fa000-7f5806955000 rw-p 00000000 00:00 0 
7f5806955000-7f5806956000 rw-p 00000000 00:00 0 
7f5806956000-7f5806bc6000 rwxp 00000000 00:00 0 
7f5806bc6000-7f5809956000 rw-p 00000000 00:00 0 
7f5809956000-7f5809970000 r-xp 00000000 08:01 10228483                   /usr/java/jdk1.7.0_51/jre/lib/amd64/libzip.so
7f5809970000-7f5809b70000 ---p 0001a000 08:01 10228483                   /usr/java/jdk1.7.0_51/jre/lib/amd64/libzip.so
7f5809b70000-7f5809b71000 rw-p 0001a000 08:01 10228483                   /usr/java/jdk1.7.0_51/jre/lib/amd64/libzip.so
7f5809b71000-7f5809b7c000 r-xp 00000000 08:01 10751481                   /lib/x86_64-linux-gnu/libnss_files-2.13.so
7f5809b7c000-7f5809d7b000 ---p 0000b000 08:01 10751481                   /lib/x86_64-linux-gnu/libnss_files-2.13.so
7f5809d7b000-7f5809d7c000 r--p 0000a000 08:01 10751481                   /lib/x86_64-linux-gnu/libnss_files-2.13.so
7f5809d7c000-7f5809d7d000 rw-p 0000b000 08:01 10751481                   /lib/x86_64-linux-gnu/libnss_files-2.13.so
7f5809d7d000-7f5809d87000 r-xp 00000000 08:01 10751477                   /lib/x86_64-linux-gnu/libnss_nis-2.13.so
7f5809d87000-7f5809f86000 ---p 0000a000 08:01 10751477                   /lib/x86_64-linux-gnu/libnss_nis-2.13.so
7f5809f86000-7f5809f87000 r--p 00009000 08:01 10751477                   /lib/x86_64-linux-gnu/libnss_nis-2.13.so
7f5809f87000-7f5809f88000 rw-p 0000a000 08:01 10751477                   /lib/x86_64-linux-gnu/libnss_nis-2.13.so
7f5809f88000-7f5809f9d000 r-xp 00000000 08:01 10751475                   /lib/x86_64-linux-gnu/libnsl-2.13.so
7f5809f9d000-7f580a19c000 ---p 00015000 08:01 10751475                   /lib/x86_64-linux-gnu/libnsl-2.13.so
7f580a19c000-7f580a19d000 r--p 00014000 08:01 10751475                   /lib/x86_64-linux-gnu/libnsl-2.13.so
7f580a19d000-7f580a19e000 rw-p 00015000 08:01 10751475                   /lib/x86_64-linux-gnu/libnsl-2.13.so
7f580a19e000-7f580a1a0000 rw-p 00000000 00:00 0 
7f580a1a0000-7f580a1a7000 r-xp 00000000 08:01 10751470                   /lib/x86_64-linux-gnu/libnss_compat-2.13.so
7f580a1a7000-7f580a3a6000 ---p 00007000 08:01 10751470                   /lib/x86_64-linux-gnu/libnss_compat-2.13.so
7f580a3a6000-7f580a3a7000 r--p 00006000 08:01 10751470                   /lib/x86_64-linux-gnu/libnss_compat-2.13.so
7f580a3a7000-7f580a3a8000 rw-p 00007000 08:01 10751470                   /lib/x86_64-linux-gnu/libnss_compat-2.13.so
7f580a3a8000-7f580a3d1000 r-xp 00000000 08:01 10228467                   /usr/java/jdk1.7.0_51/jre/lib/amd64/libjava.so
7f580a3d1000-7f580a5d1000 ---p 00029000 08:01 10228467                   /usr/java/jdk1.7.0_51/jre/lib/amd64/libjava.so
7f580a5d1000-7f580a5d3000 rw-p 00029000 08:01 10228467                   /usr/java/jdk1.7.0_51/jre/lib/amd64/libjava.so
7f580a5d3000-7f580a5e0000 r-xp 00000000 08:01 10228465                   /usr/java/jdk1.7.0_51/jre/lib/amd64/libverify.so
7f580a5e0000-7f580a7df000 ---p 0000d000 08:01 10228465                   /usr/java/jdk1.7.0_51/jre/lib/amd64/libverify.so
7f580a7df000-7f580a7e1000 rw-p 0000c000 08:01 10228465                   /usr/java/jdk1.7.0_51/jre/lib/amd64/libverify.so
7f580a7e1000-7f580a7e8000 r-xp 00000000 08:01 10751485                   /lib/x86_64-linux-gnu/librt-2.13.so
7f580a7e8000-7f580a9e7000 ---p 00007000 08:01 10751485                   /lib/x86_64-linux-gnu/librt-2.13.so
7f580a9e7000-7f580a9e8000 r--p 00006000 08:01 10751485                   /lib/x86_64-linux-gnu/librt-2.13.so
7f580a9e8000-7f580a9e9000 rw-p 00007000 08:01 10751485                   /lib/x86_64-linux-gnu/librt-2.13.so
7f580a9e9000-7f580aa6a000 r-xp 00000000 08:01 10751472                   /lib/x86_64-linux-gnu/libm-2.13.so
7f580aa6a000-7f580ac69000 ---p 00081000 08:01 10751472                   /lib/x86_64-linux-gnu/libm-2.13.so
7f580ac69000-7f580ac6a000 r--p 00080000 08:01 10751472                   /lib/x86_64-linux-gnu/libm-2.13.so
7f580ac6a000-7f580ac6b000 rw-p 00081000 08:01 10751472                   /lib/x86_64-linux-gnu/libm-2.13.so
7f580ac6b000-7f580b7cd000 r-xp 00000000 08:01 10228473                   /usr/java/jdk1.7.0_51/jre/lib/amd64/server/libjvm.so
7f580b7cd000-7f580b9cd000 ---p 00b62000 08:01 10228473                   /usr/java/jdk1.7.0_51/jre/lib/amd64/server/libjvm.so
7f580b9cd000-7f580ba90000 rw-p 00b62000 08:01 10228473                   /usr/java/jdk1.7.0_51/jre/lib/amd64/server/libjvm.so
7f580ba90000-7f580bad1000 rw-p 00000000 00:00 0 
7f580bad1000-7f580bc53000 r-xp 00000000 08:01 10749058                   /lib/x86_64-linux-gnu/libc-2.13.so
7f580bc53000-7f580be52000 ---p 00182000 08:01 10749058                   /lib/x86_64-linux-gnu/libc-2.13.so
7f580be52000-7f580be56000 r--p 00181000 08:01 10749058                   /lib/x86_64-linux-gnu/libc-2.13.so
7f580be56000-7f580be57000 rw-p 00185000 08:01 10749058                   /lib/x86_64-linux-gnu/libc-2.13.so
7f580be57000-7f580be5c000 rw-p 00000000 00:00 0 
7f580be5c000-7f580be5e000 r-xp 00000000 08:01 10751479                   /lib/x86_64-linux-gnu/libdl-2.13.so
7f580be5e000-7f580c05e000 ---p 00002000 08:01 10751479                   /lib/x86_64-linux-gnu/libdl-2.13.so
7f580c05e000-7f580c05f000 r--p 00002000 08:01 10751479                   /lib/x86_64-linux-gnu/libdl-2.13.so
7f580c05f000-7f580c060000 rw-p 00003000 08:01 10751479                   /lib/x86_64-linux-gnu/libdl-2.13.so
7f580c060000-7f580c076000 r-xp 00000000 08:01 9442040                    /usr/java/jdk1.7.0_51/lib/amd64/jli/libjli.so
7f580c076000-7f580c276000 ---p 00016000 08:01 9442040                    /usr/java/jdk1.7.0_51/lib/amd64/jli/libjli.so
7f580c276000-7f580c277000 rw-p 00016000 08:01 9442040                    /usr/java/jdk1.7.0_51/lib/amd64/jli/libjli.so
7f580c277000-7f580c28e000 r-xp 00000000 08:01 10751483                   /lib/x86_64-linux-gnu/libpthread-2.13.so
7f580c28e000-7f580c48d000 ---p 00017000 08:01 10751483                   /lib/x86_64-linux-gnu/libpthread-2.13.so
7f580c48d000-7f580c48e000 r--p 00016000 08:01 10751483                   /lib/x86_64-linux-gnu/libpthread-2.13.so
7f580c48e000-7f580c48f000 rw-p 00017000 08:01 10751483                   /lib/x86_64-linux-gnu/libpthread-2.13.so
7f580c48f000-7f580c493000 rw-p 00000000 00:00 0 
7f580c493000-7f580c4b3000 r-xp 00000000 08:01 2625157                    /lib64/ld-2.13.so
7f580c4b3000-7f580c4b4000 rw-s fd060000 00:05 6413                       /dev/nvidia0
7f580c4b4000-7f580c4b5000 r--s 00001000 08:01 1185460                    /home/freemac/workspaceLWJGL/Arc2D/lib/jogg-0.0.7.jar
7f580c4b5000-7f580c4b6000 r--s 00001000 08:01 1185459                    /home/freemac/workspaceLWJGL/Arc2D/lib/jnlp.jar
7f580c4b6000-7f580c4b8000 r--s 00008000 08:01 1185457                    /home/freemac/workspaceLWJGL/Arc2D/lib/ibxm.jar
7f580c4b8000-7f580c4bc000 r--s 00027000 08:01 1185465                    /home/freemac/workspaceLWJGL/Arc2D/lib/lwjgl_util.jar
7f580c4bc000-7f580c4c1000 r--s 00041000 08:01 1185464                    /home/freemac/workspaceLWJGL/Arc2D/lib/lwjgl_test.jar
7f580c4c1000-7f580c4c6000 r--s 00030000 08:01 1185458                    /home/freemac/workspaceLWJGL/Arc2D/lib/jinput.jar
7f580c4c6000-7f580c4cb000 r--s 0004a000 08:01 1185456                    /home/freemac/workspaceLWJGL/Arc2D/lib/asm-debug-all.jar
7f580c4cb000-7f580c4d5000 rw-p 00000000 00:00 0 
7f580c4d5000-7f580c58b000 rw-p 00000000 00:00 0 
7f580c58b000-7f580c58e000 ---p 00000000 00:00 0 
7f580c58e000-7f580c691000 rw-p 00000000 00:00 0 
7f580c691000-7f580c693000 r--s 0000c000 08:01 2108608                    /home/freemac/eclipse/plugins/org.hamcrest.core_1.3.0.v201303031735.jar
7f580c693000-7f580c694000 r--s 00001000 08:01 1185467                    /home/freemac/workspaceLWJGL/Arc2D/lib/lzma.jar
7f580c694000-7f580c695000 r--s 00008000 08:01 1185466                    /home/freemac/workspaceLWJGL/Arc2D/lib/lwjgl_util_applet.jar
7f580c695000-7f580c697000 r--s 00000000 08:01 1185455                    /home/freemac/workspaceLWJGL/Arc2D/lib/AppleJavaExtensions.jar
7f580c697000-7f580c6a7000 rw-p 00000000 00:00 0 
7f580c6a7000-7f580c6af000 rw-s 00000000 08:01 7733266                    /tmp/hsperfdata_freemac/11338
7f580c6af000-7f580c6b0000 rw-p 00000000 00:00 0 
7f580c6b0000-7f580c6b1000 r--p 00000000 00:00 0 
7f580c6b1000-7f580c6b2000 rw-p 00000000 00:00 0 
7f580c6b2000-7f580c6b3000 r--p 0001f000 08:01 2625157                    /lib64/ld-2.13.so
7f580c6b3000-7f580c6b4000 rw-p 00020000 08:01 2625157                    /lib64/ld-2.13.so
7f580c6b4000-7f580c6b5000 rw-p 00000000 00:00 0 
7fffe597e000-7fffe599f000 rw-p 00000000 00:00 0                          [stack]
7fffe59ff000-7fffe5a00000 r-xp 00000000 00:00 0                          [vdso]
ffffffffff600000-ffffffffff601000 r-xp 00000000 00:00 0                  [vsyscall]

VM Arguments:
jvm_args: -Djava.library.path=/home/freemac/workspaceLWJGL/Arc2D -Dfile.encoding=UTF-8 
java_command: net.stinfoservices.helias.renaud.tempest.TempestMain
Launcher Type: SUN_STANDARD

Environment Variables:
JAVA_HOME=/usr/java/jdk1.7.0_51/
PATH=/usr/java/jdk1.7.0_51/bin:/usr/java/jdk1.7.0_51/bin:/usr/local/bin:/usr/bin:/bin:/usr/local/games:/usr/games
SHELL=/bin/bash
DISPLAY=:0

Signal Handlers:
SIGSEGV: [libjvm.so+0x993870], sa_mask[0]=0x7ffbfeff, sa_flags=0x10000004
SIGBUS: [libjvm.so+0x993870], sa_mask[0]=0x7ffbfeff, sa_flags=0x10000004
SIGFPE: [libjvm.so+0x8105b0], sa_mask[0]=0x7ffbfeff, sa_flags=0x10000004
SIGPIPE: [libjvm.so+0x8105b0], sa_mask[0]=0x7ffbfeff, sa_flags=0x10000004
SIGXFSZ: [libjvm.so+0x8105b0], sa_mask[0]=0x7ffbfeff, sa_flags=0x10000004
SIGILL: [libjvm.so+0x8105b0], sa_mask[0]=0x7ffbfeff, sa_flags=0x10000004
SIGUSR1: SIG_DFL, sa_mask[0]=0x00000000, sa_flags=0x00000000
SIGUSR2: [libjvm.so+0x811aa0], sa_mask[0]=0x00000004, sa_flags=0x10000004
SIGHUP: [libjvm.so+0x812a10], sa_mask[0]=0x7ffbfeff, sa_flags=0x10000004
SIGINT: [libjvm.so+0x812a10], sa_mask[0]=0x7ffbfeff, sa_flags=0x10000004
SIGTERM: [libjvm.so+0x812a10], sa_mask[0]=0x7ffbfeff, sa_flags=0x10000004
SIGQUIT: [libjvm.so+0x812a10], sa_mask[0]=0x7ffbfeff, sa_flags=0x10000004


---------------  S Y S T E M  ---------------

OS:7.4

uname:Linux 3.2.0-4-amd64 #1 SMP Debian 3.2.54-2 x86_64
libc:glibc 2.13 NPTL 2.13 
rlimit: STACK 8192k, CORE 0k, NPROC 22051, NOFILE 4096, AS infinity
load average:1,20 0,76 0,57

/proc/meminfo:
MemTotal:        2834704 kB
MemFree:          179280 kB
Buffers:           88332 kB
Cached:           901304 kB
SwapCached:           12 kB
Active:          1614804 kB
Inactive:         799820 kB
Active(anon):    1122604 kB
Inactive(anon):   306936 kB
Active(file):     492200 kB
Inactive(file):   492884 kB
Unevictable:           0 kB
Mlocked:               0 kB
SwapTotal:       5763068 kB
SwapFree:        5762936 kB
Dirty:               328 kB
Writeback:             0 kB
AnonPages:       1425100 kB
Mapped:           152144 kB
Shmem:              4552 kB
Slab:             149156 kB
SReclaimable:     126700 kB
SUnreclaim:        22456 kB
KernelStack:        2864 kB
PageTables:        18740 kB
NFS_Unstable:          0 kB
Bounce:                0 kB
WritebackTmp:          0 kB
CommitLimit:     7180420 kB
Committed_AS:    2796396 kB
VmallocTotal:   34359738367 kB
VmallocUsed:      120008 kB
VmallocChunk:   34359593980 kB
HardwareCorrupted:     0 kB
AnonHugePages:         0 kB
HugePages_Total:       0
HugePages_Free:        0
HugePages_Rsvd:        0
HugePages_Surp:        0
Hugepagesize:       2048 kB
DirectMap4k:      114304 kB
DirectMap2M:     2768896 kB


CPU:total 2 (2 cores per cpu, 1 threads per core) family 15 model 107 stepping 2, cmov, cx8, fxsr, mmx, sse, sse2, sse3, mmxext, 3dnowpref, tsc

/proc/cpuinfo:
processor	: 0
vendor_id	: AuthenticAMD
cpu family	: 15
model		: 107
model name	: AMD Athlon(tm) Dual Core Processor 4450e
stepping	: 2
microcode	: 0x83
cpu MHz		: 1800.000
cache size	: 512 KB
physical id	: 0
siblings	: 2
core id		: 0
cpu cores	: 2
apicid		: 0
initial apicid	: 0
fpu		: yes
fpu_exception	: yes
cpuid level	: 1
wp		: yes
flags		: fpu vme de pse tsc msr pae mce cx8 apic sep mtrr pge mca cmov pat pse36 clflush mmx fxsr sse sse2 ht syscall nx mmxext fxsr_opt rdtscp lm 3dnowext 3dnow rep_good nopl extd_apicid pni cx16 lahf_lm cmp_legacy svm extapic cr8_legacy 3dnowprefetch lbrv
bogomips	: 3600.03
TLB size	: 1024 4K pages
clflush size	: 64
cache_alignment	: 64
address sizes	: 40 bits physical, 48 bits virtual
power management: ts fid vid ttp tm stc 100mhzsteps

processor	: 1
vendor_id	: AuthenticAMD
cpu family	: 15
model		: 107
model name	: AMD Athlon(tm) Dual Core Processor 4450e
stepping	: 2
microcode	: 0x83
cpu MHz		: 1800.000
cache size	: 512 KB
physical id	: 0
siblings	: 2
core id		: 1
cpu cores	: 2
apicid		: 1
initial apicid	: 1
fpu		: yes
fpu_exception	: yes
cpuid level	: 1
wp		: yes
flags		: fpu vme de pse tsc msr pae mce cx8 apic sep mtrr pge mca cmov pat pse36 clflush mmx fxsr sse sse2 ht syscall nx mmxext fxsr_opt rdtscp lm 3dnowext 3dnow rep_good nopl extd_apicid pni cx16 lahf_lm cmp_legacy svm extapic cr8_legacy 3dnowprefetch lbrv
bogomips	: 3600.03
TLB size	: 1024 4K pages
clflush size	: 64
cache_alignment	: 64
address sizes	: 40 bits physical, 48 bits virtual
power management: ts fid vid ttp tm stc 100mhzsteps



Memory: 4k page, physical 2834704k(179280k free), swap 5763068k(5762936k free)

vm_info: Java HotSpot(TM) 64-Bit Server VM (24.51-b03) for linux-amd64 JRE (1.7.0_51-b13), built on Dec 18 2013 18:48:01 by "java_re" with gcc 4.3.0 20080428 (Red Hat 4.3.0-8)

time: Sat Apr 19 13:14:47 2014
elapsed time: 6 seconds

