#
# A fatal error has been detected by the Java Runtime Environment:
#
#  SIGSEGV (0xb) at pc=0x00007fc90e203540, pid=11511, tid=140501793580800
#
# JRE version: Java(TM) SE Runtime Environment (7.0_51-b13) (build 1.7.0_51-b13)
# Java VM: Java HotSpot(TM) 64-Bit Server VM (24.51-b03 mixed mode linux-amd64 compressed oops)
# Problematic frame:
# C  [libnvidia-glcore.so.304.88+0x139f540]  _nv005glcore+0x4a860
#
# Failed to write core dump. Core dumps have been disabled. To enable core dumping, try "ulimit -c unlimited" before starting Java again
#
# If you would like to submit a bug report, please visit:
#   http://bugreport.sun.com/bugreport/crash.jsp
# The crash happened outside the Java Virtual Machine in native code.
# See problematic frame for where to report the bug.
#

---------------  T H R E A D  ---------------

Current thread (0x0000000001f6d000):  JavaThread "main" [_thread_in_native, id=11514, stack(0x00007fc91f6f2000,0x00007fc91f7f3000)]

siginfo:si_signo=SIGSEGV: si_errno=0, si_code=2 (SEGV_ACCERR), si_addr=0x00007fc911250b40

Registers:
RAX=0x00007fc90402439c, RBX=0x7fffffffffffffff, RCX=0x000000000000004b, RDX=0x0000000000000018
RSP=0x00007fc91f7f1438, RBP=0x0000000000000000, RSI=0x00007fc911250b40, RDI=0x00007fc90402439c
R8 =0x000000000000004b, R9 =0x00007fc90c5be8ec, R10=0x0000000000000000, R11=0x00000000f2c81ba8
R12=0x000000004054a000, R13=0x00000000ffffffff, R14=0x00007fc90c798010, R15=0x00007fc90402439c
RIP=0x00007fc90e203540, EFLAGS=0x0000000000010202, CSGSFS=0x0000000000000033, ERR=0x0000000000000004
  TRAPNO=0x000000000000000e

Top of Stack: (sp=0x00007fc91f7f1438)
0x00007fc91f7f1438:   00007fc90e35e9dd 000000004054a000
0x00007fc91f7f1448:   00000000405c0bd8 00000000000002f0
0x00007fc91f7f1458:   000001720000004b 000000004054a000
0x00007fc91f7f1468:   00007fc90c5be934 00000000000002e0
0x00007fc91f7f1478:   0000000021e70720 0000000040590618
0x00007fc91f7f1488:   0000000000000001 07007fc90c5bdbb0
0x00007fc91f7f1498:   00000000000002e0 00007fc90c81c638
0x00007fc91f7f14a8:   00000000000002e0 0000000000000003
0x00007fc91f7f14b8:   1080000000000000 0000000000000700
0x00007fc91f7f14c8:   000000004054a000 0000000040590d1c
0x00007fc91f7f14d8:   000000004054a000 00000000ffffffff
0x00007fc91f7f14e8:   00007fc90c798010 00000000000000b7
0x00007fc91f7f14f8:   00007fc90e3605d7 00007fc91f7f153c
0x00007fc91f7f1508:   00007fc91f7f1538 0000140500000000
0x00007fc91f7f1518:   0000000400000000 0000000001f6d000
0x00007fc91f7f1528:   0000000001f6d000 00007fc91f7f1590
0x00007fc91f7f1538:   000001720000004b 0000000001f6d000
0x00007fc91f7f1548:   000000004054a000 0000000040586048
0x00007fc91f7f1558:   0000000000000004 00000000000000b7
0x00007fc91f7f1568:   0000000000001405 00007fc91124efa0
0x00007fc91f7f1578:   00007fc90e0109a4 00007fc91124efa0
0x00007fc91f7f1588:   00000000d01ac1b8 00007fc91f7f1610
0x00007fc91f7f1598:   0000000000000000 00007fc91f7f1668
0x00007fc91f7f15a8:   00007fc91f7f15f8 0000000001f6d000
0x00007fc91f7f15b8:   00007fc919bdc4e8 00007fc90f749f40
0x00007fc91f7f15c8:   00007fc919bb7bd1 00007fc91f7f1670
0x00007fc91f7f15d8:   00007fc919bb7bd1 00000000f2c81ba8
0x00007fc91f7f15e8:   00007fc919bcb5dc f1a4b730000000b7
0x00007fc91f7f15f8:   00000000f4885d50 00000000000002dc
0x00007fc91f7f1608:   00000004f2c81b60 0000000000000010
0x00007fc91f7f1618:   00007fc919be00ec 0000000000000004
0x00007fc91f7f1628:   00000000f2c81ba8 00007fc90f749f40 

Instructions: (pc=0x00007fc90e203540)
0x00007fc90e203520:   ff 48 8d 44 c7 08 c3 90 0f 1f 84 00 00 00 00 00
0x00007fc90e203530:   48 63 d2 48 89 f8 41 89 c8 0f 1f 80 00 00 00 00
0x00007fc90e203540:   f2 0f 5a 06 f3 0f 11 00 f2 0f 5a 46 08 f3 0f 11
0x00007fc90e203550:   40 04 f2 0f 5a 46 10 48 01 d6 f3 0f 11 40 08 48 

Register to memory mapping:

RAX=0x00007fc90402439c is an unknown value
RBX=0x7fffffffffffffff is an unknown value
RCX=0x000000000000004b is an unknown value
RDX=0x0000000000000018 is an unknown value
RSP=0x00007fc91f7f1438 is pointing into the stack for thread: 0x0000000001f6d000
RBP=0x0000000000000000 is an unknown value
RSI=0x00007fc911250b40 is an unknown value
RDI=0x00007fc90402439c is an unknown value
R8 =0x000000000000004b is an unknown value
R9 =0x00007fc90c5be8ec is an unknown value
R10=0x0000000000000000 is an unknown value
R11=0x00000000f2c81ba8 is an oop
java.nio.DirectIntBufferU 
 - klass: 'java/nio/DirectIntBufferU'
R12=0x000000004054a000 is an unknown value
R13=0x00000000ffffffff is an unallocated location in the heap
R14=0x00007fc90c798010 is an unknown value
R15=0x00007fc90402439c is an unknown value


Stack: [0x00007fc91f6f2000,0x00007fc91f7f3000],  sp=0x00007fc91f7f1438,  free space=1021k
Native frames: (J=compiled Java code, j=interpreted, Vv=VM code, C=native code)
C  [libnvidia-glcore.so.304.88+0x139f540]  _nv005glcore+0x4a860

[error occurred during error reporting (printing native stack), id 0xb]

Java frames: (J=compiled Java code, j=interpreted, Vv=VM code)
J  org.lwjgl.opengl.GL11.nglDrawElements(IIIJJ)V
J  org.lwjgl.opengl.GL11.glDrawElements(ILjava/nio/IntBuffer;)V
j  net.stinfoservices.helias.renaud.tempest.tools.Image3D.render(I)Z+68
j  net.stinfoservices.helias.renaud.tempest.agent.Circle3DRenderer.render(I)Z+214
j  net.stinfoservices.helias.renaud.tempest.agent.projectile.Missile3D.render(I)Z+22
J  net.stinfoservices.helias.renaud.tempest.level.Level3D.render(I)Z
j  net.stinfoservices.helias.renaud.tempest.TempestMain.matrixUpdate()V+235
j  net.stinfoservices.helias.renaud.tempest.TempestMain.start()V+204
j  net.stinfoservices.helias.renaud.tempest.TempestMain.main([Ljava/lang/String;)V+9
v  ~StubRoutines::call_stub

---------------  P R O C E S S  ---------------

Java Threads: ( => current thread )
  0x00007fc91016d000 JavaThread "process reaper" daemon [_thread_blocked, id=11534, stack(0x00007fc914047000,0x00007fc914080000)]
  0x00000000020b9000 JavaThread "AWT-EventQueue-0" [_thread_blocked, id=11532, stack(0x00007fc914741000,0x00007fc914842000)]
  0x00007fc91014d800 JavaThread "AWT-Shutdown" [_thread_blocked, id=11531, stack(0x00007fc914842000,0x00007fc914943000)]
  0x00007fc9100d4000 JavaThread "AWT-XAWT" daemon [_thread_in_native, id=11530, stack(0x00007fc914943000,0x00007fc914a44000)]
  0x00007fc9100b2000 JavaThread "Java2D Disposer" daemon [_thread_blocked, id=11529, stack(0x00007fc914e54000,0x00007fc914f55000)]
  0x00007fc910004800 JavaThread "Service Thread" daemon [_thread_blocked, id=11527, stack(0x00007fc916776000,0x00007fc916877000)]
  0x00007fc910001800 JavaThread "C2 CompilerThread1" daemon [_thread_in_native, id=11526, stack(0x00007fc916877000,0x00007fc916978000)]
  0x0000000001ff5800 JavaThread "C2 CompilerThread0" daemon [_thread_in_native, id=11525, stack(0x00007fc916978000,0x00007fc916a79000)]
  0x0000000001feb800 JavaThread "Signal Dispatcher" daemon [_thread_blocked, id=11524, stack(0x00007fc916a79000,0x00007fc916b7a000)]
  0x0000000001fce800 JavaThread "Finalizer" daemon [_thread_blocked, id=11522, stack(0x00007fc916cf1000,0x00007fc916df2000)]
  0x0000000001fca800 JavaThread "Reference Handler" daemon [_thread_blocked, id=11521, stack(0x00007fc916df2000,0x00007fc916ef3000)]
=>0x0000000001f6d000 JavaThread "main" [_thread_in_native, id=11514, stack(0x00007fc91f6f2000,0x00007fc91f7f3000)]

Other Threads:
  0x0000000001fc8000 VMThread [stack: 0x00007fc916ef3000,0x00007fc916ff4000] [id=11520]
  0x00007fc91000f000 WatcherThread [stack: 0x00007fc916675000,0x00007fc916776000] [id=11528]

VM state:not at safepoint (normal execution)

VM Mutex/Monitor currently owned by a thread: None

Heap
 PSYoungGen      total 48640K, used 22183K [0x00000000f1880000, 0x00000000f4980000, 0x0000000100000000)
  eden space 47104K, 43% used [0x00000000f1880000,0x00000000f2caf690,0x00000000f4680000)
  from space 1536K, 98% used [0x00000000f4800000,0x00000000f497a840,0x00000000f4980000)
  to   space 1536K, 0% used [0x00000000f4680000,0x00000000f4680000,0x00000000f4800000)
 ParOldGen       total 29184K, used 18723K [0x00000000d4a00000, 0x00000000d6680000, 0x00000000f1880000)
  object space 29184K, 64% used [0x00000000d4a00000,0x00000000d5c48ef0,0x00000000d6680000)
 PSPermGen       total 21504K, used 12139K [0x00000000cf800000, 0x00000000d0d00000, 0x00000000d4a00000)
  object space 21504K, 56% used [0x00000000cf800000,0x00000000d03dac50,0x00000000d0d00000)

Card table byte_map: [0x00007fc919938000,0x00007fc919abd000] byte_map_base: 0x00007fc9192bc000

Polling page: 0x00007fc91f817000

Code Cache  [0x00007fc919abd000, 0x00007fc919d2d000, 0x00007fc91cabd000)
 total_blobs=796 nmethods=257 adapters=493 free_code_cache=47979Kb largest_free_block=49103744

Compilation events (10 events):
Event: 5,170 Thread 0x0000000001ff5800 nmethod 250 0x00007fc919be4dd0 code [0x00007fc919be4f20, 0x00007fc919be50e8]
Event: 5,170 Thread 0x0000000001ff5800  251  s          net.stinfoservices.helias.renaud.tempest.level.Level3D::render (125 bytes)
Event: 5,181 Thread 0x0000000001ff5800 nmethod 251 0x00007fc919be33d0 code [0x00007fc919be35a0, 0x00007fc919be3ef8]
Event: 5,181 Thread 0x0000000001ff5800  252             org.lwjgl.opengl.GL11::glColor4f (27 bytes)
Event: 5,184 Thread 0x0000000001ff5800 nmethod 252 0x00007fc919be5750 code [0x00007fc919be58a0, 0x00007fc919be59c8]
Event: 5,185 Thread 0x0000000001ff5800  254             org.lwjgl.opengl.GL11::glBlendFunc (23 bytes)
Event: 5,196 Thread 0x0000000001ff5800 nmethod 254 0x00007fc919be2d10 code [0x00007fc919be2e80, 0x00007fc919be3078]
Event: 5,197 Thread 0x0000000001ff5800  256             org.lwjgl.opengl.GL11::glBindTexture (23 bytes)
Event: 5,203 Thread 0x0000000001ff5800 nmethod 256 0x00007fc919be6cd0 code [0x00007fc919be6e40, 0x00007fc919be7038]
Event: 5,203 Thread 0x0000000001ff5800  258   !         net.stinfoservices.helias.renaud.tempest.agent.CircleSpriteTextureRenderer::render (765 bytes)

GC Heap History (8 events):
Event: 1,460 GC heap before
{Heap before GC invocations=1 (full 0):
 PSYoungGen      total 13312K, used 8943K [0x00000000f1880000, 0x00000000f2700000, 0x0000000100000000)
  eden space 11776K, 75% used [0x00000000f1880000,0x00000000f213bc10,0x00000000f2400000)
  from space 1536K, 0% used [0x00000000f2580000,0x00000000f2580000,0x00000000f2700000)
  to   space 1536K, 0% used [0x00000000f2400000,0x00000000f2400000,0x00000000f2580000)
 ParOldGen       total 29184K, used 0K [0x00000000d4a00000, 0x00000000d6680000, 0x00000000f1880000)
  object space 29184K, 0% used [0x00000000d4a00000,0x00000000d4a00000,0x00000000d6680000)
 PSPermGen       total 21504K, used 11193K [0x00000000cf800000, 0x00000000d0d00000, 0x00000000d4a00000)
  object space 21504K, 52% used [0x00000000cf800000,0x00000000d02ee530,0x00000000d0d00000)
Event: 1,489 GC heap after
Heap after GC invocations=1 (full 0):
 PSYoungGen      total 13312K, used 1522K [0x00000000f1880000, 0x00000000f3280000, 0x0000000100000000)
  eden space 11776K, 0% used [0x00000000f1880000,0x00000000f1880000,0x00000000f2400000)
  from space 1536K, 99% used [0x00000000f2400000,0x00000000f257c830,0x00000000f2580000)
  to   space 1536K, 0% used [0x00000000f3100000,0x00000000f3100000,0x00000000f3280000)
 ParOldGen       total 29184K, used 4032K [0x00000000d4a00000, 0x00000000d6680000, 0x00000000f1880000)
  object space 29184K, 13% used [0x00000000d4a00000,0x00000000d4df0238,0x00000000d6680000)
 PSPermGen       total 21504K, used 11193K [0x00000000cf800000, 0x00000000d0d00000, 0x00000000d4a00000)
  object space 21504K, 52% used [0x00000000cf800000,0x00000000d02ee530,0x00000000d0d00000)
}
Event: 1,761 GC heap before
{Heap before GC invocations=2 (full 0):
 PSYoungGen      total 13312K, used 13298K [0x00000000f1880000, 0x00000000f3280000, 0x0000000100000000)
  eden space 11776K, 100% used [0x00000000f1880000,0x00000000f2400000,0x00000000f2400000)
  from space 1536K, 99% used [0x00000000f2400000,0x00000000f257c830,0x00000000f2580000)
  to   space 1536K, 0% used [0x00000000f3100000,0x00000000f3100000,0x00000000f3280000)
 ParOldGen       total 29184K, used 4032K [0x00000000d4a00000, 0x00000000d6680000, 0x00000000f1880000)
  object space 29184K, 13% used [0x00000000d4a00000,0x00000000d4df0238,0x00000000d6680000)
 PSPermGen       total 21504K, used 11194K [0x00000000cf800000, 0x00000000d0d00000, 0x00000000d4a00000)
  object space 21504K, 52% used [0x00000000cf800000,0x00000000d02eeb48,0x00000000d0d00000)
Event: 1,780 GC heap after
Heap after GC invocations=2 (full 0):
 PSYoungGen      total 25088K, used 1523K [0x00000000f1880000, 0x00000000f3280000, 0x0000000100000000)
  eden space 23552K, 0% used [0x00000000f1880000,0x00000000f1880000,0x00000000f2f80000)
  from space 1536K, 99% used [0x00000000f3100000,0x00000000f327cc50,0x00000000f3280000)
  to   space 1536K, 0% used [0x00000000f2f80000,0x00000000f2f80000,0x00000000f3100000)
 ParOldGen       total 29184K, used 8060K [0x00000000d4a00000, 0x00000000d6680000, 0x00000000f1880000)
  object space 29184K, 27% used [0x00000000d4a00000,0x00000000d51df268,0x00000000d6680000)
 PSPermGen       total 21504K, used 11194K [0x00000000cf800000, 0x00000000d0d00000, 0x00000000d4a00000)
  object space 21504K, 52% used [0x00000000cf800000,0x00000000d02eeb48,0x00000000d0d00000)
}
Event: 3,020 GC heap before
{Heap before GC invocations=3 (full 0):
 PSYoungGen      total 25088K, used 24687K [0x00000000f1880000, 0x00000000f3280000, 0x0000000100000000)
  eden space 23552K, 98% used [0x00000000f1880000,0x00000000f2f1f248,0x00000000f2f80000)
  from space 1536K, 99% used [0x00000000f3100000,0x00000000f327cc50,0x00000000f3280000)
  to   space 1536K, 0% used [0x00000000f2f80000,0x00000000f2f80000,0x00000000f3100000)
 ParOldGen       total 29184K, used 8060K [0x00000000d4a00000, 0x00000000d6680000, 0x00000000f1880000)
  object space 29184K, 27% used [0x00000000d4a00000,0x00000000d51df268,0x00000000d6680000)
 PSPermGen       total 21504K, used 11866K [0x00000000cf800000, 0x00000000d0d00000, 0x00000000d4a00000)
  object space 21504K, 55% used [0x00000000cf800000,0x00000000d0396b10,0x00000000d0d00000)
Event: 3,033 GC heap after
Heap after GC invocations=3 (full 0):
 PSYoungGen      total 25088K, used 1525K [0x00000000f1880000, 0x00000000f4980000, 0x0000000100000000)
  eden space 23552K, 0% used [0x00000000f1880000,0x00000000f1880000,0x00000000f2f80000)
  from space 1536K, 99% used [0x00000000f2f80000,0x00000000f30fd430,0x00000000f3100000)
  to   space 1536K, 0% used [0x00000000f4800000,0x00000000f4800000,0x00000000f4980000)
 ParOldGen       total 29184K, used 11916K [0x00000000d4a00000, 0x00000000d6680000, 0x00000000f1880000)
  object space 29184K, 40% used [0x00000000d4a00000,0x00000000d55a3370,0x00000000d6680000)
 PSPermGen       total 21504K, used 11866K [0x00000000cf800000, 0x00000000d0d00000, 0x00000000d4a00000)
  object space 21504K, 55% used [0x00000000cf800000,0x00000000d0396b10,0x00000000d0d00000)
}
Event: 3,889 GC heap before
{Heap before GC invocations=4 (full 0):
 PSYoungGen      total 25088K, used 24744K [0x00000000f1880000, 0x00000000f4980000, 0x0000000100000000)
  eden space 23552K, 98% used [0x00000000f1880000,0x00000000f2f2ce48,0x00000000f2f80000)
  from space 1536K, 99% used [0x00000000f2f80000,0x00000000f30fd430,0x00000000f3100000)
  to   space 1536K, 0% used [0x00000000f4800000,0x00000000f4800000,0x00000000f4980000)
 ParOldGen       total 29184K, used 11916K [0x00000000d4a00000, 0x00000000d6680000, 0x00000000f1880000)
  object space 29184K, 40% used [0x00000000d4a00000,0x00000000d55a3370,0x00000000d6680000)
 PSPermGen       total 21504K, used 11891K [0x00000000cf800000, 0x00000000d0d00000, 0x00000000d4a00000)
  object space 21504K, 55% used [0x00000000cf800000,0x00000000d039ccb0,0x00000000d0d00000)
Event: 3,907 GC heap after
Heap after GC invocations=4 (full 0):
 PSYoungGen      total 48640K, used 1514K [0x00000000f1880000, 0x00000000f4980000, 0x0000000100000000)
  eden space 47104K, 0% used [0x00000000f1880000,0x00000000f1880000,0x00000000f4680000)
  from space 1536K, 98% used [0x00000000f4800000,0x00000000f497a840,0x00000000f4980000)
  to   space 1536K, 0% used [0x00000000f4680000,0x00000000f4680000,0x00000000f4800000)
 ParOldGen       total 29184K, used 18723K [0x00000000d4a00000, 0x00000000d6680000, 0x00000000f1880000)
  object space 29184K, 64% used [0x00000000d4a00000,0x00000000d5c48ef0,0x00000000d6680000)
 PSPermGen       total 21504K, used 11891K [0x00000000cf800000, 0x00000000d0d00000, 0x00000000d4a00000)
  object space 21504K, 55% used [0x00000000cf800000,0x00000000d039ccb0,0x00000000d0d00000)
}

Deoptimization events (9 events):
Event: 0,558 Thread 0x00000000020b9000 Uncommon trap: reason=class_check action=maybe_recompile pc=0x00007fc919b3f528 method=java.util.Properties$LineReader.readLine()I @ 62
Event: 0,563 Thread 0x00000000020b9000 Uncommon trap: reason=class_check action=maybe_recompile pc=0x00007fc919b3f528 method=java.util.Properties$LineReader.readLine()I @ 62
Event: 0,563 Thread 0x00000000020b9000 Uncommon trap: reason=class_check action=maybe_recompile pc=0x00007fc919b3f528 method=java.util.Properties$LineReader.readLine()I @ 62
Event: 2,158 Thread 0x0000000001f6d000 Uncommon trap: reason=unreached action=reinterpret pc=0x00007fc919b67afc method=com.jcraft.jogg.StreamState.init(I)V @ 59
Event: 2,672 Thread 0x0000000001f6d000 Uncommon trap: reason=class_check action=maybe_recompile pc=0x00007fc919b83390 method=com.jcraft.jorbis.Mapping0.inverse(Lcom/jcraft/jorbis/Block;Ljava/lang/Object;)I @ 459
Event: 2,672 Thread 0x0000000001f6d000 Uncommon trap: reason=class_check action=maybe_recompile pc=0x00007fc919b83390 method=com.jcraft.jorbis.Mapping0.inverse(Lcom/jcraft/jorbis/Block;Ljava/lang/Object;)I @ 459
Event: 2,675 Thread 0x0000000001f6d000 Uncommon trap: reason=class_check action=maybe_recompile pc=0x00007fc919b83390 method=com.jcraft.jorbis.Mapping0.inverse(Lcom/jcraft/jorbis/Block;Ljava/lang/Object;)I @ 459
Event: 2,675 Thread 0x0000000001f6d000 Uncommon trap: reason=class_check action=maybe_recompile pc=0x00007fc919b83390 method=com.jcraft.jorbis.Mapping0.inverse(Lcom/jcraft/jorbis/Block;Ljava/lang/Object;)I @ 459
Event: 4,114 Thread 0x0000000001f6d000 Uncommon trap: reason=unloaded action=reinterpret pc=0x00007fc919b99084 method=java.io.BufferedReader.readLine(Z)Ljava/lang/String; @ 268

Internal exceptions (10 events):
Event: 3,973 Thread 0x0000000001f6d000 Threw 0x00000000f1975ee8 at /HUDSON/workspace/7u-2-build-linux-amd64@2/jdk7u51/527/hotspot/src/share/vm/prims/jvm.cpp:1244
Event: 3,973 Thread 0x0000000001f6d000 Threw 0x00000000f1978bd0 at /HUDSON/workspace/7u-2-build-linux-amd64@2/jdk7u51/527/hotspot/src/share/vm/prims/jvm.cpp:1244
Event: 3,975 Thread 0x0000000001f6d000 Threw 0x00000000f197ae78 at /HUDSON/workspace/7u-2-build-linux-amd64@2/jdk7u51/527/hotspot/src/share/vm/prims/jvm.cpp:1244
Event: 3,976 Thread 0x0000000001f6d000 Threw 0x00000000f197ea30 at /HUDSON/workspace/7u-2-build-linux-amd64@2/jdk7u51/527/hotspot/src/share/vm/prims/jvm.cpp:1244
Event: 3,977 Thread 0x0000000001f6d000 Threw 0x00000000f1980818 at /HUDSON/workspace/7u-2-build-linux-amd64@2/jdk7u51/527/hotspot/src/share/vm/prims/jvm.cpp:1244
Event: 3,978 Thread 0x0000000001f6d000 Threw 0x00000000f1985c70 at /HUDSON/workspace/7u-2-build-linux-amd64@2/jdk7u51/527/hotspot/src/share/vm/prims/jvm.cpp:1244
Event: 3,981 Thread 0x0000000001f6d000 Threw 0x00000000f1993d20 at /HUDSON/workspace/7u-2-build-linux-amd64@2/jdk7u51/527/hotspot/src/share/vm/prims/jvm.cpp:1244
Event: 4,022 Thread 0x0000000001f6d000 Threw 0x00000000f19c63c8 at /HUDSON/workspace/7u-2-build-linux-amd64@2/jdk7u51/527/hotspot/src/share/vm/prims/jvm.cpp:1244
Event: 4,314 Thread 0x0000000001f6d000 Threw 0x00000000f1b045e0 at /HUDSON/workspace/7u-2-build-linux-amd64@2/jdk7u51/527/hotspot/src/share/vm/prims/jvm.cpp:1244
Event: 4,316 Thread 0x0000000001f6d000 Threw 0x00000000f1b08168 at /HUDSON/workspace/7u-2-build-linux-amd64@2/jdk7u51/527/hotspot/src/share/vm/prims/jvm.cpp:1244

Events (10 events):
Event: 4,114 Thread 0x0000000001f6d000 DEOPT PACKING pc=0x00007fc919b99084 sp=0x00007fc91f7f14e0
Event: 4,114 Thread 0x0000000001f6d000 DEOPT UNPACKING pc=0x00007fc919af6045 sp=0x00007fc91f7f1498 mode 2
Event: 4,314 loading class 0x00007fc91015f920
Event: 4,314 loading class 0x00007fc91015f920 done
Event: 4,315 loading class 0x00000000032794c0
Event: 4,316 loading class 0x00000000032794c0 done
Event: 4,477 loading class 0x00007fc917c0bae0
Event: 4,477 loading class 0x00007fc917c0bae0 done
Event: 4,663 loading class 0x00007fc917c32d30
Event: 4,663 loading class 0x00007fc917c32d30 done


Dynamic libraries:
00400000-00401000 r-xp 00000000 08:01 8665165                            /usr/java/jdk1.7.0_51/bin/java
00600000-00601000 rw-p 00000000 08:01 8665165                            /usr/java/jdk1.7.0_51/bin/java
01f61000-0390d000 rw-p 00000000 00:00 0                                  [heap]
4054a000-405c8000 rw-p 00000000 00:00 0 
40b20000-40b22000 r-xs 00000000 08:01 7471800                            /tmp/gl71KhX5 (deleted)
cf800000-d0d00000 rw-p 00000000 00:00 0 
d0d00000-d4a00000 rw-p 00000000 00:00 0 
d4a00000-d6680000 rw-p 00000000 00:00 0 
d6680000-f1880000 rw-p 00000000 00:00 0 
f1880000-f4980000 rw-p 00000000 00:00 0 
f4980000-100000000 rw-p 00000000 00:00 0 
7fc903e0a000-7fc90420a000 rw-s 14cd6000 00:05 6413                       /dev/nvidia0
7fc90420a000-7fc90460a000 rw-s 0c51e000 00:05 6413                       /dev/nvidia0
7fc90460a000-7fc904a0a000 rw-s 0ca67000 00:05 6413                       /dev/nvidia0
7fc904a0a000-7fc904a0b000 ---p 00000000 00:00 0 
7fc904a0b000-7fc904b0b000 rw-p 00000000 00:00 0 
7fc904b0b000-7fc908b0c000 rw-s 00000000 00:11 33890                      /run/shm/pulse-shm-1087793532
7fc908b0c000-7fc908b0d000 ---p 00000000 00:00 0 
7fc908b0d000-7fc90930d000 rw-p 00000000 00:00 0 
7fc90930d000-7fc909320000 r-xp 00000000 08:01 10749060                   /lib/x86_64-linux-gnu/libresolv-2.13.so
7fc909320000-7fc90951f000 ---p 00013000 08:01 10749060                   /lib/x86_64-linux-gnu/libresolv-2.13.so
7fc90951f000-7fc909520000 r--p 00012000 08:01 10749060                   /lib/x86_64-linux-gnu/libresolv-2.13.so
7fc909520000-7fc909521000 rw-p 00013000 08:01 10749060                   /lib/x86_64-linux-gnu/libresolv-2.13.so
7fc909521000-7fc909523000 rw-p 00000000 00:00 0 
7fc909523000-7fc909529000 r-xp 00000000 08:01 8659035                    /usr/lib/x86_64-linux-gnu/libogg.so.0.8.0
7fc909529000-7fc909728000 ---p 00006000 08:01 8659035                    /usr/lib/x86_64-linux-gnu/libogg.so.0.8.0
7fc909728000-7fc909729000 rw-p 00005000 08:01 8659035                    /usr/lib/x86_64-linux-gnu/libogg.so.0.8.0
7fc909729000-7fc909755000 r-xp 00000000 08:01 8659039                    /usr/lib/x86_64-linux-gnu/libvorbis.so.0.4.5
7fc909755000-7fc909954000 ---p 0002c000 08:01 8659039                    /usr/lib/x86_64-linux-gnu/libvorbis.so.0.4.5
7fc909954000-7fc909955000 r--p 0002b000 08:01 8659039                    /usr/lib/x86_64-linux-gnu/libvorbis.so.0.4.5
7fc909955000-7fc909956000 rw-p 0002c000 08:01 8659039                    /usr/lib/x86_64-linux-gnu/libvorbis.so.0.4.5
7fc909956000-7fc909c09000 r-xp 00000000 08:01 8661037                    /usr/lib/x86_64-linux-gnu/libvorbisenc.so.2.0.8
7fc909c09000-7fc909e08000 ---p 002b3000 08:01 8661037                    /usr/lib/x86_64-linux-gnu/libvorbisenc.so.2.0.8
7fc909e08000-7fc909e24000 r--p 002b2000 08:01 8661037                    /usr/lib/x86_64-linux-gnu/libvorbisenc.so.2.0.8
7fc909e24000-7fc909e25000 rw-p 002ce000 08:01 8661037                    /usr/lib/x86_64-linux-gnu/libvorbisenc.so.2.0.8
7fc909e25000-7fc909e70000 r-xp 00000000 08:01 8661035                    /usr/lib/x86_64-linux-gnu/libFLAC.so.8.2.0
7fc909e70000-7fc90a06f000 ---p 0004b000 08:01 8661035                    /usr/lib/x86_64-linux-gnu/libFLAC.so.8.2.0
7fc90a06f000-7fc90a070000 r--p 0004a000 08:01 8661035                    /usr/lib/x86_64-linux-gnu/libFLAC.so.8.2.0
7fc90a070000-7fc90a071000 rw-p 0004b000 08:01 8661035                    /usr/lib/x86_64-linux-gnu/libFLAC.so.8.2.0
7fc90a071000-7fc90a075000 r-xp 00000000 08:01 10747973                   /lib/x86_64-linux-gnu/libuuid.so.1.3.0
7fc90a075000-7fc90a274000 ---p 00004000 08:01 10747973                   /lib/x86_64-linux-gnu/libuuid.so.1.3.0
7fc90a274000-7fc90a275000 r--p 00003000 08:01 10747973                   /lib/x86_64-linux-gnu/libuuid.so.1.3.0
7fc90a275000-7fc90a276000 rw-p 00004000 08:01 10747973                   /lib/x86_64-linux-gnu/libuuid.so.1.3.0
7fc90a276000-7fc90a27a000 r-xp 00000000 08:01 10747932                   /lib/x86_64-linux-gnu/libattr.so.1.1.0
7fc90a27a000-7fc90a479000 ---p 00004000 08:01 10747932                   /lib/x86_64-linux-gnu/libattr.so.1.1.0
7fc90a479000-7fc90a47a000 r--p 00003000 08:01 10747932                   /lib/x86_64-linux-gnu/libattr.so.1.1.0
7fc90a47a000-7fc90a47b000 rw-p 00004000 08:01 10747932                   /lib/x86_64-linux-gnu/libattr.so.1.1.0
7fc90a47b000-7fc90a480000 r-xp 00000000 08:01 8661033                    /usr/lib/x86_64-linux-gnu/libasyncns.so.0.3.1
7fc90a480000-7fc90a67f000 ---p 00005000 08:01 8661033                    /usr/lib/x86_64-linux-gnu/libasyncns.so.0.3.1
7fc90a67f000-7fc90a680000 rw-p 00004000 08:01 8661033                    /usr/lib/x86_64-linux-gnu/libasyncns.so.0.3.1
7fc90a680000-7fc90a6e1000 r-xp 00000000 08:01 8661039                    /usr/lib/x86_64-linux-gnu/libsndfile.so.1.0.25
7fc90a6e1000-7fc90a8e0000 ---p 00061000 08:01 8661039                    /usr/lib/x86_64-linux-gnu/libsndfile.so.1.0.25
7fc90a8e0000-7fc90a8e2000 r--p 00060000 08:01 8661039                    /usr/lib/x86_64-linux-gnu/libsndfile.so.1.0.25
7fc90a8e2000-7fc90a8e3000 rw-p 00062000 08:01 8661039                    /usr/lib/x86_64-linux-gnu/libsndfile.so.1.0.25
7fc90a8e3000-7fc90a8e7000 rw-p 00000000 00:00 0 
7fc90a8e7000-7fc90a8f0000 r-xp 00000000 08:01 10748412                   /lib/x86_64-linux-gnu/libwrap.so.0.7.6
7fc90a8f0000-7fc90aaef000 ---p 00009000 08:01 10748412                   /lib/x86_64-linux-gnu/libwrap.so.0.7.6
7fc90aaef000-7fc90aaf0000 r--p 00008000 08:01 10748412                   /lib/x86_64-linux-gnu/libwrap.so.0.7.6
7fc90aaf0000-7fc90aaf1000 rw-p 00009000 08:01 10748412                   /lib/x86_64-linux-gnu/libwrap.so.0.7.6
7fc90aaf1000-7fc90aaf2000 rw-p 00000000 00:00 0 
7fc90aaf2000-7fc90aaf9000 r-xp 00000000 08:01 8659581                    /usr/lib/x86_64-linux-gnu/libSM.so.6.0.1
7fc90aaf9000-7fc90acf8000 ---p 00007000 08:01 8659581                    /usr/lib/x86_64-linux-gnu/libSM.so.6.0.1
7fc90acf8000-7fc90acf9000 rw-p 00006000 08:01 8659581                    /usr/lib/x86_64-linux-gnu/libSM.so.6.0.1
7fc90acf9000-7fc90ad10000 r-xp 00000000 08:01 8659579                    /usr/lib/x86_64-linux-gnu/libICE.so.6.3.0
7fc90ad10000-7fc90af0f000 ---p 00017000 08:01 8659579                    /usr/lib/x86_64-linux-gnu/libICE.so.6.3.0
7fc90af0f000-7fc90af11000 rw-p 00016000 08:01 8659579                    /usr/lib/x86_64-linux-gnu/libICE.so.6.3.0
7fc90af11000-7fc90af14000 rw-p 00000000 00:00 0 
7fc90af14000-7fc90af15000 r-xp 00000000 08:01 8657984                    /usr/lib/x86_64-linux-gnu/libX11-xcb.so.1.0.0
7fc90af15000-7fc90b114000 ---p 00001000 08:01 8657984                    /usr/lib/x86_64-linux-gnu/libX11-xcb.so.1.0.0
7fc90b114000-7fc90b115000 rw-p 00000000 08:01 8657984                    /usr/lib/x86_64-linux-gnu/libX11-xcb.so.1.0.0
7fc90b115000-7fc90b119000 r-xp 00000000 08:01 10748393                   /lib/x86_64-linux-gnu/libcap.so.2.22
7fc90b119000-7fc90b318000 ---p 00004000 08:01 10748393                   /lib/x86_64-linux-gnu/libcap.so.2.22
7fc90b318000-7fc90b319000 rw-p 00003000 08:01 10748393                   /lib/x86_64-linux-gnu/libcap.so.2.22
7fc90b319000-7fc90b35d000 r-xp 00000000 08:01 10748416                   /lib/x86_64-linux-gnu/libdbus-1.so.3.7.2
7fc90b35d000-7fc90b55d000 ---p 00044000 08:01 10748416                   /lib/x86_64-linux-gnu/libdbus-1.so.3.7.2
7fc90b55d000-7fc90b55e000 r--p 00044000 08:01 10748416                   /lib/x86_64-linux-gnu/libdbus-1.so.3.7.2
7fc90b55e000-7fc90b55f000 rw-p 00045000 08:01 10748416                   /lib/x86_64-linux-gnu/libdbus-1.so.3.7.2
7fc90b55f000-7fc90b5c0000 r-xp 00000000 08:01 9307022                    /usr/lib/x86_64-linux-gnu/pulseaudio/libpulsecommon-2.0.so
7fc90b5c0000-7fc90b7bf000 ---p 00061000 08:01 9307022                    /usr/lib/x86_64-linux-gnu/pulseaudio/libpulsecommon-2.0.so
7fc90b7bf000-7fc90b7c0000 r--p 00060000 08:01 9307022                    /usr/lib/x86_64-linux-gnu/pulseaudio/libpulsecommon-2.0.so
7fc90b7c0000-7fc90b7c2000 rw-p 00061000 08:01 9307022                    /usr/lib/x86_64-linux-gnu/pulseaudio/libpulsecommon-2.0.so
7fc90b7c2000-7fc90b7cb000 r-xp 00000000 08:01 10748459                   /lib/x86_64-linux-gnu/libjson.so.0.1.0
7fc90b7cb000-7fc90b9ca000 ---p 00009000 08:01 10748459                   /lib/x86_64-linux-gnu/libjson.so.0.1.0
7fc90b9ca000-7fc90b9cb000 r--p 00008000 08:01 10748459                   /lib/x86_64-linux-gnu/libjson.so.0.1.0
7fc90b9cb000-7fc90b9cc000 rw-p 00009000 08:01 10748459                   /lib/x86_64-linux-gnu/libjson.so.0.1.0
7fc90b9cc000-7fc90ba15000 r-xp 00000000 08:01 8661041                    /usr/lib/x86_64-linux-gnu/libpulse.so.0.14.2
7fc90ba15000-7fc90bc14000 ---p 00049000 08:01 8661041                    /usr/lib/x86_64-linux-gnu/libpulse.so.0.14.2
7fc90bc14000-7fc90bc15000 r--p 00048000 08:01 8661041                    /usr/lib/x86_64-linux-gnu/libpulse.so.0.14.2
7fc90bc15000-7fc90bc16000 rw-p 00049000 08:01 8661041                    /usr/lib/x86_64-linux-gnu/libpulse.so.0.14.2
7fc90bc16000-7fc90be16000 rw-s 4fb49000 00:05 6413                       /dev/nvidia0
7fc90be16000-7fc90c125000 rw-p 00000000 00:00 0 
7fc90c1d1000-7fc90c1db000 r--p 00000000 08:01 8668005                    /usr/share/locale/fr/LC_MESSAGES/pulseaudio.mo
7fc90c1db000-7fc90c230000 r-xp 00000000 08:01 1185481                    /home/freemac/workspaceLWJGL/Arc2D/libopenal64.so
7fc90c230000-7fc90c42f000 ---p 00055000 08:01 1185481                    /home/freemac/workspaceLWJGL/Arc2D/libopenal64.so
7fc90c42f000-7fc90c432000 r--p 00054000 08:01 1185481                    /home/freemac/workspaceLWJGL/Arc2D/libopenal64.so
7fc90c432000-7fc90c433000 rw-p 00057000 08:01 1185481                    /home/freemac/workspaceLWJGL/Arc2D/libopenal64.so
7fc90c433000-7fc90c434000 rw-p 00000000 00:00 0 
7fc90c434000-7fc90c438000 r--s 0008a000 08:01 10227370                   /usr/java/jdk1.7.0_51/jre/lib/jsse.jar
7fc90c438000-7fc90c638000 rw-s 022e0000 00:05 6413                       /dev/nvidia0
7fc90c638000-7fc90c738000 rw-s 14d4c000 00:05 6413                       /dev/nvidia0
7fc90c738000-7fc90c778000 rw-s 0c668000 00:05 6413                       /dev/nvidia0
7fc90c798000-7fc90c836000 rw-p 00000000 00:00 0 
7fc90c836000-7fc90c853000 rw-s aac6d000 00:05 6413                       /dev/nvidia0
7fc90c853000-7fc90c9d4000 rw-s 00000000 00:04 2654214                    /SYSV00000000 (deleted)
7fc90c9d4000-7fc90ca3c000 r-xp 00000000 08:01 10228464                   /usr/java/jdk1.7.0_51/jre/lib/amd64/libt2k.so
7fc90ca3c000-7fc90cc3c000 ---p 00068000 08:01 10228464                   /usr/java/jdk1.7.0_51/jre/lib/amd64/libt2k.so
7fc90cc3c000-7fc90cc43000 rw-p 00068000 08:01 10228464                   /usr/java/jdk1.7.0_51/jre/lib/amd64/libt2k.so
7fc90cc43000-7fc90cc53000 rw-p 00000000 00:00 0 
7fc90cc53000-7fc90cc63000 r-xp 00000000 08:01 10228433                   /usr/java/jdk1.7.0_51/jre/lib/amd64/libnio.so
7fc90cc63000-7fc90ce63000 ---p 00010000 08:01 10228433                   /usr/java/jdk1.7.0_51/jre/lib/amd64/libnio.so
7fc90ce63000-7fc90ce64000 rw-p 00010000 08:01 10228433                   /usr/java/jdk1.7.0_51/jre/lib/amd64/libnio.so
7fc90ce64000-7fc90e834000 r-xp 00000000 08:01 8655791                    /usr/lib/x86_64-linux-gnu/libnvidia-glcore.so.304.88
7fc90e834000-7fc90ea33000 ---p 019d0000 08:01 8655791                    /usr/lib/x86_64-linux-gnu/libnvidia-glcore.so.304.88
7fc90ea33000-7fc90f234000 rwxp 019cf000 08:01 8655791                    /usr/lib/x86_64-linux-gnu/libnvidia-glcore.so.304.88
7fc90f234000-7fc90f24e000 rwxp 00000000 00:00 0 
7fc90f24e000-7fc90f251000 r-xp 00000000 08:01 8655789                    /usr/lib/x86_64-linux-gnu/tls/libnvidia-tls.so.304.88
7fc90f251000-7fc90f450000 ---p 00003000 08:01 8655789                    /usr/lib/x86_64-linux-gnu/tls/libnvidia-tls.so.304.88
7fc90f450000-7fc90f451000 rw-p 00002000 08:01 8655789                    /usr/lib/x86_64-linux-gnu/tls/libnvidia-tls.so.304.88
7fc90f451000-7fc90f51b000 r-xp 00000000 08:01 8655795                    /usr/lib/x86_64-linux-gnu/nvidia/current/libGL.so.304.88
7fc90f51b000-7fc90f71b000 ---p 000ca000 08:01 8655795                    /usr/lib/x86_64-linux-gnu/nvidia/current/libGL.so.304.88
7fc90f71b000-7fc90f758000 rwxp 000ca000 08:01 8655795                    /usr/lib/x86_64-linux-gnu/nvidia/current/libGL.so.304.88
7fc90f758000-7fc90f76e000 rwxp 00000000 00:00 0 
7fc90f76e000-7fc90f784000 r-xp 00000000 08:01 10228438                   /usr/java/jdk1.7.0_51/jre/lib/amd64/libnet.so
7fc90f784000-7fc90f984000 ---p 00016000 08:01 10228438                   /usr/java/jdk1.7.0_51/jre/lib/amd64/libnet.so
7fc90f984000-7fc90f985000 rw-p 00016000 08:01 10228438                   /usr/java/jdk1.7.0_51/jre/lib/amd64/libnet.so
7fc90f985000-7fc90f989000 r-xp 00000000 08:01 8657992                    /usr/lib/x86_64-linux-gnu/libXxf86vm.so.1.0.0
7fc90f989000-7fc90fb89000 ---p 00004000 08:01 8657992                    /usr/lib/x86_64-linux-gnu/libXxf86vm.so.1.0.0
7fc90fb89000-7fc90fb8a000 r--p 00004000 08:01 8657992                    /usr/lib/x86_64-linux-gnu/libXxf86vm.so.1.0.0
7fc90fb8a000-7fc90fb8b000 rw-p 00005000 08:01 8657992                    /usr/lib/x86_64-linux-gnu/libXxf86vm.so.1.0.0
7fc90fb8b000-7fc90fb92000 r-xp 00000000 08:01 8658298                    /usr/lib/x86_64-linux-gnu/libXrandr.so.2.2.0
7fc90fb92000-7fc90fd92000 ---p 00007000 08:01 8658298                    /usr/lib/x86_64-linux-gnu/libXrandr.so.2.2.0
7fc90fd92000-7fc90fd93000 rw-p 00007000 08:01 8658298                    /usr/lib/x86_64-linux-gnu/libXrandr.so.2.2.0
7fc90fd93000-7fc90fdfd000 r-xp 00000000 08:01 1185479                    /home/freemac/workspaceLWJGL/Arc2D/liblwjgl64.so
7fc90fdfd000-7fc90fffd000 ---p 0006a000 08:01 1185479                    /home/freemac/workspaceLWJGL/Arc2D/liblwjgl64.so
7fc90fffd000-7fc90ffff000 r--p 0006a000 08:01 1185479                    /home/freemac/workspaceLWJGL/Arc2D/liblwjgl64.so
7fc90ffff000-7fc910000000 rw-p 0006c000 08:01 1185479                    /home/freemac/workspaceLWJGL/Arc2D/liblwjgl64.so
7fc910000000-7fc9112b3000 rw-p 00000000 00:00 0 
7fc9112b3000-7fc914000000 ---p 00000000 00:00 0 
7fc914002000-7fc914004000 rw-p 00000000 00:00 0 
7fc914004000-7fc914006000 rw-s 00000000 08:01 7471800                    /tmp/gl71KhX5 (deleted)
7fc914006000-7fc91400a000 rw-s 4fa3d000 00:05 6413                       /dev/nvidia0
7fc91400a000-7fc914047000 rw-p 00000000 00:00 0 
7fc914047000-7fc91404a000 ---p 00000000 00:00 0 
7fc91404a000-7fc9140b1000 rw-p 00000000 00:00 0 
7fc9140b1000-7fc9140b2000 r-xp 00000000 08:01 10228489                   /usr/java/jdk1.7.0_51/jre/lib/amd64/libjawt.so
7fc9140b2000-7fc9142b1000 ---p 00001000 08:01 10228489                   /usr/java/jdk1.7.0_51/jre/lib/amd64/libjawt.so
7fc9142b1000-7fc9142b2000 rw-p 00000000 08:01 10228489                   /usr/java/jdk1.7.0_51/jre/lib/amd64/libjawt.so
7fc9142b2000-7fc9142c7000 r-xp 00000000 08:01 10747908                   /lib/x86_64-linux-gnu/libgcc_s.so.1
7fc9142c7000-7fc9144c7000 ---p 00015000 08:01 10747908                   /lib/x86_64-linux-gnu/libgcc_s.so.1
7fc9144c7000-7fc9144c8000 rw-p 00015000 08:01 10747908                   /lib/x86_64-linux-gnu/libgcc_s.so.1
7fc9144c8000-7fc91452d000 r-xp 00000000 08:01 10228434                   /usr/java/jdk1.7.0_51/jre/lib/amd64/libfontmanager.so
7fc91452d000-7fc91472c000 ---p 00065000 08:01 10228434                   /usr/java/jdk1.7.0_51/jre/lib/amd64/libfontmanager.so
7fc91472c000-7fc914730000 rw-p 00064000 08:01 10228434                   /usr/java/jdk1.7.0_51/jre/lib/amd64/libfontmanager.so
7fc914730000-7fc914741000 rw-p 00000000 00:00 0 
7fc914741000-7fc914744000 ---p 00000000 00:00 0 
7fc914744000-7fc914842000 rw-p 00000000 00:00 0 
7fc914842000-7fc914845000 ---p 00000000 00:00 0 
7fc914845000-7fc914943000 rw-p 00000000 00:00 0 
7fc914943000-7fc914946000 ---p 00000000 00:00 0 
7fc914946000-7fc914a44000 rw-p 00000000 00:00 0 
7fc914a44000-7fc914a49000 r-xp 00000000 08:01 8657962                    /usr/lib/x86_64-linux-gnu/libXfixes.so.3.1.0
7fc914a49000-7fc914c48000 ---p 00005000 08:01 8657962                    /usr/lib/x86_64-linux-gnu/libXfixes.so.3.1.0
7fc914c48000-7fc914c49000 r--p 00004000 08:01 8657962                    /usr/lib/x86_64-linux-gnu/libXfixes.so.3.1.0
7fc914c49000-7fc914c4a000 rw-p 00005000 08:01 8657962                    /usr/lib/x86_64-linux-gnu/libXfixes.so.3.1.0
7fc914c4a000-7fc914c54000 r-xp 00000000 08:01 8658286                    /usr/lib/x86_64-linux-gnu/libXcursor.so.1.0.2
7fc914c54000-7fc914e53000 ---p 0000a000 08:01 8658286                    /usr/lib/x86_64-linux-gnu/libXcursor.so.1.0.2
7fc914e53000-7fc914e54000 rw-p 00009000 08:01 8658286                    /usr/lib/x86_64-linux-gnu/libXcursor.so.1.0.2
7fc914e54000-7fc914e57000 ---p 00000000 00:00 0 
7fc914e57000-7fc914f55000 rw-p 00000000 00:00 0 
7fc914f55000-7fc914f78000 r--p 00000000 08:01 8653660                    /usr/share/locale/fr/LC_MESSAGES/libc.mo
7fc914f78000-7fc914f7d000 r-xp 00000000 08:01 8654504                    /usr/lib/x86_64-linux-gnu/libXdmcp.so.6.0.0
7fc914f7d000-7fc91517c000 ---p 00005000 08:01 8654504                    /usr/lib/x86_64-linux-gnu/libXdmcp.so.6.0.0
7fc91517c000-7fc91517d000 rw-p 00004000 08:01 8654504                    /usr/lib/x86_64-linux-gnu/libXdmcp.so.6.0.0
7fc91517d000-7fc91517f000 r-xp 00000000 08:01 8654500                    /usr/lib/x86_64-linux-gnu/libXau.so.6.0.0
7fc91517f000-7fc91537f000 ---p 00002000 08:01 8654500                    /usr/lib/x86_64-linux-gnu/libXau.so.6.0.0
7fc91537f000-7fc915380000 rw-p 00002000 08:01 8654500                    /usr/lib/x86_64-linux-gnu/libXau.so.6.0.0
7fc915380000-7fc91539f000 r-xp 00000000 08:01 8654506                    /usr/lib/x86_64-linux-gnu/libxcb.so.1.1.0
7fc91539f000-7fc91559e000 ---p 0001f000 08:01 8654506                    /usr/lib/x86_64-linux-gnu/libxcb.so.1.1.0
7fc91559e000-7fc91559f000 r--p 0001e000 08:01 8654506                    /usr/lib/x86_64-linux-gnu/libxcb.so.1.1.0
7fc91559f000-7fc9155a0000 rw-p 0001f000 08:01 8654506                    /usr/lib/x86_64-linux-gnu/libxcb.so.1.1.0
7fc9155a0000-7fc9155ae000 r-xp 00000000 08:01 8658290                    /usr/lib/x86_64-linux-gnu/libXi.so.6.1.0
7fc9155ae000-7fc9157ae000 ---p 0000e000 08:01 8658290                    /usr/lib/x86_64-linux-gnu/libXi.so.6.1.0
7fc9157ae000-7fc9157af000 rw-p 0000e000 08:01 8658290                    /usr/lib/x86_64-linux-gnu/libXi.so.6.1.0
7fc9157af000-7fc9157b4000 r-xp 00000000 08:01 8660917                    /usr/lib/x86_64-linux-gnu/libXtst.so.6.1.0
7fc9157b4000-7fc9159b3000 ---p 00005000 08:01 8660917                    /usr/lib/x86_64-linux-gnu/libXtst.so.6.1.0
7fc9159b3000-7fc9159b4000 rw-p 00004000 08:01 8660917                    /usr/lib/x86_64-linux-gnu/libXtst.so.6.1.0
7fc9159b4000-7fc9159bd000 r-xp 00000000 08:01 8656064                    /usr/lib/x86_64-linux-gnu/libXrender.so.1.3.0
7fc9159bd000-7fc915bbc000 ---p 00009000 08:01 8656064                    /usr/lib/x86_64-linux-gnu/libXrender.so.1.3.0
7fc915bbc000-7fc915bbd000 rw-p 00008000 08:01 8656064                    /usr/lib/x86_64-linux-gnu/libXrender.so.1.3.0
7fc915bbd000-7fc915cf2000 r-xp 00000000 08:01 8654511                    /usr/lib/x86_64-linux-gnu/libX11.so.6.3.0
7fc915cf2000-7fc915ef2000 ---p 00135000 08:01 8654511                    /usr/lib/x86_64-linux-gnu/libX11.so.6.3.0
7fc915ef2000-7fc915ef8000 rw-p 00135000 08:01 8654511                    /usr/lib/x86_64-linux-gnu/libX11.so.6.3.0
7fc915ef8000-7fc915f09000 r-xp 00000000 08:01 8657970                    /usr/lib/x86_64-linux-gnu/libXext.so.6.4.0
7fc915f09000-7fc916109000 ---p 00011000 08:01 8657970                    /usr/lib/x86_64-linux-gnu/libXext.so.6.4.0
7fc916109000-7fc91610a000 rw-p 00011000 08:01 8657970                    /usr/lib/x86_64-linux-gnu/libXext.so.6.4.0
7fc91610a000-7fc91610b000 rw-p 00000000 00:00 0 
7fc91610b000-7fc91610c000 rw-s e8005000 00:05 6413                       /dev/nvidia0
7fc91610c000-7fc91610d000 rw-s 2844c000 00:05 6413                       /dev/nvidia0
7fc91610d000-7fc916111000 rw-s 8ba2d000 00:05 6413                       /dev/nvidia0
7fc916111000-7fc916112000 rw-s fdc08000 00:05 6413                       /dev/nvidia0
7fc916112000-7fc916113000 rw-s fd641000 00:05 6413                       /dev/nvidia0
7fc916113000-7fc916114000 rw-s 023cc000 00:05 6413                       /dev/nvidia0
7fc916114000-7fc916115000 rw-s 7b5c6000 00:05 6413                       /dev/nvidia0
7fc916115000-7fc916117000 r--s 00015000 08:01 1185473                    /home/freemac/workspaceLWJGL/Arc2D/lib/tinylinepp.jar
7fc916117000-7fc916122000 r--s 00099000 08:01 1185472                    /home/freemac/workspaceLWJGL/Arc2D/lib/slick.jar
7fc916122000-7fc916123000 r--s 00001000 08:01 1185471                    /home/freemac/workspaceLWJGL/Arc2D/lib/slick-examples.jar
7fc916123000-7fc916124000 r--s 000b4000 08:01 1185470                    /home/freemac/workspaceLWJGL/Arc2D/lib/natives-windows.jar
7fc916124000-7fc916126000 r--s 0000d000 08:01 1185461                    /home/freemac/workspaceLWJGL/Arc2D/lib/jorbis-0.0.15.jar
7fc916126000-7fc916127000 r--s 00001000 08:01 1185460                    /home/freemac/workspaceLWJGL/Arc2D/lib/jogg-0.0.7.jar
7fc916127000-7fc916128000 r--s 00001000 08:01 1185459                    /home/freemac/workspaceLWJGL/Arc2D/lib/jnlp.jar
7fc916128000-7fc91612a000 r--s 00008000 08:01 1185457                    /home/freemac/workspaceLWJGL/Arc2D/lib/ibxm.jar
7fc91612a000-7fc91617a000 r-xp 00000000 08:01 10228476                   /usr/java/jdk1.7.0_51/jre/lib/amd64/xawt/libmawt.so
7fc91617a000-7fc91637a000 ---p 00050000 08:01 10228476                   /usr/java/jdk1.7.0_51/jre/lib/amd64/xawt/libmawt.so
7fc91637a000-7fc91637e000 rw-p 00050000 08:01 10228476                   /usr/java/jdk1.7.0_51/jre/lib/amd64/xawt/libmawt.so
7fc91637e000-7fc91637f000 rw-p 00000000 00:00 0 
7fc91637f000-7fc916421000 r-xp 00000000 08:01 10228446                   /usr/java/jdk1.7.0_51/jre/lib/amd64/libawt.so
7fc916421000-7fc916621000 ---p 000a2000 08:01 10228446                   /usr/java/jdk1.7.0_51/jre/lib/amd64/libawt.so
7fc916621000-7fc91662d000 rw-p 000a2000 08:01 10228446                   /usr/java/jdk1.7.0_51/jre/lib/amd64/libawt.so
7fc91662d000-7fc916651000 rw-p 00000000 00:00 0 
7fc916651000-7fc91665f000 r--s 000e9000 08:01 1185462                    /home/freemac/workspaceLWJGL/Arc2D/lib/lwjgl-debug.jar
7fc91665f000-7fc916663000 r--s 00027000 08:01 1185465                    /home/freemac/workspaceLWJGL/Arc2D/lib/lwjgl_util.jar
7fc916663000-7fc916664000 r--s 00008000 08:01 1185466                    /home/freemac/workspaceLWJGL/Arc2D/lib/lwjgl_util_applet.jar
7fc916664000-7fc916669000 r--s 00041000 08:01 1185464                    /home/freemac/workspaceLWJGL/Arc2D/lib/lwjgl_test.jar
7fc916669000-7fc91666e000 r--s 00030000 08:01 1185458                    /home/freemac/workspaceLWJGL/Arc2D/lib/jinput.jar
7fc91666e000-7fc916673000 r--s 0004a000 08:01 1185456                    /home/freemac/workspaceLWJGL/Arc2D/lib/asm-debug-all.jar
7fc916673000-7fc916675000 r--s 00000000 08:01 1185455                    /home/freemac/workspaceLWJGL/Arc2D/lib/AppleJavaExtensions.jar
7fc916675000-7fc916676000 ---p 00000000 00:00 0 
7fc916676000-7fc916776000 rw-p 00000000 00:00 0 
7fc916776000-7fc916779000 ---p 00000000 00:00 0 
7fc916779000-7fc916877000 rw-p 00000000 00:00 0 
7fc916877000-7fc91687a000 ---p 00000000 00:00 0 
7fc91687a000-7fc916978000 rw-p 00000000 00:00 0 
7fc916978000-7fc91697b000 ---p 00000000 00:00 0 
7fc91697b000-7fc916a79000 rw-p 00000000 00:00 0 
7fc916a79000-7fc916a7c000 ---p 00000000 00:00 0 
7fc916a7c000-7fc916b7a000 rw-p 00000000 00:00 0 
7fc916b7a000-7fc916cf1000 r--p 00000000 08:01 8653610                    /usr/lib/locale/locale-archive
7fc916cf1000-7fc916cf4000 ---p 00000000 00:00 0 
7fc916cf4000-7fc916df2000 rw-p 00000000 00:00 0 
7fc916df2000-7fc916df5000 ---p 00000000 00:00 0 
7fc916df5000-7fc916ef3000 rw-p 00000000 00:00 0 
7fc916ef3000-7fc916ef4000 ---p 00000000 00:00 0 
7fc916ef4000-7fc9179ab000 rw-p 00000000 00:00 0 
7fc9179ab000-7fc917b68000 r--s 039bf000 08:01 10228495                   /usr/java/jdk1.7.0_51/jre/lib/rt.jar
7fc917b68000-7fc919625000 rw-p 00000000 00:00 0 
7fc919625000-7fc919626000 ---p 00000000 00:00 0 
7fc919626000-7fc919726000 rw-p 00000000 00:00 0 
7fc919726000-7fc919727000 ---p 00000000 00:00 0 
7fc919727000-7fc919832000 rw-p 00000000 00:00 0 
7fc919832000-7fc919850000 rw-p 00000000 00:00 0 
7fc919850000-7fc91985f000 rw-p 00000000 00:00 0 
7fc91985f000-7fc919938000 rw-p 00000000 00:00 0 
7fc919938000-7fc919943000 rw-p 00000000 00:00 0 
7fc919943000-7fc919961000 rw-p 00000000 00:00 0 
7fc919961000-7fc919970000 rw-p 00000000 00:00 0 
7fc919970000-7fc919a48000 rw-p 00000000 00:00 0 
7fc919a48000-7fc919a61000 rw-p 00000000 00:00 0 
7fc919a61000-7fc919abc000 rw-p 00000000 00:00 0 
7fc919abc000-7fc919abd000 rw-p 00000000 00:00 0 
7fc919abd000-7fc919d2d000 rwxp 00000000 00:00 0 
7fc919d2d000-7fc91cabd000 rw-p 00000000 00:00 0 
7fc91cabd000-7fc91cad7000 r-xp 00000000 08:01 10228483                   /usr/java/jdk1.7.0_51/jre/lib/amd64/libzip.so
7fc91cad7000-7fc91ccd7000 ---p 0001a000 08:01 10228483                   /usr/java/jdk1.7.0_51/jre/lib/amd64/libzip.so
7fc91ccd7000-7fc91ccd8000 rw-p 0001a000 08:01 10228483                   /usr/java/jdk1.7.0_51/jre/lib/amd64/libzip.so
7fc91ccd8000-7fc91cce3000 r-xp 00000000 08:01 10751481                   /lib/x86_64-linux-gnu/libnss_files-2.13.so
7fc91cce3000-7fc91cee2000 ---p 0000b000 08:01 10751481                   /lib/x86_64-linux-gnu/libnss_files-2.13.so
7fc91cee2000-7fc91cee3000 r--p 0000a000 08:01 10751481                   /lib/x86_64-linux-gnu/libnss_files-2.13.so
7fc91cee3000-7fc91cee4000 rw-p 0000b000 08:01 10751481                   /lib/x86_64-linux-gnu/libnss_files-2.13.so
7fc91cee4000-7fc91ceee000 r-xp 00000000 08:01 10751477                   /lib/x86_64-linux-gnu/libnss_nis-2.13.so
7fc91ceee000-7fc91d0ed000 ---p 0000a000 08:01 10751477                   /lib/x86_64-linux-gnu/libnss_nis-2.13.so
7fc91d0ed000-7fc91d0ee000 r--p 00009000 08:01 10751477                   /lib/x86_64-linux-gnu/libnss_nis-2.13.so
7fc91d0ee000-7fc91d0ef000 rw-p 0000a000 08:01 10751477                   /lib/x86_64-linux-gnu/libnss_nis-2.13.so
7fc91d0ef000-7fc91d104000 r-xp 00000000 08:01 10751475                   /lib/x86_64-linux-gnu/libnsl-2.13.so
7fc91d104000-7fc91d303000 ---p 00015000 08:01 10751475                   /lib/x86_64-linux-gnu/libnsl-2.13.so
7fc91d303000-7fc91d304000 r--p 00014000 08:01 10751475                   /lib/x86_64-linux-gnu/libnsl-2.13.so
7fc91d304000-7fc91d305000 rw-p 00015000 08:01 10751475                   /lib/x86_64-linux-gnu/libnsl-2.13.so
7fc91d305000-7fc91d307000 rw-p 00000000 00:00 0 
7fc91d307000-7fc91d30e000 r-xp 00000000 08:01 10751470                   /lib/x86_64-linux-gnu/libnss_compat-2.13.so
7fc91d30e000-7fc91d50d000 ---p 00007000 08:01 10751470                   /lib/x86_64-linux-gnu/libnss_compat-2.13.so
7fc91d50d000-7fc91d50e000 r--p 00006000 08:01 10751470                   /lib/x86_64-linux-gnu/libnss_compat-2.13.so
7fc91d50e000-7fc91d50f000 rw-p 00007000 08:01 10751470                   /lib/x86_64-linux-gnu/libnss_compat-2.13.so
7fc91d50f000-7fc91d538000 r-xp 00000000 08:01 10228467                   /usr/java/jdk1.7.0_51/jre/lib/amd64/libjava.so
7fc91d538000-7fc91d738000 ---p 00029000 08:01 10228467                   /usr/java/jdk1.7.0_51/jre/lib/amd64/libjava.so
7fc91d738000-7fc91d73a000 rw-p 00029000 08:01 10228467                   /usr/java/jdk1.7.0_51/jre/lib/amd64/libjava.so
7fc91d73a000-7fc91d747000 r-xp 00000000 08:01 10228465                   /usr/java/jdk1.7.0_51/jre/lib/amd64/libverify.so
7fc91d747000-7fc91d946000 ---p 0000d000 08:01 10228465                   /usr/java/jdk1.7.0_51/jre/lib/amd64/libverify.so
7fc91d946000-7fc91d948000 rw-p 0000c000 08:01 10228465                   /usr/java/jdk1.7.0_51/jre/lib/amd64/libverify.so
7fc91d948000-7fc91d94f000 r-xp 00000000 08:01 10751485                   /lib/x86_64-linux-gnu/librt-2.13.so
7fc91d94f000-7fc91db4e000 ---p 00007000 08:01 10751485                   /lib/x86_64-linux-gnu/librt-2.13.so
7fc91db4e000-7fc91db4f000 r--p 00006000 08:01 10751485                   /lib/x86_64-linux-gnu/librt-2.13.so
7fc91db4f000-7fc91db50000 rw-p 00007000 08:01 10751485                   /lib/x86_64-linux-gnu/librt-2.13.so
7fc91db50000-7fc91dbd1000 r-xp 00000000 08:01 10751472                   /lib/x86_64-linux-gnu/libm-2.13.so
7fc91dbd1000-7fc91ddd0000 ---p 00081000 08:01 10751472                   /lib/x86_64-linux-gnu/libm-2.13.so
7fc91ddd0000-7fc91ddd1000 r--p 00080000 08:01 10751472                   /lib/x86_64-linux-gnu/libm-2.13.so
7fc91ddd1000-7fc91ddd2000 rw-p 00081000 08:01 10751472                   /lib/x86_64-linux-gnu/libm-2.13.so
7fc91ddd2000-7fc91e934000 r-xp 00000000 08:01 10228473                   /usr/java/jdk1.7.0_51/jre/lib/amd64/server/libjvm.so
7fc91e934000-7fc91eb34000 ---p 00b62000 08:01 10228473                   /usr/java/jdk1.7.0_51/jre/lib/amd64/server/libjvm.so
7fc91eb34000-7fc91ebf7000 rw-p 00b62000 08:01 10228473                   /usr/java/jdk1.7.0_51/jre/lib/amd64/server/libjvm.so
7fc91ebf7000-7fc91ec38000 rw-p 00000000 00:00 0 
7fc91ec38000-7fc91edba000 r-xp 00000000 08:01 10749058                   /lib/x86_64-linux-gnu/libc-2.13.so
7fc91edba000-7fc91efb9000 ---p 00182000 08:01 10749058                   /lib/x86_64-linux-gnu/libc-2.13.so
7fc91efb9000-7fc91efbd000 r--p 00181000 08:01 10749058                   /lib/x86_64-linux-gnu/libc-2.13.so
7fc91efbd000-7fc91efbe000 rw-p 00185000 08:01 10749058                   /lib/x86_64-linux-gnu/libc-2.13.so
7fc91efbe000-7fc91efc3000 rw-p 00000000 00:00 0 
7fc91efc3000-7fc91efc5000 r-xp 00000000 08:01 10751479                   /lib/x86_64-linux-gnu/libdl-2.13.so
7fc91efc5000-7fc91f1c5000 ---p 00002000 08:01 10751479                   /lib/x86_64-linux-gnu/libdl-2.13.so
7fc91f1c5000-7fc91f1c6000 r--p 00002000 08:01 10751479                   /lib/x86_64-linux-gnu/libdl-2.13.so
7fc91f1c6000-7fc91f1c7000 rw-p 00003000 08:01 10751479                   /lib/x86_64-linux-gnu/libdl-2.13.so
7fc91f1c7000-7fc91f1dd000 r-xp 00000000 08:01 9442040                    /usr/java/jdk1.7.0_51/lib/amd64/jli/libjli.so
7fc91f1dd000-7fc91f3dd000 ---p 00016000 08:01 9442040                    /usr/java/jdk1.7.0_51/lib/amd64/jli/libjli.so
7fc91f3dd000-7fc91f3de000 rw-p 00016000 08:01 9442040                    /usr/java/jdk1.7.0_51/lib/amd64/jli/libjli.so
7fc91f3de000-7fc91f3f5000 r-xp 00000000 08:01 10751483                   /lib/x86_64-linux-gnu/libpthread-2.13.so
7fc91f3f5000-7fc91f5f4000 ---p 00017000 08:01 10751483                   /lib/x86_64-linux-gnu/libpthread-2.13.so
7fc91f5f4000-7fc91f5f5000 r--p 00016000 08:01 10751483                   /lib/x86_64-linux-gnu/libpthread-2.13.so
7fc91f5f5000-7fc91f5f6000 rw-p 00017000 08:01 10751483                   /lib/x86_64-linux-gnu/libpthread-2.13.so
7fc91f5f6000-7fc91f5fa000 rw-p 00000000 00:00 0 
7fc91f5fa000-7fc91f61a000 r-xp 00000000 08:01 2625157                    /lib64/ld-2.13.so
7fc91f61a000-7fc91f61b000 rw-s fd060000 00:05 6413                       /dev/nvidia0
7fc91f61b000-7fc91f61d000 r--s 0000c000 08:01 2108608                    /home/freemac/eclipse/plugins/org.hamcrest.core_1.3.0.v201303031735.jar
7fc91f61d000-7fc91f61e000 r--s 00001000 08:01 1185467                    /home/freemac/workspaceLWJGL/Arc2D/lib/lzma.jar
7fc91f61e000-7fc91f62b000 r--s 000e6000 08:01 1185463                    /home/freemac/workspaceLWJGL/Arc2D/lib/lwjgl.jar
7fc91f62b000-7fc91f632000 r--s 00000000 08:01 8671037                    /usr/lib/x86_64-linux-gnu/gconv/gconv-modules.cache
7fc91f632000-7fc91f63c000 rw-p 00000000 00:00 0 
7fc91f63c000-7fc91f6f2000 rw-p 00000000 00:00 0 
7fc91f6f2000-7fc91f6f5000 ---p 00000000 00:00 0 
7fc91f6f5000-7fc91f7f8000 rw-p 00000000 00:00 0 
7fc91f7f8000-7fc91f7fe000 r--s 00036000 08:01 2363380                    /home/freemac/eclipse/plugins/org.junit_4.11.0.v201303080030/junit.jar
7fc91f7fe000-7fc91f80e000 rw-p 00000000 00:00 0 
7fc91f80e000-7fc91f816000 rw-s 00000000 08:01 7733266                    /tmp/hsperfdata_freemac/11511
7fc91f816000-7fc91f817000 rw-p 00000000 00:00 0 
7fc91f817000-7fc91f818000 r--p 00000000 00:00 0 
7fc91f818000-7fc91f819000 rw-p 00000000 00:00 0 
7fc91f819000-7fc91f81a000 r--p 0001f000 08:01 2625157                    /lib64/ld-2.13.so
7fc91f81a000-7fc91f81b000 rw-p 00020000 08:01 2625157                    /lib64/ld-2.13.so
7fc91f81b000-7fc91f81c000 rw-p 00000000 00:00 0 
7fff5f156000-7fff5f177000 rw-p 00000000 00:00 0                          [stack]
7fff5f1ff000-7fff5f200000 r-xp 00000000 00:00 0                          [vdso]
ffffffffff600000-ffffffffff601000 r-xp 00000000 00:00 0                  [vsyscall]

VM Arguments:
jvm_args: -Djava.library.path=/home/freemac/workspaceLWJGL/Arc2D -Dfile.encoding=UTF-8 
java_command: net.stinfoservices.helias.renaud.tempest.TempestMain
Launcher Type: SUN_STANDARD

Environment Variables:
JAVA_HOME=/usr/java/jdk1.7.0_51/
PATH=/usr/java/jdk1.7.0_51/bin:/usr/java/jdk1.7.0_51/bin:/usr/local/bin:/usr/bin:/bin:/usr/local/games:/usr/games
SHELL=/bin/bash
DISPLAY=:0

Signal Handlers:
SIGSEGV: [libjvm.so+0x993870], sa_mask[0]=0x7ffbfeff, sa_flags=0x10000004
SIGBUS: [libjvm.so+0x993870], sa_mask[0]=0x7ffbfeff, sa_flags=0x10000004
SIGFPE: [libjvm.so+0x8105b0], sa_mask[0]=0x7ffbfeff, sa_flags=0x10000004
SIGPIPE: [libjvm.so+0x8105b0], sa_mask[0]=0x7ffbfeff, sa_flags=0x10000004
SIGXFSZ: [libjvm.so+0x8105b0], sa_mask[0]=0x7ffbfeff, sa_flags=0x10000004
SIGILL: [libjvm.so+0x8105b0], sa_mask[0]=0x7ffbfeff, sa_flags=0x10000004
SIGUSR1: SIG_DFL, sa_mask[0]=0x00000000, sa_flags=0x00000000
SIGUSR2: [libjvm.so+0x811aa0], sa_mask[0]=0x00000004, sa_flags=0x10000004
SIGHUP: [libjvm.so+0x812a10], sa_mask[0]=0x7ffbfeff, sa_flags=0x10000004
SIGINT: [libjvm.so+0x812a10], sa_mask[0]=0x7ffbfeff, sa_flags=0x10000004
SIGTERM: [libjvm.so+0x812a10], sa_mask[0]=0x7ffbfeff, sa_flags=0x10000004
SIGQUIT: [libjvm.so+0x812a10], sa_mask[0]=0x7ffbfeff, sa_flags=0x10000004


---------------  S Y S T E M  ---------------

OS:7.4

uname:Linux 3.2.0-4-amd64 #1 SMP Debian 3.2.54-2 x86_64
libc:glibc 2.13 NPTL 2.13 
rlimit: STACK 8192k, CORE 0k, NPROC 22051, NOFILE 4096, AS infinity
load average:0,82 0,65 0,58

/proc/meminfo:
MemTotal:        2834704 kB
MemFree:          216284 kB
Buffers:           88612 kB
Cached:           905992 kB
SwapCached:           12 kB
Active:          1574952 kB
Inactive:         802716 kB
Active(anon):    1080684 kB
Inactive(anon):   306912 kB
Active(file):     494268 kB
Inactive(file):   495804 kB
Unevictable:           0 kB
Mlocked:               0 kB
SwapTotal:       5763068 kB
SwapFree:        5762936 kB
Dirty:               188 kB
Writeback:             0 kB
AnonPages:       1383168 kB
Mapped:           152116 kB
Shmem:              4528 kB
Slab:             149200 kB
SReclaimable:     126708 kB
SUnreclaim:        22492 kB
KernelStack:        2864 kB
PageTables:        18680 kB
NFS_Unstable:          0 kB
Bounce:                0 kB
WritebackTmp:          0 kB
CommitLimit:     7180420 kB
Committed_AS:    2782376 kB
VmallocTotal:   34359738367 kB
VmallocUsed:      120008 kB
VmallocChunk:   34359593980 kB
HardwareCorrupted:     0 kB
AnonHugePages:         0 kB
HugePages_Total:       0
HugePages_Free:        0
HugePages_Rsvd:        0
HugePages_Surp:        0
Hugepagesize:       2048 kB
DirectMap4k:      114304 kB
DirectMap2M:     2768896 kB


CPU:total 2 (2 cores per cpu, 1 threads per core) family 15 model 107 stepping 2, cmov, cx8, fxsr, mmx, sse, sse2, sse3, mmxext, 3dnowpref, tsc

/proc/cpuinfo:
processor	: 0
vendor_id	: AuthenticAMD
cpu family	: 15
model		: 107
model name	: AMD Athlon(tm) Dual Core Processor 4450e
stepping	: 2
microcode	: 0x83
cpu MHz		: 2300.000
cache size	: 512 KB
physical id	: 0
siblings	: 2
core id		: 0
cpu cores	: 2
apicid		: 0
initial apicid	: 0
fpu		: yes
fpu_exception	: yes
cpuid level	: 1
wp		: yes
flags		: fpu vme de pse tsc msr pae mce cx8 apic sep mtrr pge mca cmov pat pse36 clflush mmx fxsr sse sse2 ht syscall nx mmxext fxsr_opt rdtscp lm 3dnowext 3dnow rep_good nopl extd_apicid pni cx16 lahf_lm cmp_legacy svm extapic cr8_legacy 3dnowprefetch lbrv
bogomips	: 4600.04
TLB size	: 1024 4K pages
clflush size	: 64
cache_alignment	: 64
address sizes	: 40 bits physical, 48 bits virtual
power management: ts fid vid ttp tm stc 100mhzsteps

processor	: 1
vendor_id	: AuthenticAMD
cpu family	: 15
model		: 107
model name	: AMD Athlon(tm) Dual Core Processor 4450e
stepping	: 2
microcode	: 0x83
cpu MHz		: 2300.000
cache size	: 512 KB
physical id	: 0
siblings	: 2
core id		: 1
cpu cores	: 2
apicid		: 1
initial apicid	: 1
fpu		: yes
fpu_exception	: yes
cpuid level	: 1
wp		: yes
flags		: fpu vme de pse tsc msr pae mce cx8 apic sep mtrr pge mca cmov pat pse36 clflush mmx fxsr sse sse2 ht syscall nx mmxext fxsr_opt rdtscp lm 3dnowext 3dnow rep_good nopl extd_apicid pni cx16 lahf_lm cmp_legacy svm extapic cr8_legacy 3dnowprefetch lbrv
bogomips	: 4600.04
TLB size	: 1024 4K pages
clflush size	: 64
cache_alignment	: 64
address sizes	: 40 bits physical, 48 bits virtual
power management: ts fid vid ttp tm stc 100mhzsteps



Memory: 4k page, physical 2834704k(216284k free), swap 5763068k(5762936k free)

vm_info: Java HotSpot(TM) 64-Bit Server VM (24.51-b03) for linux-amd64 JRE (1.7.0_51-b13), built on Dec 18 2013 18:48:01 by "java_re" with gcc 4.3.0 20080428 (Red Hat 4.3.0-8)

time: Sat Apr 19 13:20:24 2014
elapsed time: 5 seconds

